Log: 2024/11/21 13:46:14 [debug] 687715#0: epoll: fd:6 ev:0001 d:0000555555653A30
LEA instruction address: 0x47561
Function: ngx_epoll_process_events
Format string: epoll: fd:%d ev:%04XD d:%p
Concrete values: {'par_1': {'fmt': '%d', 'val': '6'}, 'par_2': {'fmt': '%04XD', 'val': '0001'}, 'par_3': {'fmt': '%p', 'val': '0000555555653A30'}}

Log: 2024/11/21 13:46:14 [debug] 687715#0: accept on 0.0.0.0:8080, ready: 0
LEA instruction address: 0x3c5d5
Function: ngx_event_accept
Format string: accept on %V, ready: %d
Concrete values: {'par_1': {'fmt': '%V', 'val': '0.0.0.0:8080'}, 'par_2': {'fmt': '%d', 'val': '0'}}

Log: 2024/11/21 13:46:14 [debug] 687715#0: posix_memalign: 00005555556507A0:512 @16
LEA instruction address: 0x402e0
Function: ngx_memalign
Format string: posix_memalign: %p:%uz @%uz
Concrete values: {'par_1': {'fmt': '%p', 'val': '00005555556507A0'}, 'par_2': {'fmt': '%uz', 'val': '512'}, 'par_3': {'fmt': '%uz', 'val': '16'}}

Log: 2024/11/21 13:46:14 [debug] 687715#0: *1 event timer add: 8: 60000:1215706384
LEA instruction address: 0x2b8db
Function: ngx_clean_old_cycles
Format string: event timer add: %d: %M:%M
Concrete values: {'par_1': {'fmt': '%d', 'val': '8'}, 'par_2': {'fmt': '%M', 'val': '60000'}, 'par_3': {'fmt': '%M', 'val': '1215706384'}}

Log: 2024/11/21 13:46:14 [debug] 687715#0: *1 reusable connection: 1
LEA instruction address: 0x2af23
Function: ngx_reusable_connection
Format string: reusable connection: %ui
Concrete values: {'par_1': {'fmt': '%ui', 'val': '1'}}

Log: 2024/11/21 13:46:14 [debug] 687715#0: *1 epoll add event: fd:8 op:1 ev:80002001
LEA instruction address: 0x46bc2
Function: ngx_epoll_add_event
Format string: epoll add event: fd:%d op:%d ev:%08XD
Concrete values: {'par_1': {'fmt': '%d', 'val': '8'}, 'par_2': {'fmt': '%d', 'val': '1'}, 'par_3': {'fmt': '%08XD', 'val': '80002001'}}

Log: 2024/11/21 13:46:14 [debug] 687715#0: epoll: fd:8 ev:0001 d:0000555555653B10
LEA instruction address: 0x47561
Function: ngx_epoll_process_events
Format string: epoll: fd:%d ev:%04XD d:%p
Concrete values: {'par_1': {'fmt': '%d', 'val': '8'}, 'par_2': {'fmt': '%04XD', 'val': '0001'}, 'par_3': {'fmt': '%p', 'val': '0000555555653B10'}}

Log: 2024/11/21 13:46:14 [debug] 687715#0: *1 malloc: 0000555555646570:1024
LEA instruction address: 0x401ee
Function: ngx_alloc
Format string: malloc: %p:%uz
Concrete values: {'par_1': {'fmt': '%p', 'val': '0000555555646570'}, 'par_2': {'fmt': '%uz', 'val': '1024'}}

Log: 2024/11/21 13:46:14 [debug] 687715#0: *1 recv: eof:0, avail:-1
LEA instruction address: 0x40f9e
Function: ngx_unix_recv
Format string: recv: eof:%d, avail:%d
Concrete values: {'par_1': {'fmt': '%d', 'val': '0'}, 'par_2': {'fmt': '%d', 'val': '-1'}}

Log: 2024/11/21 13:46:14 [debug] 687715#0: *1 recv: fd:8 88 of 1024
LEA instruction address: 0x40f50
Function: ngx_unix_recv
Format string: recv: fd:%d %z of %uz
Concrete values: {'par_1': {'fmt': '%d', 'val': '8'}, 'par_2': {'fmt': '%z', 'val': '88'}, 'par_3': {'fmt': '%uz', 'val': '1024'}}

Log: 2024/11/21 13:46:14 [debug] 687715#0: *1 reusable connection: 0
LEA instruction address: 0x2af23
Function: ngx_reusable_connection
Format string: reusable connection: %ui
Concrete values: {'par_1': {'fmt': '%ui', 'val': '0'}}

Log: 2024/11/21 13:46:14 [debug] 687715#0: *1 posix_memalign: 000055555564BD70:4096 @16
LEA instruction address: 0x402e0
Function: ngx_memalign
Format string: posix_memalign: %p:%uz @%uz
Concrete values: {'par_1': {'fmt': '%p', 'val': '000055555564BD70'}, 'par_2': {'fmt': '%uz', 'val': '4096'}, 'par_3': {'fmt': '%uz', 'val': '16'}}

Log: 2024/11/21 13:46:14 [debug] 687715#0: *1 http request line: "GET /index.html HTTP/1.1"
LEA instruction address: 0x55c40
Function: ngx_http_process_request_line
Format string: http request line: "%V"
Concrete values: {'par_1': {'fmt': '%V', 'val': 'GET /index.html HTTP/1.1'}}

Log: 2024/11/21 13:46:14 [debug] 687715#0: *1 http uri: "/index.html"
LEA instruction address: 0x55169
Function: ngx_http_process_request_uri
Format string: http uri: "%V"
Concrete values: {'par_1': {'fmt': '%V', 'val': '/index.html'}}

Log: 2024/11/21 13:46:14 [debug] 687715#0: *1 http args: ""
LEA instruction address: 0x5519c
Function: ngx_http_process_request_uri
Format string: http args: "%V"
Concrete values: {'par_1': {'fmt': '%V', 'val': ''}}

Log: 2024/11/21 13:46:14 [debug] 687715#0: *1 http exten: "html"
LEA instruction address: 0x551cf
Function: ngx_http_process_request_uri
Format string: http exten: "%V"
Concrete values: {'par_1': {'fmt': '%V', 'val': 'html'}}

Log: 2024/11/21 13:46:14 [debug] 687715#0: *1 posix_memalign: 000055555564CD80:4096 @16
LEA instruction address: 0x402e0
Function: ngx_memalign
Format string: posix_memalign: %p:%uz @%uz
Concrete values: {'par_1': {'fmt': '%p', 'val': '000055555564CD80'}, 'par_2': {'fmt': '%uz', 'val': '4096'}, 'par_3': {'fmt': '%uz', 'val': '16'}}

Log: 2024/11/21 13:46:14 [debug] 687715#0: *1 http header: "Host: localhost:8080"
LEA instruction address: 0x556f2
Function: ngx_http_process_request_headers
Format string: http header: "%V: %V"
Concrete values: {'par_1': {'fmt': '%V', 'val': 'Host'}, 'par_2': {'fmt': '%V', 'val': 'localhost:8080'}}

Log: 2024/11/21 13:46:14 [debug] 687715#0: *1 http header: "User-Agent: curl/7.81.0"
LEA instruction address: 0x556f2
Function: ngx_http_process_request_headers
Format string: http header: "%V: %V"
Concrete values: {'par_1': {'fmt': '%V', 'val': 'User-Agent'}, 'par_2': {'fmt': '%V', 'val': 'curl/7.81.0'}}

Log: 2024/11/21 13:46:14 [debug] 687715#0: *1 http header: "Accept: */*"
LEA instruction address: 0x556f2
Function: ngx_http_process_request_headers
Format string: http header: "%V: %V"
Concrete values: {'par_1': {'fmt': '%V', 'val': 'Accept'}, 'par_2': {'fmt': '%V', 'val': '*/*'}}

Log: 2024/11/21 13:46:14 [debug] 687715#0: *1 event timer del: 8: 1215706384
LEA instruction address: 0x2b06c
Function: ngx_close_connection
Format string: event timer del: %d: %M
Concrete values: {'par_1': {'fmt': '%d', 'val': '8'}, 'par_2': {'fmt': '%M', 'val': '1215706384'}}

Log: 2024/11/21 13:46:14 [debug] 687715#0: *1 test location: "/"
LEA instruction address: 0x5078d
Function: ngx_http_named_location
Format string: test location: "%V"
Concrete values: {'par_1': {'fmt': '%V', 'val': '/'}}

Log: 2024/11/21 13:46:14 [debug] 687715#0: *1 using configuration "/"
LEA instruction address: 0x4f014
Function: ngx_http_core_find_config_phase
Format string: using configuration "%s%V"
Concrete values: {'par_1': {'fmt': '%s', 'val': '/'}}

Log: 2024/11/21 13:46:14 [debug] 687715#0: *1 generic phase: 1
LEA instruction address: 0x4e8dc
Function: ngx_http_core_generic_phase
Format string: generic phase: %ui
Concrete values: {'par_1': {'fmt': '%ui', 'val': '1'}}

Log: 2024/11/21 13:46:14 [debug] 687715#0: *1 generic phase: 2
LEA instruction address: 0x4e8dc
Function: ngx_http_core_generic_phase
Format string: generic phase: %ui
Concrete values: {'par_1': {'fmt': '%ui', 'val': '2'}}

Log: 2024/11/21 13:46:14 [debug] 687715#0: *1 post access phase: 5
LEA instruction address: 0x4ecd1
Function: ngx_http_core_post_access_phase
Format string: post access phase: %ui
Concrete values: {'par_1': {'fmt': '%ui', 'val': '5'}}

Log: 2024/11/21 13:46:14 [debug] 687715#0: *1 generic phase: 6
LEA instruction address: 0x4e8dc
Function: ngx_http_core_generic_phase
Format string: generic phase: %ui
Concrete values: {'par_1': {'fmt': '%ui', 'val': '6'}}

Log: 2024/11/21 13:46:14 [debug] 687715#0: *1 generic phase: 7
LEA instruction address: 0x4e8dc
Function: ngx_http_core_generic_phase
Format string: generic phase: %ui
Concrete values: {'par_1': {'fmt': '%ui', 'val': '7'}}

Log: 2024/11/21 13:46:14 [debug] 687715#0: *1 content phase: 8
LEA instruction address: 0x4fc38
Function: ngx_http_core_content_phase
Format string: content phase: %ui
Concrete values: {'par_1': {'fmt': '%ui', 'val': '8'}}

Log: 2024/11/21 13:46:14 [debug] 687715#0: *1 content phase: 9
LEA instruction address: 0x4fc38
Function: ngx_http_core_content_phase
Format string: content phase: %ui
Concrete values: {'par_1': {'fmt': '%ui', 'val': '9'}}

Log: 2024/11/21 13:46:14 [debug] 687715#0: *1 content phase: 10
LEA instruction address: 0x4fc38
Function: ngx_http_core_content_phase
Format string: content phase: %ui
Concrete values: {'par_1': {'fmt': '%ui', 'val': '10'}}

Log: 2024/11/21 13:46:14 [debug] 687715#0: *1 http filename: "/usr/local/nginx/html/index.html"
LEA instruction address: 0x7ce38
Function: ngx_http_static_handler
Format string: http filename: "%s"
Concrete values: {'par_1': {'fmt': '%s', 'val': '/usr/local/nginx/html/index.html'}}

Log: 2024/11/21 13:46:14 [debug] 687715#0: *1 add cleanup: 000055555564CC98
LEA instruction address: 0x1b848
Function: ngx_pool_cleanup_add
Format string: add cleanup: %p
Concrete values: {'par_1': {'fmt': '%p', 'val': '000055555564CC98'}}

Log: 2024/11/21 13:46:14 [debug] 687715#0: *1 http static fd: 9
LEA instruction address: 0x7d09d
Function: ngx_http_static_handler
Format string: http static fd: %d
Concrete values: {'par_1': {'fmt': '%d', 'val': '9'}}

Log: 2024/11/21 13:46:14 [debug] 687715#0: *1 http script var: "6423f7b42d700181004ab12b5c090b2a"
LEA instruction address: 0x625f5
Function: ngx_http_script_var_code
Format string: http script var: "%v"
Concrete values: {}

Log: 2024/11/21 13:46:14 [debug] 687715#0: *1 http script var: "1"
LEA instruction address: 0x625f5
Function: ngx_http_script_var_code
Format string: http script var: "%v"
Concrete values: {}

Log: 2024/11/21 13:46:14 [debug] 687715#0: *1 http script var: "1"
LEA instruction address: 0x625f5
Function: ngx_http_script_var_code
Format string: http script var: "%v"
Concrete values: {}

Log: 2024/11/21 13:46:14 [debug] 687715#0: *1 write new buf t:1 f:0 000055555564D360, pos 000055555564D360, size: 347 file: 0, size: 0
LEA instruction address: 0x71502
Function: ngx_http_write_filter
Format string: write new buf t:%d f:%d %p, pos %p, size: %z file: %O, size: %O
Concrete values: {'par_1': {'fmt': '%d', 'val': '1'}, 'par_2': {'fmt': '%d', 'val': '0'}, 'par_3': {'fmt': '%p', 'val': '000055555564D360'}, 'par_4': {'fmt': '%p', 'val': '000055555564D360'}, 'par_5': {'fmt': '%z', 'val': '347'}}

Log: 2024/11/21 13:46:14 [debug] 687715#0: *1 http write filter: l:0 f:0 s:347
LEA instruction address: 0x71817
Function: ngx_http_write_filter
Format string: http write filter: l:%ui f:%ui s:%O
Concrete values: {'par_1': {'fmt': '%ui', 'val': '0'}, 'par_2': {'fmt': '%ui', 'val': '0'}, 'par_3': {'fmt': '%O', 'val': '347'}}

Log: 2024/11/21 13:46:14 [debug] 687715#0: *1 http output filter "/index.html?"
LEA instruction address: 0x4f73b
Function: ngx_http_output_filter
Format string: http output filter "%V?%V"
Concrete values: {'par_1': {'fmt': '%V', 'val': '/index.html'}, 'par_2': {'fmt': '%V', 'val': ''}}

Log: 2024/11/21 13:46:14 [debug] 687715#0: *1 http copy filter: "/index.html?"
LEA instruction address: 0x7c5c6
Function: ngx_http_copy_filter
Format string: http copy filter: "%V?%V"
Concrete values: {'par_1': {'fmt': '%V', 'val': '/index.html'}, 'par_2': {'fmt': '%V', 'val': ''}}

Log: 2024/11/21 13:46:14 [debug] 687715#0: *1 read: 9, 000055555564D5A8, 615, 0
LEA instruction address: 0x40365
Function: ngx_read_file
Format string: read: %d, %p, %uz, %O
Concrete values: {'par_1': {'fmt': '%d', 'val': '9'}, 'par_2': {'fmt': '%p', 'val': '000055555564D5A8'}, 'par_3': {'fmt': '%uz', 'val': '615'}, 'par_4': {'fmt': '%O', 'val': '0'}}

Log: 2024/11/21 13:46:14 [debug] 687715#0: *1 http postpone filter "/index.html?" 000055555564D810
LEA instruction address: 0x743a0
Function: ngx_http_postpone_filter
Format string: http postpone filter "%V?%V" %p
Concrete values: {'par_1': {'fmt': '%V', 'val': '/index.html'}, 'par_2': {'fmt': '%V', 'val': ''}, 'par_3': {'fmt': '%p', 'val': '000055555564D810'}}

Log: 2024/11/21 13:46:14 [debug] 687715#0: *1 write old buf t:1 f:0 000055555564D360, pos 000055555564D360, size: 347 file: 0, size: 0
LEA instruction address: 0x3e3d6
Function: ngx_event_pipe_write_chain_to_temp_file
Format string: pipe buf ls:%d %p, pos %p, size: %z
Concrete values: {'par_1': {'fmt': '%d', 'val': '1'}, 'par_2': {'fmt': '%p', 'val': '000055555564D360'}, 'par_3': {'fmt': '%p', 'val': '000055555564D360'}, 'par_4': {'fmt': '%z', 'val': '347'}}

Log: 2024/11/21 13:46:14 [debug] 687715#0: *1 write new buf t:1 f:0 000055555564D5A8, pos 000055555564D5A8, size: 615 file: 0, size: 0
LEA instruction address: 0x71502
Function: ngx_http_write_filter
Format string: write new buf t:%d f:%d %p, pos %p, size: %z file: %O, size: %O
Concrete values: {'par_1': {'fmt': '%d', 'val': '1'}, 'par_2': {'fmt': '%d', 'val': '0'}, 'par_3': {'fmt': '%p', 'val': '000055555564D5A8'}, 'par_4': {'fmt': '%p', 'val': '000055555564D5A8'}, 'par_5': {'fmt': '%z', 'val': '615'}}

Log: 2024/11/21 13:46:14 [debug] 687715#0: *1 http write filter: l:1 f:0 s:962
LEA instruction address: 0x71817
Function: ngx_http_write_filter
Format string: http write filter: l:%ui f:%ui s:%O
Concrete values: {'par_1': {'fmt': '%ui', 'val': '1'}, 'par_2': {'fmt': '%ui', 'val': '0'}, 'par_3': {'fmt': '%O', 'val': '962'}}

Log: 2024/11/21 13:46:14 [debug] 687715#0: *1 http write filter limit 2097152
LEA instruction address: 0x71c0d
Function: ngx_http_write_filter
Format string: http write filter %p
Concrete values: {}

Log: 2024/11/21 13:46:14 [debug] 687715#0: *1 writev: 962 of 962
LEA instruction address: 0x405e0
Function: ngx_write_chain_to_file
Format string: writev: %d, %uz, %O
Concrete values: {'par_1': {'fmt': '%d', 'val': '962'}, 'par_2': {'fmt': '%uz', 'val': '962'}}

Log: 2024/11/21 13:46:14 [debug] 687715#0: *1 http write filter 0000000000000000
LEA instruction address: 0x71c0d
Function: ngx_http_write_filter
Format string: http write filter %p
Concrete values: {'par_1': {'fmt': '%p', 'val': '0000000000000000'}}

Log: 2024/11/21 13:46:14 [debug] 687715#0: *1 http finalize request: 0, "/index.html?" a:1, c:1
LEA instruction address: 0x3703d
Function: ngx_close_cached_file
Format string: close cached open file: %s, fd:%d, c:%d, u:%d, %d
Concrete values: {'par_1': {'fmt': '%s', 'val': '/index.html?'}, 'par_2': {'fmt': '%d', 'val': '0'}, 'par_3': {'fmt': '%d', 'val': '1'}, 'par_4': {'fmt': '%d', 'val': '1'}}

Log: 2024/11/21 13:46:14 [debug] 687715#0: event timer add: 1432023124: 1000:1215647384
LEA instruction address: 0x2b8db
Function: ngx_clean_old_cycles
Format string: event timer add: %d: %M:%M
Concrete values: {'par_1': {'fmt': '%d', 'val': '1432023124'}, 'par_2': {'fmt': '%M', 'val': '1000'}, 'par_3': {'fmt': '%M', 'val': '1215647384'}}

Log: 2024/11/21 13:46:14 [debug] 687715#0: *1 run cleanup: 000055555564CC98
LEA instruction address: 0x1b4a9
Function: ngx_destroy_pool
Format string: run cleanup: %p
Concrete values: {'par_1': {'fmt': '%p', 'val': '000055555564CC98'}}

Log: 2024/11/21 13:46:14 [debug] 687715#0: *1 file cleanup: fd:9
LEA instruction address: 0x1b30e
Function: ngx_pool_cleanup_file
Format string: file cleanup: fd:%d
Concrete values: {'par_1': {'fmt': '%d', 'val': '9'}}

Log: 2024/11/21 13:46:14 [debug] 687715#0: *1 free: 000055555564BD70, unused: 1
LEA instruction address: 0x1b536
Function: ngx_destroy_pool
Format string: free: %p, unused: %uz
Concrete values: {'par_1': {'fmt': '%p', 'val': '000055555564BD70'}, 'par_2': {'fmt': '%uz', 'val': '1'}}

Log: 2024/11/21 13:46:14 [debug] 687715#0: *1 free: 000055555564CD80, unused: 1160
LEA instruction address: 0x1b536
Function: ngx_destroy_pool
Format string: free: %p, unused: %uz
Concrete values: {'par_1': {'fmt': '%p', 'val': '000055555564CD80'}, 'par_2': {'fmt': '%uz', 'val': '1160'}}

Log: 2024/11/21 13:46:14 [debug] 687715#0: *1 free: 0000555555646570
LEA instruction address: 0x1b536
Function: ngx_destroy_pool
Format string: free: %p, unused: %uz
Concrete values: {}

Log: 2024/11/21 13:46:14 [debug] 687715#0: *1 hc free: 0000000000000000
LEA instruction address: 0x541c2
Function: ngx_http_finalize_connection
Format string: hc free: %p
Concrete values: {'par_1': {'fmt': '%p', 'val': '0000000000000000'}}

Log: 2024/11/21 13:46:14 [debug] 687715#0: *1 hc busy: 0000000000000000 0
LEA instruction address: 0x541f7
Function: ngx_http_finalize_connection
Format string: hc busy: %p %i
Concrete values: {'par_1': {'fmt': '%p', 'val': '0000000000000000'}, 'par_2': {'fmt': '%i', 'val': '0'}}

Log: 2024/11/21 13:46:14 [debug] 687715#0: *1 reusable connection: 1
LEA instruction address: 0x2af23
Function: ngx_reusable_connection
Format string: reusable connection: %ui
Concrete values: {'par_1': {'fmt': '%ui', 'val': '1'}}

Log: 2024/11/21 13:46:14 [debug] 687715#0: *1 event timer add: 8: 75000:1215721384
LEA instruction address: 0x2b8db
Function: ngx_clean_old_cycles
Format string: event timer add: %d: %M:%M
Concrete values: {'par_1': {'fmt': '%d', 'val': '8'}, 'par_2': {'fmt': '%M', 'val': '75000'}, 'par_3': {'fmt': '%M', 'val': '1215721384'}}

Log: 2024/11/21 13:46:14 [debug] 687715#0: epoll: fd:8 ev:2001 d:0000555555653B10
LEA instruction address: 0x47561
Function: ngx_epoll_process_events
Format string: epoll: fd:%d ev:%04XD d:%p
Concrete values: {'par_1': {'fmt': '%d', 'val': '8'}, 'par_2': {'fmt': '%04XD', 'val': '2001'}, 'par_3': {'fmt': '%p', 'val': '0000555555653B10'}}

Log: 2024/11/21 13:46:14 [debug] 687715#0: *1 malloc: 0000555555646570:1024
LEA instruction address: 0x401ee
Function: ngx_alloc
Format string: malloc: %p:%uz
Concrete values: {'par_1': {'fmt': '%p', 'val': '0000555555646570'}, 'par_2': {'fmt': '%uz', 'val': '1024'}}

Log: 2024/11/21 13:46:14 [debug] 687715#0: *1 recv: eof:1, avail:-1
LEA instruction address: 0x40f9e
Function: ngx_unix_recv
Format string: recv: eof:%d, avail:%d
Concrete values: {'par_1': {'fmt': '%d', 'val': '1'}, 'par_2': {'fmt': '%d', 'val': '-1'}}

Log: 2024/11/21 13:46:14 [debug] 687715#0: *1 recv: fd:8 0 of 1024
LEA instruction address: 0x40f50
Function: ngx_unix_recv
Format string: recv: fd:%d %z of %uz
Concrete values: {'par_1': {'fmt': '%d', 'val': '8'}, 'par_2': {'fmt': '%z', 'val': '0'}, 'par_3': {'fmt': '%uz', 'val': '1024'}}

Log: 2024/11/21 13:46:14 [info] 687715#0: *1 client 127.0.0.1 closed keepalive connection
LEA instruction address: 0x569db
Function: ngx_http_keepalive_handler
Format string: client %V closed keepalive connection
Concrete values: {'par_1': {'fmt': '%V', 'val': '127.0.0.1'}}

Log: 2024/11/21 13:46:14 [debug] 687715#0: *1 close http connection: 8
LEA instruction address: 0x52c8e
Function: ngx_http_close_connection
Format string: close http connection: %d
Concrete values: {'par_1': {'fmt': '%d', 'val': '8'}}

Log: 2024/11/21 13:46:14 [debug] 687715#0: *1 event timer del: 8: 1215721384
LEA instruction address: 0x2b06c
Function: ngx_close_connection
Format string: event timer del: %d: %M
Concrete values: {'par_1': {'fmt': '%d', 'val': '8'}, 'par_2': {'fmt': '%M', 'val': '1215721384'}}

Log: 2024/11/21 13:46:14 [debug] 687715#0: *1 reusable connection: 0
LEA instruction address: 0x2af23
Function: ngx_reusable_connection
Format string: reusable connection: %ui
Concrete values: {'par_1': {'fmt': '%ui', 'val': '0'}}

Log: 2024/11/21 13:46:14 [debug] 687715#0: *1 free: 0000555555646570
LEA instruction address: 0x1b536
Function: ngx_destroy_pool
Format string: free: %p, unused: %uz
Concrete values: {}

Log: 2024/11/21 13:46:14 [debug] 687715#0: *1 free: 00005555556507A0, unused: 136
LEA instruction address: 0x1b536
Function: ngx_destroy_pool
Format string: free: %p, unused: %uz
Concrete values: {'par_1': {'fmt': '%p', 'val': '00005555556507A0'}, 'par_2': {'fmt': '%uz', 'val': '136'}}

Log: 2024/11/21 13:46:15 [debug] 687715#0: event timer del: 1432023124: 1215647384
LEA instruction address: 0x2b06c
Function: ngx_close_connection
Format string: event timer del: %d: %M
Concrete values: {'par_1': {'fmt': '%d', 'val': '1432023124'}, 'par_2': {'fmt': '%M', 'val': '1215647384'}}
