execve("./grep-3.11/src/grep", ["./grep-3.11/src/grep", "-E", "^([A-Za-z]+( [A-Za-z]+)*) - \\[(E"..., "testfile.txt"], 0x7ffeda1f53a8 /* 33 vars */) = 0
arch_prctl(0x3001 /* ARCH_??? */, 0x7ffe5727d8c0) = -1 EINVAL (Invalid argument)
brk(NULL)                               = 0x184b000
brk(0x184be00)                          = 0x184be00
arch_prctl(ARCH_SET_FS, 0x184b400)      = 0
set_tid_address(0x184b6d0)              = 655966
set_robust_list(0x184b6e0, 24)          = 0
rseq(0x184bda0, 0x20, 0, 0x53053053)    = 0
uname({sysname="Linux", nodename="llmarine", ...}) = 0
prlimit64(0, RLIMIT_STACK, NULL, {rlim_cur=8192*1024, rlim_max=RLIM64_INFINITY}) = 0
readlink("/proc/self/exe", "/home/dinko/exec-proj/grep/grep-"..., 4096) = 45
getrandom("\xa2\xcb\xe3\x21\x82\x63\xd5\xe0", 8, GRND_NONBLOCK) = 8
brk(0x186ce00)                          = 0x186ce00
brk(0x186d000)                          = 0x186d000
mprotect(0x510000, 20480, PROT_READ)    = 0
openat(AT_FDCWD, "/usr/lib/locale/locale-archive", O_RDONLY|O_CLOEXEC) = 3
newfstatat(3, "", {st_mode=S_IFREG|0644, st_size=5712208, ...}, AT_EMPTY_PATH) = 0
mmap(NULL, 5712208, PROT_READ, MAP_PRIVATE, 3, 0) = 0x706716600000
close(3)                                = 0
openat(AT_FDCWD, "/usr/lib/x86_64-linux-gnu/gconv/gconv-modules.cache", O_RDONLY) = 3
newfstatat(3, "", {st_mode=S_IFREG|0644, st_size=27002, ...}, AT_EMPTY_PATH) = 0
mmap(NULL, 27002, PROT_READ, MAP_SHARED, 3, 0) = 0x706716c46000
close(3)                                = 0
futex(0x52d594, FUTEX_WAKE_PRIVATE, 2147483647) = 0
openat(AT_FDCWD, "/usr/share/locale/locale.alias", O_RDONLY|O_CLOEXEC) = 3
newfstatat(3, "", {st_mode=S_IFREG|0644, st_size=2996, ...}, AT_EMPTY_PATH) = 0
read(3, "# Locale name alias data base.\n#"..., 4096) = 2996
read(3, "", 4096)                       = 0
close(3)                                = 0
openat(AT_FDCWD, "/usr/local/share/locale/en_US.UTF-8/LC_MESSAGES/grep.mo", O_RDONLY) = -1 ENOENT (No such file or directory)
openat(AT_FDCWD, "/usr/local/share/locale/en_US.utf8/LC_MESSAGES/grep.mo", O_RDONLY) = -1 ENOENT (No such file or directory)
openat(AT_FDCWD, "/usr/local/share/locale/en_US/LC_MESSAGES/grep.mo", O_RDONLY) = -1 ENOENT (No such file or directory)
openat(AT_FDCWD, "/usr/local/share/locale/en.UTF-8/LC_MESSAGES/grep.mo", O_RDONLY) = -1 ENOENT (No such file or directory)
openat(AT_FDCWD, "/usr/local/share/locale/en.utf8/LC_MESSAGES/grep.mo", O_RDONLY) = -1 ENOENT (No such file or directory)
openat(AT_FDCWD, "/usr/local/share/locale/en/LC_MESSAGES/grep.mo", O_RDONLY) = -1 ENOENT (No such file or directory)
openat(AT_FDCWD, "/usr/share/locale-langpack/en_US.UTF-8/LC_MESSAGES/grep.mo", O_RDONLY) = -1 ENOENT (No such file or directory)
openat(AT_FDCWD, "/usr/share/locale-langpack/en_US.utf8/LC_MESSAGES/grep.mo", O_RDONLY) = -1 ENOENT (No such file or directory)
openat(AT_FDCWD, "/usr/share/locale-langpack/en_US/LC_MESSAGES/grep.mo", O_RDONLY) = -1 ENOENT (No such file or directory)
openat(AT_FDCWD, "/usr/share/locale-langpack/en.UTF-8/LC_MESSAGES/grep.mo", O_RDONLY) = -1 ENOENT (No such file or directory)
openat(AT_FDCWD, "/usr/share/locale-langpack/en.utf8/LC_MESSAGES/grep.mo", O_RDONLY) = -1 ENOENT (No such file or directory)
openat(AT_FDCWD, "/usr/share/locale-langpack/en/LC_MESSAGES/grep.mo", O_RDONLY) = -1 ENOENT (No such file or directory)
openat(AT_FDCWD, "/proc/self/maps", O_RDONLY) = 3
mmap(NULL, 8192, PROT_READ|PROT_WRITE, MAP_PRIVATE|MAP_ANONYMOUS, -1, 0) = 0x706716c44000
lseek(3, 0, SEEK_SET)                   = 0
read(3, "00400000-00401000 r--p 00000000 "..., 8192) = 1319
read(3, "", 6873)                       = 0
close(3)                                = 0
munmap(0x706716c44000, 8192)            = 0
sigaltstack({ss_sp=0x517dc0, ss_flags=0, ss_size=65536}, NULL) = 0
rt_sigaction(SIGSEGV, {sa_handler=0x420b95, sa_mask=[HUP INT QUIT USR1 USR2 PIPE ALRM TERM CHLD URG XCPU XFSZ VTALRM PROF WINCH IO PWR], sa_flags=SA_RESTORER|SA_ONSTACK|SA_SIGINFO, sa_restorer=0x42fd90}, NULL, 8) = 0
rt_sigaction(SIGSEGV, {sa_handler=0x420b95, sa_mask=[HUP INT QUIT USR1 USR2 PIPE ALRM TERM CHLD URG XCPU XFSZ VTALRM PROF WINCH IO PWR], sa_flags=SA_RESTORER|SA_ONSTACK|SA_SIGINFO, sa_restorer=0x42fd90}, NULL, 8) = 0
newfstatat(1, "", {st_mode=S_IFCHR|0620, st_rdev=makedev(0x88, 0x1b), ...}, AT_EMPTY_PATH) = 0
newfstatat(AT_FDCWD, "/dev/null", {st_mode=S_IFCHR|0666, st_rdev=makedev(0x1, 0x3), ...}, 0) = 0
brk(0x189a000)                          = 0x189a000
openat(AT_FDCWD, "testfile.txt", O_RDONLY|O_NOCTTY) = 3
newfstatat(3, "", {st_mode=S_IFREG|0664, st_size=299, ...}, AT_EMPTY_PATH) = 0
read(3, "John Doe - [ERROR] 2023-09-15 <j"..., 98304) = 299
brk(0x18bb000)                          = 0x18bb000
newfstatat(1, "", {st_mode=S_IFCHR|0620, st_rdev=makedev(0x88, 0x1b), ...}, AT_EMPTY_PATH) = 0
write(1, "John Doe - [ERROR] 2023-09-15 <j"..., 53) = 53
write(1, "Jane Smith - [INFO] 2023-09-16 <"..., 55) = 55
write(1, "Alice - [WARN] 2023-09-17 <alice"..., 46) = 46
write(1, "Charlie Brown - [ERROR] 2023-09-"..., 63) = 63
read(3, "", 98304)                      = 0
close(3)                                = 0
close(1)                                = 0
close(2)                                = 0
exit_group(0)                           = ?
+++ exited with 0 +++
