grep   30245 [034] 66723.467686:                  syscalls:sys_enter_openat: dfd: 0xffffff9c, filename: 0x004e0740, flags: 0x00080000, mode: 0x00000000
	          49323c __open64_nocancel+0x4c (/home/dinko/exec-proj/grep/grep-3.11/src/grep)
	          428000 _nl_find_locale+0x100 (/home/dinko/exec-proj/grep/grep-3.11/src/grep)
	          42796e setlocale+0x36e (/home/dinko/exec-proj/grep/grep-3.11/src/grep)

grep   30245 [034] 66723.467703:              syscalls:sys_enter_newfstatat: dfd: 0x00000003, filename: 0x004f6325, statbuf: 0x00528900, flag: 0x00001000
	          4922ee __GI___fstatat+0xe (/home/dinko/exec-proj/grep/grep-3.11/src/grep)
	          428000 _nl_find_locale+0x100 (/home/dinko/exec-proj/grep/grep-3.11/src/grep)
	          42796e setlocale+0x36e (/home/dinko/exec-proj/grep/grep-3.11/src/grep)

grep   30245 [034] 66723.467708:                    syscalls:sys_enter_mmap: addr: 0x00000000, len: 0x00572950, prot: 0x00000001, flags: 0x00000002, fd: 0x00000003, off: 0x00000000
	          493597 __mmap64+0x17 (/home/dinko/exec-proj/grep/grep-3.11/src/grep)
	          428000 _nl_find_locale+0x100 (/home/dinko/exec-proj/grep/grep-3.11/src/grep)
	          42796e setlocale+0x36e (/home/dinko/exec-proj/grep/grep-3.11/src/grep)

grep   30245 [034] 66723.469642:                   syscalls:sys_enter_close: fd: 0x00000003
	          49308b __close_nocancel+0xb (/home/dinko/exec-proj/grep/grep-3.11/src/grep)
	          428000 _nl_find_locale+0x100 (/home/dinko/exec-proj/grep/grep-3.11/src/grep)
	          42796e setlocale+0x36e (/home/dinko/exec-proj/grep/grep-3.11/src/grep)

grep   30245 [034] 66723.469704:                  syscalls:sys_enter_openat: dfd: 0xffffff9c, filename: 0x004e8340, flags: 0x00000000, mode: 0x00000000
	          49323c __open64_nocancel+0x4c (/home/dinko/exec-proj/grep/grep-3.11/src/grep)
	               0 [unknown] ([unknown])

grep   30245 [034] 66723.469716:              syscalls:sys_enter_newfstatat: dfd: 0x00000003, filename: 0x004f6325, statbuf: 0x7fffffffd4b0, flag: 0x00001000
	          4922ee __GI___fstatat+0xe (/home/dinko/exec-proj/grep/grep-3.11/src/grep)

grep   30245 [034] 66723.469720:                    syscalls:sys_enter_mmap: addr: 0x00000000, len: 0x0000697a, prot: 0x00000001, flags: 0x00000001, fd: 0x00000003, off: 0x00000000
	          493597 __mmap64+0x17 (/home/dinko/exec-proj/grep/grep-3.11/src/grep)

grep   30245 [034] 66723.471298:                   syscalls:sys_enter_close: fd: 0x00000003
	          49308b __close_nocancel+0xb (/home/dinko/exec-proj/grep/grep-3.11/src/grep)

grep   30245 [034] 66723.471308:                   syscalls:sys_enter_futex: uaddr: 0x0052d594, op: 0x00000081, val: 0x7fffffff, utime: 0x00000000, uaddr2: 0x00000000, val3: 0x00000000
	          4b64d0 __pthread_once_slow+0x110 (/home/dinko/exec-proj/grep/grep-3.11/src/grep)
	    697a00000000 [unknown] ([unknown])

grep   30245 [034] 66723.471350:                  syscalls:sys_enter_openat: dfd: 0xffffff9c, filename: 0x7fffffffd480, flags: 0x00080000, mode: 0x00000000
	          49323c __open64_nocancel+0x4c (/home/dinko/exec-proj/grep/grep-3.11/src/grep)

grep   30245 [034] 66723.471365:              syscalls:sys_enter_newfstatat: dfd: 0x00000003, filename: 0x004f6325, statbuf: 0x7fffffffd2c0, flag: 0x00001000
	          4922ee __GI___fstatat+0xe (/home/dinko/exec-proj/grep/grep-3.11/src/grep)
	               0 [unknown] ([unknown])

grep   30245 [034] 66723.471375:                    syscalls:sys_enter_read: fd: 0x00000003, buf: 0x00530da0, count: 0x00001000
	          4932a8 __read_nocancel+0x8 (/home/dinko/exec-proj/grep/grep-3.11/src/grep)
	               0 [unknown] ([unknown])

grep   30245 [034] 66723.471393:                    syscalls:sys_enter_read: fd: 0x00000003, buf: 0x00530da0, count: 0x00001000
	          4932a8 __read_nocancel+0x8 (/home/dinko/exec-proj/grep/grep-3.11/src/grep)
	               0 [unknown] ([unknown])

grep   30245 [034] 66723.471396:                   syscalls:sys_enter_close: fd: 0x00000003
	          49308b __close_nocancel+0xb (/home/dinko/exec-proj/grep/grep-3.11/src/grep)

grep   30245 [034] 66723.471431:                  syscalls:sys_enter_openat: dfd: 0xffffff9c, filename: 0x00530b80, flags: 0x00000000, mode: 0x00000000
	          49323c __open64_nocancel+0x4c (/home/dinko/exec-proj/grep/grep-3.11/src/grep)
	          528010 [unknown] ([unknown])
	          528010 [unknown] ([unknown])
	          528010 [unknown] ([unknown])
	          528010 [unknown] ([unknown])
	          528010 [unknown] ([unknown])
	          528010 [unknown] ([unknown])
	          528010 [unknown] ([unknown])
	          528010 [unknown] ([unknown])
	          528010 [unknown] ([unknown])
	          528010 [unknown] ([unknown])
	          528010 [unknown] ([unknown])
	          528010 [unknown] ([unknown])
	          528010 [unknown] ([unknown])
	          528010 [unknown] ([unknown])
	          528010 [unknown] ([unknown])
	          528010 [unknown] ([unknown])
	          528010 [unknown] ([unknown])
	          528010 [unknown] ([unknown])
	          528010 [unknown] ([unknown])
	          528010 [unknown] ([unknown])
	          528010 [unknown] ([unknown])
	          528010 [unknown] ([unknown])
	          528010 [unknown] ([unknown])
	          528010 [unknown] ([unknown])
	          528010 [unknown] ([unknown])
	          528010 [unknown] ([unknown])
	          528010 [unknown] ([unknown])
	          528010 [unknown] ([unknown])
	          528010 [unknown] ([unknown])
	          528010 [unknown] ([unknown])
	          528010 [unknown] ([unknown])
	          528010 [unknown] ([unknown])
	          528010 [unknown] ([unknown])
	          528010 [unknown] ([unknown])
	          528010 [unknown] ([unknown])
	          528010 [unknown] ([unknown])
	          528010 [unknown] ([unknown])
	          528010 [unknown] ([unknown])
	          528010 [unknown] ([unknown])
	          528010 [unknown] ([unknown])
	          528010 [unknown] ([unknown])
	          528010 [unknown] ([unknown])
	          528010 [unknown] ([unknown])
	          528010 [unknown] ([unknown])
	          528010 [unknown] ([unknown])
	          528010 [unknown] ([unknown])
	          528010 [unknown] ([unknown])
	          528010 [unknown] ([unknown])
	          528010 [unknown] ([unknown])
	          528010 [unknown] ([unknown])
	          528010 [unknown] ([unknown])
	          528010 [unknown] ([unknown])
	          528010 [unknown] ([unknown])
	          528010 [unknown] ([unknown])
	          528010 [unknown] ([unknown])
	          528010 [unknown] ([unknown])
	          528010 [unknown] ([unknown])
	          528010 [unknown] ([unknown])
	          528010 [unknown] ([unknown])
	          528010 [unknown] ([unknown])
	          528010 [unknown] ([unknown])
	          528010 [unknown] ([unknown])
	          528010 [unknown] ([unknown])
	          528010 [unknown] ([unknown])
	          528010 [unknown] ([unknown])
	          528010 [unknown] ([unknown])
	          528010 [unknown] ([unknown])
	          528010 [unknown] ([unknown])
	          528010 [unknown] ([unknown])
	          528010 [unknown] ([unknown])
	          528010 [unknown] ([unknown])
	          528010 [unknown] ([unknown])
	          528010 [unknown] ([unknown])
	          528010 [unknown] ([unknown])
	          528010 [unknown] ([unknown])
	          528010 [unknown] ([unknown])
	          528010 [unknown] ([unknown])
	          528010 [unknown] ([unknown])
	          528010 [unknown] ([unknown])
	          528010 [unknown] ([unknown])
	          528010 [unknown] ([unknown])
	          528010 [unknown] ([unknown])
	          528010 [unknown] ([unknown])
	          528010 [unknown] ([unknown])
	          528010 [unknown] ([unknown])
	          528010 [unknown] ([unknown])
	          528010 [unknown] ([unknown])
	          528010 [unknown] ([unknown])
	          528010 [unknown] ([unknown])
	          528010 [unknown] ([unknown])
	          528010 [unknown] ([unknown])
	          528010 [unknown] ([unknown])
	          528010 [unknown] ([unknown])
	          528010 [unknown] ([unknown])
	          528010 [unknown] ([unknown])
	          528010 [unknown] ([unknown])
	          528010 [unknown] ([unknown])
	          528010 [unknown] ([unknown])
	          528010 [unknown] ([unknown])
	          528010 [unknown] ([unknown])
	          528010 [unknown] ([unknown])
	          528010 [unknown] ([unknown])
	          528010 [unknown] ([unknown])
	          528010 [unknown] ([unknown])
	          528010 [unknown] ([unknown])
	          528010 [unknown] ([unknown])
	          528010 [unknown] ([unknown])
	          528010 [unknown] ([unknown])
	          528010 [unknown] ([unknown])
	          528010 [unknown] ([unknown])
	          528010 [unknown] ([unknown])
	          528010 [unknown] ([unknown])
	          528010 [unknown] ([unknown])
	          528010 [unknown] ([unknown])
	          528010 [unknown] ([unknown])
	          528010 [unknown] ([unknown])
	          528010 [unknown] ([unknown])
	          528010 [unknown] ([unknown])
	          528010 [unknown] ([unknown])
	          528010 [unknown] ([unknown])
	          528010 [unknown] ([unknown])
	          528010 [unknown] ([unknown])
	          528010 [unknown] ([unknown])
	          528010 [unknown] ([unknown])
	          528010 [unknown] ([unknown])
	          528010 [unknown] ([unknown])

grep   30245 [034] 66723.471440:                  syscalls:sys_enter_openat: dfd: 0xffffff9c, filename: 0x00531270, flags: 0x00000000, mode: 0x00000000
	          49323c __open64_nocancel+0x4c (/home/dinko/exec-proj/grep/grep-3.11/src/grep)
	          528010 [unknown] ([unknown])
	          528010 [unknown] ([unknown])
	          528010 [unknown] ([unknown])
	          528010 [unknown] ([unknown])
	          528010 [unknown] ([unknown])
	          528010 [unknown] ([unknown])
	          528010 [unknown] ([unknown])
	          528010 [unknown] ([unknown])
	          528010 [unknown] ([unknown])
	          528010 [unknown] ([unknown])
	          528010 [unknown] ([unknown])
	          528010 [unknown] ([unknown])
	          528010 [unknown] ([unknown])
	          528010 [unknown] ([unknown])
	          528010 [unknown] ([unknown])
	          528010 [unknown] ([unknown])
	          528010 [unknown] ([unknown])
	          528010 [unknown] ([unknown])
	          528010 [unknown] ([unknown])
	          528010 [unknown] ([unknown])
	          528010 [unknown] ([unknown])
	          528010 [unknown] ([unknown])
	          528010 [unknown] ([unknown])
	          528010 [unknown] ([unknown])
	          528010 [unknown] ([unknown])
	          528010 [unknown] ([unknown])
	          528010 [unknown] ([unknown])
	          528010 [unknown] ([unknown])
	          528010 [unknown] ([unknown])
	          528010 [unknown] ([unknown])
	          528010 [unknown] ([unknown])
	          528010 [unknown] ([unknown])
	          528010 [unknown] ([unknown])
	          528010 [unknown] ([unknown])
	          528010 [unknown] ([unknown])
	          528010 [unknown] ([unknown])
	          528010 [unknown] ([unknown])
	          528010 [unknown] ([unknown])
	          528010 [unknown] ([unknown])
	          528010 [unknown] ([unknown])
	          528010 [unknown] ([unknown])
	          528010 [unknown] ([unknown])
	          528010 [unknown] ([unknown])
	          528010 [unknown] ([unknown])
	          528010 [unknown] ([unknown])
	          528010 [unknown] ([unknown])
	          528010 [unknown] ([unknown])
	          528010 [unknown] ([unknown])
	          528010 [unknown] ([unknown])
	          528010 [unknown] ([unknown])
	          528010 [unknown] ([unknown])
	          528010 [unknown] ([unknown])
	          528010 [unknown] ([unknown])
	          528010 [unknown] ([unknown])
	          528010 [unknown] ([unknown])
	          528010 [unknown] ([unknown])
	          528010 [unknown] ([unknown])
	          528010 [unknown] ([unknown])
	          528010 [unknown] ([unknown])
	          528010 [unknown] ([unknown])
	          528010 [unknown] ([unknown])
	          528010 [unknown] ([unknown])
	          528010 [unknown] ([unknown])
	          528010 [unknown] ([unknown])
	          528010 [unknown] ([unknown])
	          528010 [unknown] ([unknown])
	          528010 [unknown] ([unknown])
	          528010 [unknown] ([unknown])
	          528010 [unknown] ([unknown])
	          528010 [unknown] ([unknown])
	          528010 [unknown] ([unknown])
	          528010 [unknown] ([unknown])
	          528010 [unknown] ([unknown])
	          528010 [unknown] ([unknown])
	          528010 [unknown] ([unknown])
	          528010 [unknown] ([unknown])
	          528010 [unknown] ([unknown])
	          528010 [unknown] ([unknown])
	          528010 [unknown] ([unknown])
	          528010 [unknown] ([unknown])
	          528010 [unknown] ([unknown])
	          528010 [unknown] ([unknown])
	          528010 [unknown] ([unknown])
	          528010 [unknown] ([unknown])
	          528010 [unknown] ([unknown])
	          528010 [unknown] ([unknown])
	          528010 [unknown] ([unknown])
	          528010 [unknown] ([unknown])
	          528010 [unknown] ([unknown])
	          528010 [unknown] ([unknown])
	          528010 [unknown] ([unknown])
	          528010 [unknown] ([unknown])
	          528010 [unknown] ([unknown])
	          528010 [unknown] ([unknown])
	          528010 [unknown] ([unknown])
	          528010 [unknown] ([unknown])
	          528010 [unknown] ([unknown])
	          528010 [unknown] ([unknown])
	          528010 [unknown] ([unknown])
	          528010 [unknown] ([unknown])
	          528010 [unknown] ([unknown])
	          528010 [unknown] ([unknown])
	          528010 [unknown] ([unknown])
	          528010 [unknown] ([unknown])
	          528010 [unknown] ([unknown])
	          528010 [unknown] ([unknown])
	          528010 [unknown] ([unknown])
	          528010 [unknown] ([unknown])
	          528010 [unknown] ([unknown])
	          528010 [unknown] ([unknown])
	          528010 [unknown] ([unknown])
	          528010 [unknown] ([unknown])
	          528010 [unknown] ([unknown])
	          528010 [unknown] ([unknown])
	          528010 [unknown] ([unknown])
	          528010 [unknown] ([unknown])
	          528010 [unknown] ([unknown])
	          528010 [unknown] ([unknown])
	          528010 [unknown] ([unknown])
	          528010 [unknown] ([unknown])
	          528010 [unknown] ([unknown])
	          528010 [unknown] ([unknown])
	          528010 [unknown] ([unknown])
	          528010 [unknown] ([unknown])
	          528010 [unknown] ([unknown])
	          528010 [unknown] ([unknown])

grep   30245 [034] 66723.471445:                  syscalls:sys_enter_openat: dfd: 0xffffff9c, filename: 0x00530f30, flags: 0x00000000, mode: 0x00000000
	          49323c __open64_nocancel+0x4c (/home/dinko/exec-proj/grep/grep-3.11/src/grep)
	          528010 [unknown] ([unknown])
	          528010 [unknown] ([unknown])
	          528010 [unknown] ([unknown])
	          528010 [unknown] ([unknown])
	          528010 [unknown] ([unknown])
	          528010 [unknown] ([unknown])
	          528010 [unknown] ([unknown])
	          528010 [unknown] ([unknown])
	          528010 [unknown] ([unknown])
	          528010 [unknown] ([unknown])
	          528010 [unknown] ([unknown])
	          528010 [unknown] ([unknown])
	          528010 [unknown] ([unknown])
	          528010 [unknown] ([unknown])
	          528010 [unknown] ([unknown])
	          528010 [unknown] ([unknown])
	          528010 [unknown] ([unknown])
	          528010 [unknown] ([unknown])
	          528010 [unknown] ([unknown])
	          528010 [unknown] ([unknown])
	          528010 [unknown] ([unknown])
	          528010 [unknown] ([unknown])
	          528010 [unknown] ([unknown])
	          528010 [unknown] ([unknown])
	          528010 [unknown] ([unknown])
	          528010 [unknown] ([unknown])
	          528010 [unknown] ([unknown])
	          528010 [unknown] ([unknown])
	          528010 [unknown] ([unknown])
	          528010 [unknown] ([unknown])
	          528010 [unknown] ([unknown])
	          528010 [unknown] ([unknown])
	          528010 [unknown] ([unknown])
	          528010 [unknown] ([unknown])
	          528010 [unknown] ([unknown])
	          528010 [unknown] ([unknown])
	          528010 [unknown] ([unknown])
	          528010 [unknown] ([unknown])
	          528010 [unknown] ([unknown])
	          528010 [unknown] ([unknown])
	          528010 [unknown] ([unknown])
	          528010 [unknown] ([unknown])
	          528010 [unknown] ([unknown])
	          528010 [unknown] ([unknown])
	          528010 [unknown] ([unknown])
	          528010 [unknown] ([unknown])
	          528010 [unknown] ([unknown])
	          528010 [unknown] ([unknown])
	          528010 [unknown] ([unknown])
	          528010 [unknown] ([unknown])
	          528010 [unknown] ([unknown])
	          528010 [unknown] ([unknown])
	          528010 [unknown] ([unknown])
	          528010 [unknown] ([unknown])
	          528010 [unknown] ([unknown])
	          528010 [unknown] ([unknown])
	          528010 [unknown] ([unknown])
	          528010 [unknown] ([unknown])
	          528010 [unknown] ([unknown])
	          528010 [unknown] ([unknown])
	          528010 [unknown] ([unknown])
	          528010 [unknown] ([unknown])
	          528010 [unknown] ([unknown])
	          528010 [unknown] ([unknown])
	          528010 [unknown] ([unknown])
	          528010 [unknown] ([unknown])
	          528010 [unknown] ([unknown])
	          528010 [unknown] ([unknown])
	          528010 [unknown] ([unknown])
	          528010 [unknown] ([unknown])
	          528010 [unknown] ([unknown])
	          528010 [unknown] ([unknown])
	          528010 [unknown] ([unknown])
	          528010 [unknown] ([unknown])
	          528010 [unknown] ([unknown])
	          528010 [unknown] ([unknown])
	          528010 [unknown] ([unknown])
	          528010 [unknown] ([unknown])
	          528010 [unknown] ([unknown])
	          528010 [unknown] ([unknown])
	          528010 [unknown] ([unknown])
	          528010 [unknown] ([unknown])
	          528010 [unknown] ([unknown])
	          528010 [unknown] ([unknown])
	          528010 [unknown] ([unknown])
	          528010 [unknown] ([unknown])
	          528010 [unknown] ([unknown])
	          528010 [unknown] ([unknown])
	          528010 [unknown] ([unknown])
	          528010 [unknown] ([unknown])
	          528010 [unknown] ([unknown])
	          528010 [unknown] ([unknown])
	          528010 [unknown] ([unknown])
	          528010 [unknown] ([unknown])
	          528010 [unknown] ([unknown])
	          528010 [unknown] ([unknown])
	          528010 [unknown] ([unknown])
	          528010 [unknown] ([unknown])
	          528010 [unknown] ([unknown])
	          528010 [unknown] ([unknown])
	          528010 [unknown] ([unknown])
	          528010 [unknown] ([unknown])
	          528010 [unknown] ([unknown])
	          528010 [unknown] ([unknown])
	          528010 [unknown] ([unknown])
	          528010 [unknown] ([unknown])
	          528010 [unknown] ([unknown])
	          528010 [unknown] ([unknown])
	          528010 [unknown] ([unknown])
	          528010 [unknown] ([unknown])
	          528010 [unknown] ([unknown])
	          528010 [unknown] ([unknown])
	          528010 [unknown] ([unknown])
	          528010 [unknown] ([unknown])
	          528010 [unknown] ([unknown])
	          528010 [unknown] ([unknown])
	          528010 [unknown] ([unknown])
	          528010 [unknown] ([unknown])
	          528010 [unknown] ([unknown])
	          528010 [unknown] ([unknown])
	          528010 [unknown] ([unknown])
	          528010 [unknown] ([unknown])
	          528010 [unknown] ([unknown])
	          528010 [unknown] ([unknown])
	          528010 [unknown] ([unknown])
	          528010 [unknown] ([unknown])

grep   30245 [034] 66723.471449:                  syscalls:sys_enter_openat: dfd: 0xffffff9c, filename: 0x00531150, flags: 0x00000000, mode: 0x00000000
	          49323c __open64_nocancel+0x4c (/home/dinko/exec-proj/grep/grep-3.11/src/grep)
	          528010 [unknown] ([unknown])
	          528010 [unknown] ([unknown])
	          528010 [unknown] ([unknown])
	          528010 [unknown] ([unknown])
	          528010 [unknown] ([unknown])
	          528010 [unknown] ([unknown])
	          528010 [unknown] ([unknown])
	          528010 [unknown] ([unknown])
	          528010 [unknown] ([unknown])
	          528010 [unknown] ([unknown])
	          528010 [unknown] ([unknown])
	          528010 [unknown] ([unknown])
	          528010 [unknown] ([unknown])
	          528010 [unknown] ([unknown])
	          528010 [unknown] ([unknown])
	          528010 [unknown] ([unknown])
	          528010 [unknown] ([unknown])
	          528010 [unknown] ([unknown])
	          528010 [unknown] ([unknown])
	          528010 [unknown] ([unknown])
	          528010 [unknown] ([unknown])
	          528010 [unknown] ([unknown])
	          528010 [unknown] ([unknown])
	          528010 [unknown] ([unknown])
	          528010 [unknown] ([unknown])
	          528010 [unknown] ([unknown])
	          528010 [unknown] ([unknown])
	          528010 [unknown] ([unknown])
	          528010 [unknown] ([unknown])
	          528010 [unknown] ([unknown])
	          528010 [unknown] ([unknown])
	          528010 [unknown] ([unknown])
	          528010 [unknown] ([unknown])
	          528010 [unknown] ([unknown])
	          528010 [unknown] ([unknown])
	          528010 [unknown] ([unknown])
	          528010 [unknown] ([unknown])
	          528010 [unknown] ([unknown])
	          528010 [unknown] ([unknown])
	          528010 [unknown] ([unknown])
	          528010 [unknown] ([unknown])
	          528010 [unknown] ([unknown])
	          528010 [unknown] ([unknown])
	          528010 [unknown] ([unknown])
	          528010 [unknown] ([unknown])
	          528010 [unknown] ([unknown])
	          528010 [unknown] ([unknown])
	          528010 [unknown] ([unknown])
	          528010 [unknown] ([unknown])
	          528010 [unknown] ([unknown])
	          528010 [unknown] ([unknown])
	          528010 [unknown] ([unknown])
	          528010 [unknown] ([unknown])
	          528010 [unknown] ([unknown])
	          528010 [unknown] ([unknown])
	          528010 [unknown] ([unknown])
	          528010 [unknown] ([unknown])
	          528010 [unknown] ([unknown])
	          528010 [unknown] ([unknown])
	          528010 [unknown] ([unknown])
	          528010 [unknown] ([unknown])
	          528010 [unknown] ([unknown])
	          528010 [unknown] ([unknown])
	          528010 [unknown] ([unknown])
	          528010 [unknown] ([unknown])
	          528010 [unknown] ([unknown])
	          528010 [unknown] ([unknown])
	          528010 [unknown] ([unknown])
	          528010 [unknown] ([unknown])
	          528010 [unknown] ([unknown])
	          528010 [unknown] ([unknown])
	          528010 [unknown] ([unknown])
	          528010 [unknown] ([unknown])
	          528010 [unknown] ([unknown])
	          528010 [unknown] ([unknown])
	          528010 [unknown] ([unknown])
	          528010 [unknown] ([unknown])
	          528010 [unknown] ([unknown])
	          528010 [unknown] ([unknown])
	          528010 [unknown] ([unknown])
	          528010 [unknown] ([unknown])
	          528010 [unknown] ([unknown])
	          528010 [unknown] ([unknown])
	          528010 [unknown] ([unknown])
	          528010 [unknown] ([unknown])
	          528010 [unknown] ([unknown])
	          528010 [unknown] ([unknown])
	          528010 [unknown] ([unknown])
	          528010 [unknown] ([unknown])
	          528010 [unknown] ([unknown])
	          528010 [unknown] ([unknown])
	          528010 [unknown] ([unknown])
	          528010 [unknown] ([unknown])
	          528010 [unknown] ([unknown])
	          528010 [unknown] ([unknown])
	          528010 [unknown] ([unknown])
	          528010 [unknown] ([unknown])
	          528010 [unknown] ([unknown])
	          528010 [unknown] ([unknown])
	          528010 [unknown] ([unknown])
	          528010 [unknown] ([unknown])
	          528010 [unknown] ([unknown])
	          528010 [unknown] ([unknown])
	          528010 [unknown] ([unknown])
	          528010 [unknown] ([unknown])
	          528010 [unknown] ([unknown])
	          528010 [unknown] ([unknown])
	          528010 [unknown] ([unknown])
	          528010 [unknown] ([unknown])
	          528010 [unknown] ([unknown])
	          528010 [unknown] ([unknown])
	          528010 [unknown] ([unknown])
	          528010 [unknown] ([unknown])
	          528010 [unknown] ([unknown])
	          528010 [unknown] ([unknown])
	          528010 [unknown] ([unknown])
	          528010 [unknown] ([unknown])
	          528010 [unknown] ([unknown])
	          528010 [unknown] ([unknown])
	          528010 [unknown] ([unknown])
	          528010 [unknown] ([unknown])
	          528010 [unknown] ([unknown])
	          528010 [unknown] ([unknown])
	          528010 [unknown] ([unknown])
	          528010 [unknown] ([unknown])
	          528010 [unknown] ([unknown])

grep   30245 [034] 66723.471454:                  syscalls:sys_enter_openat: dfd: 0xffffff9c, filename: 0x00531430, flags: 0x00000000, mode: 0x00000000
	          49323c __open64_nocancel+0x4c (/home/dinko/exec-proj/grep/grep-3.11/src/grep)
	          528010 [unknown] ([unknown])
	          528010 [unknown] ([unknown])
	          528010 [unknown] ([unknown])
	          528010 [unknown] ([unknown])
	          528010 [unknown] ([unknown])
	          528010 [unknown] ([unknown])
	          528010 [unknown] ([unknown])
	          528010 [unknown] ([unknown])
	          528010 [unknown] ([unknown])
	          528010 [unknown] ([unknown])
	          528010 [unknown] ([unknown])
	          528010 [unknown] ([unknown])
	          528010 [unknown] ([unknown])
	          528010 [unknown] ([unknown])
	          528010 [unknown] ([unknown])
	          528010 [unknown] ([unknown])
	          528010 [unknown] ([unknown])
	          528010 [unknown] ([unknown])
	          528010 [unknown] ([unknown])
	          528010 [unknown] ([unknown])
	          528010 [unknown] ([unknown])
	          528010 [unknown] ([unknown])
	          528010 [unknown] ([unknown])
	          528010 [unknown] ([unknown])
	          528010 [unknown] ([unknown])
	          528010 [unknown] ([unknown])
	          528010 [unknown] ([unknown])
	          528010 [unknown] ([unknown])
	          528010 [unknown] ([unknown])
	          528010 [unknown] ([unknown])
	          528010 [unknown] ([unknown])
	          528010 [unknown] ([unknown])
	          528010 [unknown] ([unknown])
	          528010 [unknown] ([unknown])
	          528010 [unknown] ([unknown])
	          528010 [unknown] ([unknown])
	          528010 [unknown] ([unknown])
	          528010 [unknown] ([unknown])
	          528010 [unknown] ([unknown])
	          528010 [unknown] ([unknown])
	          528010 [unknown] ([unknown])
	          528010 [unknown] ([unknown])
	          528010 [unknown] ([unknown])
	          528010 [unknown] ([unknown])
	          528010 [unknown] ([unknown])
	          528010 [unknown] ([unknown])
	          528010 [unknown] ([unknown])
	          528010 [unknown] ([unknown])
	          528010 [unknown] ([unknown])
	          528010 [unknown] ([unknown])
	          528010 [unknown] ([unknown])
	          528010 [unknown] ([unknown])
	          528010 [unknown] ([unknown])
	          528010 [unknown] ([unknown])
	          528010 [unknown] ([unknown])
	          528010 [unknown] ([unknown])
	          528010 [unknown] ([unknown])
	          528010 [unknown] ([unknown])
	          528010 [unknown] ([unknown])
	          528010 [unknown] ([unknown])
	          528010 [unknown] ([unknown])
	          528010 [unknown] ([unknown])
	          528010 [unknown] ([unknown])
	          528010 [unknown] ([unknown])
	          528010 [unknown] ([unknown])
	          528010 [unknown] ([unknown])
	          528010 [unknown] ([unknown])
	          528010 [unknown] ([unknown])
	          528010 [unknown] ([unknown])
	          528010 [unknown] ([unknown])
	          528010 [unknown] ([unknown])
	          528010 [unknown] ([unknown])
	          528010 [unknown] ([unknown])
	          528010 [unknown] ([unknown])
	          528010 [unknown] ([unknown])
	          528010 [unknown] ([unknown])
	          528010 [unknown] ([unknown])
	          528010 [unknown] ([unknown])
	          528010 [unknown] ([unknown])
	          528010 [unknown] ([unknown])
	          528010 [unknown] ([unknown])
	          528010 [unknown] ([unknown])
	          528010 [unknown] ([unknown])
	          528010 [unknown] ([unknown])
	          528010 [unknown] ([unknown])
	          528010 [unknown] ([unknown])
	          528010 [unknown] ([unknown])
	          528010 [unknown] ([unknown])
	          528010 [unknown] ([unknown])
	          528010 [unknown] ([unknown])
	          528010 [unknown] ([unknown])
	          528010 [unknown] ([unknown])
	          528010 [unknown] ([unknown])
	          528010 [unknown] ([unknown])
	          528010 [unknown] ([unknown])
	          528010 [unknown] ([unknown])
	          528010 [unknown] ([unknown])
	          528010 [unknown] ([unknown])
	          528010 [unknown] ([unknown])
	          528010 [unknown] ([unknown])
	          528010 [unknown] ([unknown])
	          528010 [unknown] ([unknown])
	          528010 [unknown] ([unknown])
	          528010 [unknown] ([unknown])
	          528010 [unknown] ([unknown])
	          528010 [unknown] ([unknown])
	          528010 [unknown] ([unknown])
	          528010 [unknown] ([unknown])
	          528010 [unknown] ([unknown])
	          528010 [unknown] ([unknown])
	          528010 [unknown] ([unknown])
	          528010 [unknown] ([unknown])
	          528010 [unknown] ([unknown])
	          528010 [unknown] ([unknown])
	          528010 [unknown] ([unknown])
	          528010 [unknown] ([unknown])
	          528010 [unknown] ([unknown])
	          528010 [unknown] ([unknown])
	          528010 [unknown] ([unknown])
	          528010 [unknown] ([unknown])
	          528010 [unknown] ([unknown])
	          528010 [unknown] ([unknown])
	          528010 [unknown] ([unknown])
	          528010 [unknown] ([unknown])
	          528010 [unknown] ([unknown])
	          528010 [unknown] ([unknown])

grep   30245 [034] 66723.471459:                  syscalls:sys_enter_openat: dfd: 0xffffff9c, filename: 0x00530fc0, flags: 0x00000000, mode: 0x00000000
	          49323c __open64_nocancel+0x4c (/home/dinko/exec-proj/grep/grep-3.11/src/grep)
	          528010 [unknown] ([unknown])
	          528010 [unknown] ([unknown])
	          528010 [unknown] ([unknown])
	          528010 [unknown] ([unknown])
	          528010 [unknown] ([unknown])
	          528010 [unknown] ([unknown])
	          528010 [unknown] ([unknown])
	          528010 [unknown] ([unknown])
	          528010 [unknown] ([unknown])
	          528010 [unknown] ([unknown])
	          528010 [unknown] ([unknown])
	          528010 [unknown] ([unknown])
	          528010 [unknown] ([unknown])
	          528010 [unknown] ([unknown])
	          528010 [unknown] ([unknown])
	          528010 [unknown] ([unknown])
	          528010 [unknown] ([unknown])
	          528010 [unknown] ([unknown])
	          528010 [unknown] ([unknown])
	          528010 [unknown] ([unknown])
	          528010 [unknown] ([unknown])
	          528010 [unknown] ([unknown])
	          528010 [unknown] ([unknown])
	          528010 [unknown] ([unknown])
	          528010 [unknown] ([unknown])
	          528010 [unknown] ([unknown])
	          528010 [unknown] ([unknown])
	          528010 [unknown] ([unknown])
	          528010 [unknown] ([unknown])
	          528010 [unknown] ([unknown])
	          528010 [unknown] ([unknown])
	          528010 [unknown] ([unknown])
	          528010 [unknown] ([unknown])
	          528010 [unknown] ([unknown])
	          528010 [unknown] ([unknown])
	          528010 [unknown] ([unknown])
	          528010 [unknown] ([unknown])
	          528010 [unknown] ([unknown])
	          528010 [unknown] ([unknown])
	          528010 [unknown] ([unknown])
	          528010 [unknown] ([unknown])
	          528010 [unknown] ([unknown])
	          528010 [unknown] ([unknown])
	          528010 [unknown] ([unknown])
	          528010 [unknown] ([unknown])
	          528010 [unknown] ([unknown])
	          528010 [unknown] ([unknown])
	          528010 [unknown] ([unknown])
	          528010 [unknown] ([unknown])
	          528010 [unknown] ([unknown])
	          528010 [unknown] ([unknown])
	          528010 [unknown] ([unknown])
	          528010 [unknown] ([unknown])
	          528010 [unknown] ([unknown])
	          528010 [unknown] ([unknown])
	          528010 [unknown] ([unknown])
	          528010 [unknown] ([unknown])
	          528010 [unknown] ([unknown])
	          528010 [unknown] ([unknown])
	          528010 [unknown] ([unknown])
	          528010 [unknown] ([unknown])
	          528010 [unknown] ([unknown])
	          528010 [unknown] ([unknown])
	          528010 [unknown] ([unknown])
	          528010 [unknown] ([unknown])
	          528010 [unknown] ([unknown])
	          528010 [unknown] ([unknown])
	          528010 [unknown] ([unknown])
	          528010 [unknown] ([unknown])
	          528010 [unknown] ([unknown])
	          528010 [unknown] ([unknown])
	          528010 [unknown] ([unknown])
	          528010 [unknown] ([unknown])
	          528010 [unknown] ([unknown])
	          528010 [unknown] ([unknown])
	          528010 [unknown] ([unknown])
	          528010 [unknown] ([unknown])
	          528010 [unknown] ([unknown])
	          528010 [unknown] ([unknown])
	          528010 [unknown] ([unknown])
	          528010 [unknown] ([unknown])
	          528010 [unknown] ([unknown])
	          528010 [unknown] ([unknown])
	          528010 [unknown] ([unknown])
	          528010 [unknown] ([unknown])
	          528010 [unknown] ([unknown])
	          528010 [unknown] ([unknown])
	          528010 [unknown] ([unknown])
	          528010 [unknown] ([unknown])
	          528010 [unknown] ([unknown])
	          528010 [unknown] ([unknown])
	          528010 [unknown] ([unknown])
	          528010 [unknown] ([unknown])
	          528010 [unknown] ([unknown])
	          528010 [unknown] ([unknown])
	          528010 [unknown] ([unknown])
	          528010 [unknown] ([unknown])
	          528010 [unknown] ([unknown])
	          528010 [unknown] ([unknown])
	          528010 [unknown] ([unknown])
	          528010 [unknown] ([unknown])
	          528010 [unknown] ([unknown])
	          528010 [unknown] ([unknown])
	          528010 [unknown] ([unknown])
	          528010 [unknown] ([unknown])
	          528010 [unknown] ([unknown])
	          528010 [unknown] ([unknown])
	          528010 [unknown] ([unknown])
	          528010 [unknown] ([unknown])
	          528010 [unknown] ([unknown])
	          528010 [unknown] ([unknown])
	          528010 [unknown] ([unknown])
	          528010 [unknown] ([unknown])
	          528010 [unknown] ([unknown])
	          528010 [unknown] ([unknown])
	          528010 [unknown] ([unknown])
	          528010 [unknown] ([unknown])
	          528010 [unknown] ([unknown])
	          528010 [unknown] ([unknown])
	          528010 [unknown] ([unknown])
	          528010 [unknown] ([unknown])
	          528010 [unknown] ([unknown])
	          528010 [unknown] ([unknown])
	          528010 [unknown] ([unknown])
	          528010 [unknown] ([unknown])
	          528010 [unknown] ([unknown])

grep   30245 [034] 66723.471464:                  syscalls:sys_enter_openat: dfd: 0xffffff9c, filename: 0x005312b0, flags: 0x00000000, mode: 0x00000000
	          49323c __open64_nocancel+0x4c (/home/dinko/exec-proj/grep/grep-3.11/src/grep)
	          528010 [unknown] ([unknown])
	          528010 [unknown] ([unknown])
	          528010 [unknown] ([unknown])
	          528010 [unknown] ([unknown])
	          528010 [unknown] ([unknown])
	          528010 [unknown] ([unknown])
	          528010 [unknown] ([unknown])
	          528010 [unknown] ([unknown])
	          528010 [unknown] ([unknown])
	          528010 [unknown] ([unknown])
	          528010 [unknown] ([unknown])
	          528010 [unknown] ([unknown])
	          528010 [unknown] ([unknown])
	          528010 [unknown] ([unknown])
	          528010 [unknown] ([unknown])
	          528010 [unknown] ([unknown])
	          528010 [unknown] ([unknown])
	          528010 [unknown] ([unknown])
	          528010 [unknown] ([unknown])
	          528010 [unknown] ([unknown])
	          528010 [unknown] ([unknown])
	          528010 [unknown] ([unknown])
	          528010 [unknown] ([unknown])
	          528010 [unknown] ([unknown])
	          528010 [unknown] ([unknown])
	          528010 [unknown] ([unknown])
	          528010 [unknown] ([unknown])
	          528010 [unknown] ([unknown])
	          528010 [unknown] ([unknown])
	          528010 [unknown] ([unknown])
	          528010 [unknown] ([unknown])
	          528010 [unknown] ([unknown])
	          528010 [unknown] ([unknown])
	          528010 [unknown] ([unknown])
	          528010 [unknown] ([unknown])
	          528010 [unknown] ([unknown])
	          528010 [unknown] ([unknown])
	          528010 [unknown] ([unknown])
	          528010 [unknown] ([unknown])
	          528010 [unknown] ([unknown])
	          528010 [unknown] ([unknown])
	          528010 [unknown] ([unknown])
	          528010 [unknown] ([unknown])
	          528010 [unknown] ([unknown])
	          528010 [unknown] ([unknown])
	          528010 [unknown] ([unknown])
	          528010 [unknown] ([unknown])
	          528010 [unknown] ([unknown])
	          528010 [unknown] ([unknown])
	          528010 [unknown] ([unknown])
	          528010 [unknown] ([unknown])
	          528010 [unknown] ([unknown])
	          528010 [unknown] ([unknown])
	          528010 [unknown] ([unknown])
	          528010 [unknown] ([unknown])
	          528010 [unknown] ([unknown])
	          528010 [unknown] ([unknown])
	          528010 [unknown] ([unknown])
	          528010 [unknown] ([unknown])
	          528010 [unknown] ([unknown])
	          528010 [unknown] ([unknown])
	          528010 [unknown] ([unknown])
	          528010 [unknown] ([unknown])
	          528010 [unknown] ([unknown])
	          528010 [unknown] ([unknown])
	          528010 [unknown] ([unknown])
	          528010 [unknown] ([unknown])
	          528010 [unknown] ([unknown])
	          528010 [unknown] ([unknown])
	          528010 [unknown] ([unknown])
	          528010 [unknown] ([unknown])
	          528010 [unknown] ([unknown])
	          528010 [unknown] ([unknown])
	          528010 [unknown] ([unknown])
	          528010 [unknown] ([unknown])
	          528010 [unknown] ([unknown])
	          528010 [unknown] ([unknown])
	          528010 [unknown] ([unknown])
	          528010 [unknown] ([unknown])
	          528010 [unknown] ([unknown])
	          528010 [unknown] ([unknown])
	          528010 [unknown] ([unknown])
	          528010 [unknown] ([unknown])
	          528010 [unknown] ([unknown])
	          528010 [unknown] ([unknown])
	          528010 [unknown] ([unknown])
	          528010 [unknown] ([unknown])
	          528010 [unknown] ([unknown])
	          528010 [unknown] ([unknown])
	          528010 [unknown] ([unknown])
	          528010 [unknown] ([unknown])
	          528010 [unknown] ([unknown])
	          528010 [unknown] ([unknown])
	          528010 [unknown] ([unknown])
	          528010 [unknown] ([unknown])
	          528010 [unknown] ([unknown])
	          528010 [unknown] ([unknown])
	          528010 [unknown] ([unknown])
	          528010 [unknown] ([unknown])
	          528010 [unknown] ([unknown])
	          528010 [unknown] ([unknown])
	          528010 [unknown] ([unknown])
	          528010 [unknown] ([unknown])
	          528010 [unknown] ([unknown])
	          528010 [unknown] ([unknown])
	          528010 [unknown] ([unknown])
	          528010 [unknown] ([unknown])
	          528010 [unknown] ([unknown])
	          528010 [unknown] ([unknown])
	          528010 [unknown] ([unknown])
	          528010 [unknown] ([unknown])
	          528010 [unknown] ([unknown])
	          528010 [unknown] ([unknown])
	          528010 [unknown] ([unknown])
	          528010 [unknown] ([unknown])
	          528010 [unknown] ([unknown])
	          528010 [unknown] ([unknown])
	          528010 [unknown] ([unknown])
	          528010 [unknown] ([unknown])
	          528010 [unknown] ([unknown])
	          528010 [unknown] ([unknown])
	          528010 [unknown] ([unknown])
	          528010 [unknown] ([unknown])
	          528010 [unknown] ([unknown])
	          528010 [unknown] ([unknown])
	          528010 [unknown] ([unknown])

grep   30245 [034] 66723.471469:                  syscalls:sys_enter_openat: dfd: 0xffffff9c, filename: 0x00531540, flags: 0x00000000, mode: 0x00000000
	          49323c __open64_nocancel+0x4c (/home/dinko/exec-proj/grep/grep-3.11/src/grep)
	          528010 [unknown] ([unknown])
	          528010 [unknown] ([unknown])
	          528010 [unknown] ([unknown])
	          528010 [unknown] ([unknown])
	          528010 [unknown] ([unknown])
	          528010 [unknown] ([unknown])
	          528010 [unknown] ([unknown])
	          528010 [unknown] ([unknown])
	          528010 [unknown] ([unknown])
	          528010 [unknown] ([unknown])
	          528010 [unknown] ([unknown])
	          528010 [unknown] ([unknown])
	          528010 [unknown] ([unknown])
	          528010 [unknown] ([unknown])
	          528010 [unknown] ([unknown])
	          528010 [unknown] ([unknown])
	          528010 [unknown] ([unknown])
	          528010 [unknown] ([unknown])
	          528010 [unknown] ([unknown])
	          528010 [unknown] ([unknown])
	          528010 [unknown] ([unknown])
	          528010 [unknown] ([unknown])
	          528010 [unknown] ([unknown])
	          528010 [unknown] ([unknown])
	          528010 [unknown] ([unknown])
	          528010 [unknown] ([unknown])
	          528010 [unknown] ([unknown])
	          528010 [unknown] ([unknown])
	          528010 [unknown] ([unknown])
	          528010 [unknown] ([unknown])
	          528010 [unknown] ([unknown])
	          528010 [unknown] ([unknown])
	          528010 [unknown] ([unknown])
	          528010 [unknown] ([unknown])
	          528010 [unknown] ([unknown])
	          528010 [unknown] ([unknown])
	          528010 [unknown] ([unknown])
	          528010 [unknown] ([unknown])
	          528010 [unknown] ([unknown])
	          528010 [unknown] ([unknown])
	          528010 [unknown] ([unknown])
	          528010 [unknown] ([unknown])
	          528010 [unknown] ([unknown])
	          528010 [unknown] ([unknown])
	          528010 [unknown] ([unknown])
	          528010 [unknown] ([unknown])
	          528010 [unknown] ([unknown])
	          528010 [unknown] ([unknown])
	          528010 [unknown] ([unknown])
	          528010 [unknown] ([unknown])
	          528010 [unknown] ([unknown])
	          528010 [unknown] ([unknown])
	          528010 [unknown] ([unknown])
	          528010 [unknown] ([unknown])
	          528010 [unknown] ([unknown])
	          528010 [unknown] ([unknown])
	          528010 [unknown] ([unknown])
	          528010 [unknown] ([unknown])
	          528010 [unknown] ([unknown])
	          528010 [unknown] ([unknown])
	          528010 [unknown] ([unknown])
	          528010 [unknown] ([unknown])
	          528010 [unknown] ([unknown])
	          528010 [unknown] ([unknown])
	          528010 [unknown] ([unknown])
	          528010 [unknown] ([unknown])
	          528010 [unknown] ([unknown])
	          528010 [unknown] ([unknown])
	          528010 [unknown] ([unknown])
	          528010 [unknown] ([unknown])
	          528010 [unknown] ([unknown])
	          528010 [unknown] ([unknown])
	          528010 [unknown] ([unknown])
	          528010 [unknown] ([unknown])
	          528010 [unknown] ([unknown])
	          528010 [unknown] ([unknown])
	          528010 [unknown] ([unknown])
	          528010 [unknown] ([unknown])
	          528010 [unknown] ([unknown])
	          528010 [unknown] ([unknown])
	          528010 [unknown] ([unknown])
	          528010 [unknown] ([unknown])
	          528010 [unknown] ([unknown])
	          528010 [unknown] ([unknown])
	          528010 [unknown] ([unknown])
	          528010 [unknown] ([unknown])
	          528010 [unknown] ([unknown])
	          528010 [unknown] ([unknown])
	          528010 [unknown] ([unknown])
	          528010 [unknown] ([unknown])
	          528010 [unknown] ([unknown])
	          528010 [unknown] ([unknown])
	          528010 [unknown] ([unknown])
	          528010 [unknown] ([unknown])
	          528010 [unknown] ([unknown])
	          528010 [unknown] ([unknown])
	          528010 [unknown] ([unknown])
	          528010 [unknown] ([unknown])
	          528010 [unknown] ([unknown])
	          528010 [unknown] ([unknown])
	          528010 [unknown] ([unknown])
	          528010 [unknown] ([unknown])
	          528010 [unknown] ([unknown])
	          528010 [unknown] ([unknown])
	          528010 [unknown] ([unknown])
	          528010 [unknown] ([unknown])
	          528010 [unknown] ([unknown])
	          528010 [unknown] ([unknown])
	          528010 [unknown] ([unknown])
	          528010 [unknown] ([unknown])
	          528010 [unknown] ([unknown])
	          528010 [unknown] ([unknown])
	          528010 [unknown] ([unknown])
	          528010 [unknown] ([unknown])
	          528010 [unknown] ([unknown])
	          528010 [unknown] ([unknown])
	          528010 [unknown] ([unknown])
	          528010 [unknown] ([unknown])
	          528010 [unknown] ([unknown])
	          528010 [unknown] ([unknown])
	          528010 [unknown] ([unknown])
	          528010 [unknown] ([unknown])
	          528010 [unknown] ([unknown])
	          528010 [unknown] ([unknown])
	          528010 [unknown] ([unknown])
	          528010 [unknown] ([unknown])

grep   30245 [034] 66723.471474:                  syscalls:sys_enter_openat: dfd: 0xffffff9c, filename: 0x005310c0, flags: 0x00000000, mode: 0x00000000
	          49323c __open64_nocancel+0x4c (/home/dinko/exec-proj/grep/grep-3.11/src/grep)
	          528010 [unknown] ([unknown])
	          528010 [unknown] ([unknown])
	          528010 [unknown] ([unknown])
	          528010 [unknown] ([unknown])
	          528010 [unknown] ([unknown])
	          528010 [unknown] ([unknown])
	          528010 [unknown] ([unknown])
	          528010 [unknown] ([unknown])
	          528010 [unknown] ([unknown])
	          528010 [unknown] ([unknown])
	          528010 [unknown] ([unknown])
	          528010 [unknown] ([unknown])
	          528010 [unknown] ([unknown])
	          528010 [unknown] ([unknown])
	          528010 [unknown] ([unknown])
	          528010 [unknown] ([unknown])
	          528010 [unknown] ([unknown])
	          528010 [unknown] ([unknown])
	          528010 [unknown] ([unknown])
	          528010 [unknown] ([unknown])
	          528010 [unknown] ([unknown])
	          528010 [unknown] ([unknown])
	          528010 [unknown] ([unknown])
	          528010 [unknown] ([unknown])
	          528010 [unknown] ([unknown])
	          528010 [unknown] ([unknown])
	          528010 [unknown] ([unknown])
	          528010 [unknown] ([unknown])
	          528010 [unknown] ([unknown])
	          528010 [unknown] ([unknown])
	          528010 [unknown] ([unknown])
	          528010 [unknown] ([unknown])
	          528010 [unknown] ([unknown])
	          528010 [unknown] ([unknown])
	          528010 [unknown] ([unknown])
	          528010 [unknown] ([unknown])
	          528010 [unknown] ([unknown])
	          528010 [unknown] ([unknown])
	          528010 [unknown] ([unknown])
	          528010 [unknown] ([unknown])
	          528010 [unknown] ([unknown])
	          528010 [unknown] ([unknown])
	          528010 [unknown] ([unknown])
	          528010 [unknown] ([unknown])
	          528010 [unknown] ([unknown])
	          528010 [unknown] ([unknown])
	          528010 [unknown] ([unknown])
	          528010 [unknown] ([unknown])
	          528010 [unknown] ([unknown])
	          528010 [unknown] ([unknown])
	          528010 [unknown] ([unknown])
	          528010 [unknown] ([unknown])
	          528010 [unknown] ([unknown])
	          528010 [unknown] ([unknown])
	          528010 [unknown] ([unknown])
	          528010 [unknown] ([unknown])
	          528010 [unknown] ([unknown])
	          528010 [unknown] ([unknown])
	          528010 [unknown] ([unknown])
	          528010 [unknown] ([unknown])
	          528010 [unknown] ([unknown])
	          528010 [unknown] ([unknown])
	          528010 [unknown] ([unknown])
	          528010 [unknown] ([unknown])
	          528010 [unknown] ([unknown])
	          528010 [unknown] ([unknown])
	          528010 [unknown] ([unknown])
	          528010 [unknown] ([unknown])
	          528010 [unknown] ([unknown])
	          528010 [unknown] ([unknown])
	          528010 [unknown] ([unknown])
	          528010 [unknown] ([unknown])
	          528010 [unknown] ([unknown])
	          528010 [unknown] ([unknown])
	          528010 [unknown] ([unknown])
	          528010 [unknown] ([unknown])
	          528010 [unknown] ([unknown])
	          528010 [unknown] ([unknown])
	          528010 [unknown] ([unknown])
	          528010 [unknown] ([unknown])
	          528010 [unknown] ([unknown])
	          528010 [unknown] ([unknown])
	          528010 [unknown] ([unknown])
	          528010 [unknown] ([unknown])
	          528010 [unknown] ([unknown])
	          528010 [unknown] ([unknown])
	          528010 [unknown] ([unknown])
	          528010 [unknown] ([unknown])
	          528010 [unknown] ([unknown])
	          528010 [unknown] ([unknown])
	          528010 [unknown] ([unknown])
	          528010 [unknown] ([unknown])
	          528010 [unknown] ([unknown])
	          528010 [unknown] ([unknown])
	          528010 [unknown] ([unknown])
	          528010 [unknown] ([unknown])
	          528010 [unknown] ([unknown])
	          528010 [unknown] ([unknown])
	          528010 [unknown] ([unknown])
	          528010 [unknown] ([unknown])
	          528010 [unknown] ([unknown])
	          528010 [unknown] ([unknown])
	          528010 [unknown] ([unknown])
	          528010 [unknown] ([unknown])
	          528010 [unknown] ([unknown])
	          528010 [unknown] ([unknown])
	          528010 [unknown] ([unknown])
	          528010 [unknown] ([unknown])
	          528010 [unknown] ([unknown])
	          528010 [unknown] ([unknown])
	          528010 [unknown] ([unknown])
	          528010 [unknown] ([unknown])
	          528010 [unknown] ([unknown])
	          528010 [unknown] ([unknown])
	          528010 [unknown] ([unknown])
	          528010 [unknown] ([unknown])
	          528010 [unknown] ([unknown])
	          528010 [unknown] ([unknown])
	          528010 [unknown] ([unknown])
	          528010 [unknown] ([unknown])
	          528010 [unknown] ([unknown])
	          528010 [unknown] ([unknown])
	          528010 [unknown] ([unknown])
	          528010 [unknown] ([unknown])
	          528010 [unknown] ([unknown])
	          528010 [unknown] ([unknown])

grep   30245 [034] 66723.471480:                  syscalls:sys_enter_openat: dfd: 0xffffff9c, filename: 0x005311e0, flags: 0x00000000, mode: 0x00000000
	          49323c __open64_nocancel+0x4c (/home/dinko/exec-proj/grep/grep-3.11/src/grep)
	          528010 [unknown] ([unknown])
	          528010 [unknown] ([unknown])
	          528010 [unknown] ([unknown])
	          528010 [unknown] ([unknown])
	          528010 [unknown] ([unknown])
	          528010 [unknown] ([unknown])
	          528010 [unknown] ([unknown])
	          528010 [unknown] ([unknown])
	          528010 [unknown] ([unknown])
	          528010 [unknown] ([unknown])
	          528010 [unknown] ([unknown])
	          528010 [unknown] ([unknown])
	          528010 [unknown] ([unknown])
	          528010 [unknown] ([unknown])
	          528010 [unknown] ([unknown])
	          528010 [unknown] ([unknown])
	          528010 [unknown] ([unknown])
	          528010 [unknown] ([unknown])
	          528010 [unknown] ([unknown])
	          528010 [unknown] ([unknown])
	          528010 [unknown] ([unknown])
	          528010 [unknown] ([unknown])
	          528010 [unknown] ([unknown])
	          528010 [unknown] ([unknown])
	          528010 [unknown] ([unknown])
	          528010 [unknown] ([unknown])
	          528010 [unknown] ([unknown])
	          528010 [unknown] ([unknown])
	          528010 [unknown] ([unknown])
	          528010 [unknown] ([unknown])
	          528010 [unknown] ([unknown])
	          528010 [unknown] ([unknown])
	          528010 [unknown] ([unknown])
	          528010 [unknown] ([unknown])
	          528010 [unknown] ([unknown])
	          528010 [unknown] ([unknown])
	          528010 [unknown] ([unknown])
	          528010 [unknown] ([unknown])
	          528010 [unknown] ([unknown])
	          528010 [unknown] ([unknown])
	          528010 [unknown] ([unknown])
	          528010 [unknown] ([unknown])
	          528010 [unknown] ([unknown])
	          528010 [unknown] ([unknown])
	          528010 [unknown] ([unknown])
	          528010 [unknown] ([unknown])
	          528010 [unknown] ([unknown])
	          528010 [unknown] ([unknown])
	          528010 [unknown] ([unknown])
	          528010 [unknown] ([unknown])
	          528010 [unknown] ([unknown])
	          528010 [unknown] ([unknown])
	          528010 [unknown] ([unknown])
	          528010 [unknown] ([unknown])
	          528010 [unknown] ([unknown])
	          528010 [unknown] ([unknown])
	          528010 [unknown] ([unknown])
	          528010 [unknown] ([unknown])
	          528010 [unknown] ([unknown])
	          528010 [unknown] ([unknown])
	          528010 [unknown] ([unknown])
	          528010 [unknown] ([unknown])
	          528010 [unknown] ([unknown])
	          528010 [unknown] ([unknown])
	          528010 [unknown] ([unknown])
	          528010 [unknown] ([unknown])
	          528010 [unknown] ([unknown])
	          528010 [unknown] ([unknown])
	          528010 [unknown] ([unknown])
	          528010 [unknown] ([unknown])
	          528010 [unknown] ([unknown])
	          528010 [unknown] ([unknown])
	          528010 [unknown] ([unknown])
	          528010 [unknown] ([unknown])
	          528010 [unknown] ([unknown])
	          528010 [unknown] ([unknown])
	          528010 [unknown] ([unknown])
	          528010 [unknown] ([unknown])
	          528010 [unknown] ([unknown])
	          528010 [unknown] ([unknown])
	          528010 [unknown] ([unknown])
	          528010 [unknown] ([unknown])
	          528010 [unknown] ([unknown])
	          528010 [unknown] ([unknown])
	          528010 [unknown] ([unknown])
	          528010 [unknown] ([unknown])
	          528010 [unknown] ([unknown])
	          528010 [unknown] ([unknown])
	          528010 [unknown] ([unknown])
	          528010 [unknown] ([unknown])
	          528010 [unknown] ([unknown])
	          528010 [unknown] ([unknown])
	          528010 [unknown] ([unknown])
	          528010 [unknown] ([unknown])
	          528010 [unknown] ([unknown])
	          528010 [unknown] ([unknown])
	          528010 [unknown] ([unknown])
	          528010 [unknown] ([unknown])
	          528010 [unknown] ([unknown])
	          528010 [unknown] ([unknown])
	          528010 [unknown] ([unknown])
	          528010 [unknown] ([unknown])
	          528010 [unknown] ([unknown])
	          528010 [unknown] ([unknown])
	          528010 [unknown] ([unknown])
	          528010 [unknown] ([unknown])
	          528010 [unknown] ([unknown])
	          528010 [unknown] ([unknown])
	          528010 [unknown] ([unknown])
	          528010 [unknown] ([unknown])
	          528010 [unknown] ([unknown])
	          528010 [unknown] ([unknown])
	          528010 [unknown] ([unknown])
	          528010 [unknown] ([unknown])
	          528010 [unknown] ([unknown])
	          528010 [unknown] ([unknown])
	          528010 [unknown] ([unknown])
	          528010 [unknown] ([unknown])
	          528010 [unknown] ([unknown])
	          528010 [unknown] ([unknown])
	          528010 [unknown] ([unknown])
	          528010 [unknown] ([unknown])
	          528010 [unknown] ([unknown])
	          528010 [unknown] ([unknown])
	          528010 [unknown] ([unknown])
	          528010 [unknown] ([unknown])

grep   30245 [034] 66723.471485:                  syscalls:sys_enter_openat: dfd: 0xffffff9c, filename: 0x00531470, flags: 0x00000000, mode: 0x00000000
	          49323c __open64_nocancel+0x4c (/home/dinko/exec-proj/grep/grep-3.11/src/grep)
	          528010 [unknown] ([unknown])
	          528010 [unknown] ([unknown])
	          528010 [unknown] ([unknown])
	          528010 [unknown] ([unknown])
	          528010 [unknown] ([unknown])
	          528010 [unknown] ([unknown])
	          528010 [unknown] ([unknown])
	          528010 [unknown] ([unknown])
	          528010 [unknown] ([unknown])
	          528010 [unknown] ([unknown])
	          528010 [unknown] ([unknown])
	          528010 [unknown] ([unknown])
	          528010 [unknown] ([unknown])
	          528010 [unknown] ([unknown])
	          528010 [unknown] ([unknown])
	          528010 [unknown] ([unknown])
	          528010 [unknown] ([unknown])
	          528010 [unknown] ([unknown])
	          528010 [unknown] ([unknown])
	          528010 [unknown] ([unknown])
	          528010 [unknown] ([unknown])
	          528010 [unknown] ([unknown])
	          528010 [unknown] ([unknown])
	          528010 [unknown] ([unknown])
	          528010 [unknown] ([unknown])
	          528010 [unknown] ([unknown])
	          528010 [unknown] ([unknown])
	          528010 [unknown] ([unknown])
	          528010 [unknown] ([unknown])
	          528010 [unknown] ([unknown])
	          528010 [unknown] ([unknown])
	          528010 [unknown] ([unknown])
	          528010 [unknown] ([unknown])
	          528010 [unknown] ([unknown])
	          528010 [unknown] ([unknown])
	          528010 [unknown] ([unknown])
	          528010 [unknown] ([unknown])
	          528010 [unknown] ([unknown])
	          528010 [unknown] ([unknown])
	          528010 [unknown] ([unknown])
	          528010 [unknown] ([unknown])
	          528010 [unknown] ([unknown])
	          528010 [unknown] ([unknown])
	          528010 [unknown] ([unknown])
	          528010 [unknown] ([unknown])
	          528010 [unknown] ([unknown])
	          528010 [unknown] ([unknown])
	          528010 [unknown] ([unknown])
	          528010 [unknown] ([unknown])
	          528010 [unknown] ([unknown])
	          528010 [unknown] ([unknown])
	          528010 [unknown] ([unknown])
	          528010 [unknown] ([unknown])
	          528010 [unknown] ([unknown])
	          528010 [unknown] ([unknown])
	          528010 [unknown] ([unknown])
	          528010 [unknown] ([unknown])
	          528010 [unknown] ([unknown])
	          528010 [unknown] ([unknown])
	          528010 [unknown] ([unknown])
	          528010 [unknown] ([unknown])
	          528010 [unknown] ([unknown])
	          528010 [unknown] ([unknown])
	          528010 [unknown] ([unknown])
	          528010 [unknown] ([unknown])
	          528010 [unknown] ([unknown])
	          528010 [unknown] ([unknown])
	          528010 [unknown] ([unknown])
	          528010 [unknown] ([unknown])
	          528010 [unknown] ([unknown])
	          528010 [unknown] ([unknown])
	          528010 [unknown] ([unknown])
	          528010 [unknown] ([unknown])
	          528010 [unknown] ([unknown])
	          528010 [unknown] ([unknown])
	          528010 [unknown] ([unknown])
	          528010 [unknown] ([unknown])
	          528010 [unknown] ([unknown])
	          528010 [unknown] ([unknown])
	          528010 [unknown] ([unknown])
	          528010 [unknown] ([unknown])
	          528010 [unknown] ([unknown])
	          528010 [unknown] ([unknown])
	          528010 [unknown] ([unknown])
	          528010 [unknown] ([unknown])
	          528010 [unknown] ([unknown])
	          528010 [unknown] ([unknown])
	          528010 [unknown] ([unknown])
	          528010 [unknown] ([unknown])
	          528010 [unknown] ([unknown])
	          528010 [unknown] ([unknown])
	          528010 [unknown] ([unknown])
	          528010 [unknown] ([unknown])
	          528010 [unknown] ([unknown])
	          528010 [unknown] ([unknown])
	          528010 [unknown] ([unknown])
	          528010 [unknown] ([unknown])
	          528010 [unknown] ([unknown])
	          528010 [unknown] ([unknown])
	          528010 [unknown] ([unknown])
	          528010 [unknown] ([unknown])
	          528010 [unknown] ([unknown])
	          528010 [unknown] ([unknown])
	          528010 [unknown] ([unknown])
	          528010 [unknown] ([unknown])
	          528010 [unknown] ([unknown])
	          528010 [unknown] ([unknown])
	          528010 [unknown] ([unknown])
	          528010 [unknown] ([unknown])
	          528010 [unknown] ([unknown])
	          528010 [unknown] ([unknown])
	          528010 [unknown] ([unknown])
	          528010 [unknown] ([unknown])
	          528010 [unknown] ([unknown])
	          528010 [unknown] ([unknown])
	          528010 [unknown] ([unknown])
	          528010 [unknown] ([unknown])
	          528010 [unknown] ([unknown])
	          528010 [unknown] ([unknown])
	          528010 [unknown] ([unknown])
	          528010 [unknown] ([unknown])
	          528010 [unknown] ([unknown])
	          528010 [unknown] ([unknown])
	          528010 [unknown] ([unknown])
	          528010 [unknown] ([unknown])
	          528010 [unknown] ([unknown])

grep   30245 [034] 66723.471490:                  syscalls:sys_enter_openat: dfd: 0xffffff9c, filename: 0x00531040, flags: 0x00000000, mode: 0x00000000
	          49323c __open64_nocancel+0x4c (/home/dinko/exec-proj/grep/grep-3.11/src/grep)
	          528010 [unknown] ([unknown])
	          528010 [unknown] ([unknown])
	          528010 [unknown] ([unknown])
	          528010 [unknown] ([unknown])
	          528010 [unknown] ([unknown])
	          528010 [unknown] ([unknown])
	          528010 [unknown] ([unknown])
	          528010 [unknown] ([unknown])
	          528010 [unknown] ([unknown])
	          528010 [unknown] ([unknown])
	          528010 [unknown] ([unknown])
	          528010 [unknown] ([unknown])
	          528010 [unknown] ([unknown])
	          528010 [unknown] ([unknown])
	          528010 [unknown] ([unknown])
	          528010 [unknown] ([unknown])
	          528010 [unknown] ([unknown])
	          528010 [unknown] ([unknown])
	          528010 [unknown] ([unknown])
	          528010 [unknown] ([unknown])
	          528010 [unknown] ([unknown])
	          528010 [unknown] ([unknown])
	          528010 [unknown] ([unknown])
	          528010 [unknown] ([unknown])
	          528010 [unknown] ([unknown])
	          528010 [unknown] ([unknown])
	          528010 [unknown] ([unknown])
	          528010 [unknown] ([unknown])
	          528010 [unknown] ([unknown])
	          528010 [unknown] ([unknown])
	          528010 [unknown] ([unknown])
	          528010 [unknown] ([unknown])
	          528010 [unknown] ([unknown])
	          528010 [unknown] ([unknown])
	          528010 [unknown] ([unknown])
	          528010 [unknown] ([unknown])
	          528010 [unknown] ([unknown])
	          528010 [unknown] ([unknown])
	          528010 [unknown] ([unknown])
	          528010 [unknown] ([unknown])
	          528010 [unknown] ([unknown])
	          528010 [unknown] ([unknown])
	          528010 [unknown] ([unknown])
	          528010 [unknown] ([unknown])
	          528010 [unknown] ([unknown])
	          528010 [unknown] ([unknown])
	          528010 [unknown] ([unknown])
	          528010 [unknown] ([unknown])
	          528010 [unknown] ([unknown])
	          528010 [unknown] ([unknown])
	          528010 [unknown] ([unknown])
	          528010 [unknown] ([unknown])
	          528010 [unknown] ([unknown])
	          528010 [unknown] ([unknown])
	          528010 [unknown] ([unknown])
	          528010 [unknown] ([unknown])
	          528010 [unknown] ([unknown])
	          528010 [unknown] ([unknown])
	          528010 [unknown] ([unknown])
	          528010 [unknown] ([unknown])
	          528010 [unknown] ([unknown])
	          528010 [unknown] ([unknown])
	          528010 [unknown] ([unknown])
	          528010 [unknown] ([unknown])
	          528010 [unknown] ([unknown])
	          528010 [unknown] ([unknown])
	          528010 [unknown] ([unknown])
	          528010 [unknown] ([unknown])
	          528010 [unknown] ([unknown])
	          528010 [unknown] ([unknown])
	          528010 [unknown] ([unknown])
	          528010 [unknown] ([unknown])
	          528010 [unknown] ([unknown])
	          528010 [unknown] ([unknown])
	          528010 [unknown] ([unknown])
	          528010 [unknown] ([unknown])
	          528010 [unknown] ([unknown])
	          528010 [unknown] ([unknown])
	          528010 [unknown] ([unknown])
	          528010 [unknown] ([unknown])
	          528010 [unknown] ([unknown])
	          528010 [unknown] ([unknown])
	          528010 [unknown] ([unknown])
	          528010 [unknown] ([unknown])
	          528010 [unknown] ([unknown])
	          528010 [unknown] ([unknown])
	          528010 [unknown] ([unknown])
	          528010 [unknown] ([unknown])
	          528010 [unknown] ([unknown])
	          528010 [unknown] ([unknown])
	          528010 [unknown] ([unknown])
	          528010 [unknown] ([unknown])
	          528010 [unknown] ([unknown])
	          528010 [unknown] ([unknown])
	          528010 [unknown] ([unknown])
	          528010 [unknown] ([unknown])
	          528010 [unknown] ([unknown])
	          528010 [unknown] ([unknown])
	          528010 [unknown] ([unknown])
	          528010 [unknown] ([unknown])
	          528010 [unknown] ([unknown])
	          528010 [unknown] ([unknown])
	          528010 [unknown] ([unknown])
	          528010 [unknown] ([unknown])
	          528010 [unknown] ([unknown])
	          528010 [unknown] ([unknown])
	          528010 [unknown] ([unknown])
	          528010 [unknown] ([unknown])
	          528010 [unknown] ([unknown])
	          528010 [unknown] ([unknown])
	          528010 [unknown] ([unknown])
	          528010 [unknown] ([unknown])
	          528010 [unknown] ([unknown])
	          528010 [unknown] ([unknown])
	          528010 [unknown] ([unknown])
	          528010 [unknown] ([unknown])
	          528010 [unknown] ([unknown])
	          528010 [unknown] ([unknown])
	          528010 [unknown] ([unknown])
	          528010 [unknown] ([unknown])
	          528010 [unknown] ([unknown])
	          528010 [unknown] ([unknown])
	          528010 [unknown] ([unknown])
	          528010 [unknown] ([unknown])
	          528010 [unknown] ([unknown])
	          528010 [unknown] ([unknown])

grep   30245 [034] 66723.471499:                  syscalls:sys_enter_openat: dfd: 0xffffff9c, filename: 0x004df3c9, flags: 0x00000000, mode: 0x00000000
	          4923ab __libc_open64+0x5b (/home/dinko/exec-proj/grep/grep-3.11/src/grep)
	  7370616d2f666c [unknown] ([unknown])

grep   30245 [034] 66723.471519:                    syscalls:sys_enter_mmap: addr: 0x00000000, len: 0x00002000, prot: 0x00000003, flags: 0x00000022, fd: 0xffffffff, off: 0x00000000
	          493597 __mmap64+0x17 (/home/dinko/exec-proj/grep/grep-3.11/src/grep)
	          42170d vma_iterate_proc+0x3b (/home/dinko/exec-proj/grep/grep-3.11/src/grep)
	          42188f vma_iterate+0x1c (/home/dinko/exec-proj/grep/grep-3.11/src/grep)
	          421f32 sigsegv_get_vma+0x4e (/home/dinko/exec-proj/grep/grep-3.11/src/grep)
	          420b6b remember_stack_top+0x32 (/home/dinko/exec-proj/grep/grep-3.11/src/grep)
	          421085 stackoverflow_install_handler+0x3f (/home/dinko/exec-proj/grep/grep-3.11/src/grep)
	          40d110 c_stack_action+0x81 (/home/dinko/exec-proj/grep/grep-3.11/src/grep)
	          407156 main+0x11c (/home/dinko/exec-proj/grep/grep-3.11/src/grep)
	          424c6a __libc_start_call_main+0x6a (/home/dinko/exec-proj/grep/grep-3.11/src/grep)

grep   30245 [034] 66723.472590:                   syscalls:sys_enter_lseek: fd: 0x00000003, offset: 0x00000000, whence: 0x00000000
	          4926fb __libc_lseek64+0xb (/home/dinko/exec-proj/grep/grep-3.11/src/grep)
	          42170d vma_iterate_proc+0x3b (/home/dinko/exec-proj/grep/grep-3.11/src/grep)
	          42188f vma_iterate+0x1c (/home/dinko/exec-proj/grep/grep-3.11/src/grep)
	          421f32 sigsegv_get_vma+0x4e (/home/dinko/exec-proj/grep/grep-3.11/src/grep)
	          420b6b remember_stack_top+0x32 (/home/dinko/exec-proj/grep/grep-3.11/src/grep)
	          421085 stackoverflow_install_handler+0x3f (/home/dinko/exec-proj/grep/grep-3.11/src/grep)
	          40d110 c_stack_action+0x81 (/home/dinko/exec-proj/grep/grep-3.11/src/grep)
	          407156 main+0x11c (/home/dinko/exec-proj/grep/grep-3.11/src/grep)
	          424c6a __libc_start_call_main+0x6a (/home/dinko/exec-proj/grep/grep-3.11/src/grep)

grep   30245 [034] 66723.472595:                    syscalls:sys_enter_read: fd: 0x00000003, buf: 0x7ffff7ff0000, count: 0x00002000
	          4925c2 __libc_read+0x12 (/home/dinko/exec-proj/grep/grep-3.11/src/grep)
	          42170d vma_iterate_proc+0x3b (/home/dinko/exec-proj/grep/grep-3.11/src/grep)
	          42188f vma_iterate+0x1c (/home/dinko/exec-proj/grep/grep-3.11/src/grep)
	          421f32 sigsegv_get_vma+0x4e (/home/dinko/exec-proj/grep/grep-3.11/src/grep)
	          420b6b remember_stack_top+0x32 (/home/dinko/exec-proj/grep/grep-3.11/src/grep)
	          421085 stackoverflow_install_handler+0x3f (/home/dinko/exec-proj/grep/grep-3.11/src/grep)
	          40d110 c_stack_action+0x81 (/home/dinko/exec-proj/grep/grep-3.11/src/grep)
	          407156 main+0x11c (/home/dinko/exec-proj/grep/grep-3.11/src/grep)
	          424c6a __libc_start_call_main+0x6a (/home/dinko/exec-proj/grep/grep-3.11/src/grep)

grep   30245 [034] 66723.472624:                    syscalls:sys_enter_read: fd: 0x00000003, buf: 0x7ffff7ff0527, count: 0x00001ad9
	          4925c2 __libc_read+0x12 (/home/dinko/exec-proj/grep/grep-3.11/src/grep)
	          42170d vma_iterate_proc+0x3b (/home/dinko/exec-proj/grep/grep-3.11/src/grep)
	          42188f vma_iterate+0x1c (/home/dinko/exec-proj/grep/grep-3.11/src/grep)
	          421f32 sigsegv_get_vma+0x4e (/home/dinko/exec-proj/grep/grep-3.11/src/grep)
	          420b6b remember_stack_top+0x32 (/home/dinko/exec-proj/grep/grep-3.11/src/grep)
	          421085 stackoverflow_install_handler+0x3f (/home/dinko/exec-proj/grep/grep-3.11/src/grep)
	          40d110 c_stack_action+0x81 (/home/dinko/exec-proj/grep/grep-3.11/src/grep)
	          407156 main+0x11c (/home/dinko/exec-proj/grep/grep-3.11/src/grep)
	          424c6a __libc_start_call_main+0x6a (/home/dinko/exec-proj/grep/grep-3.11/src/grep)

grep   30245 [034] 66723.472626:                   syscalls:sys_enter_close: fd: 0x00000003
	          492837 __libc_close+0x17 (/home/dinko/exec-proj/grep/grep-3.11/src/grep)
	          42170d vma_iterate_proc+0x3b (/home/dinko/exec-proj/grep/grep-3.11/src/grep)
	          42188f vma_iterate+0x1c (/home/dinko/exec-proj/grep/grep-3.11/src/grep)
	          421f32 sigsegv_get_vma+0x4e (/home/dinko/exec-proj/grep/grep-3.11/src/grep)
	          420b6b remember_stack_top+0x32 (/home/dinko/exec-proj/grep/grep-3.11/src/grep)
	          421085 stackoverflow_install_handler+0x3f (/home/dinko/exec-proj/grep/grep-3.11/src/grep)
	          40d110 c_stack_action+0x81 (/home/dinko/exec-proj/grep/grep-3.11/src/grep)
	          407156 main+0x11c (/home/dinko/exec-proj/grep/grep-3.11/src/grep)
	          424c6a __libc_start_call_main+0x6a (/home/dinko/exec-proj/grep/grep-3.11/src/grep)

grep   30245 [034] 66723.472645:                  syscalls:sys_enter_munmap: addr: 0x7ffff7ff0000, len: 0x00002000
	          4935eb __munmap+0xb (/home/dinko/exec-proj/grep/grep-3.11/src/grep)
	          421851 vma_iterate_proc+0x17f (/home/dinko/exec-proj/grep/grep-3.11/src/grep)
	          42188f vma_iterate+0x1c (/home/dinko/exec-proj/grep/grep-3.11/src/grep)
	          421f32 sigsegv_get_vma+0x4e (/home/dinko/exec-proj/grep/grep-3.11/src/grep)
	          420b6b remember_stack_top+0x32 (/home/dinko/exec-proj/grep/grep-3.11/src/grep)
	          421085 stackoverflow_install_handler+0x3f (/home/dinko/exec-proj/grep/grep-3.11/src/grep)
	          40d110 c_stack_action+0x81 (/home/dinko/exec-proj/grep/grep-3.11/src/grep)
	          407156 main+0x11c (/home/dinko/exec-proj/grep/grep-3.11/src/grep)
	          424c6a __libc_start_call_main+0x6a (/home/dinko/exec-proj/grep/grep-3.11/src/grep)

grep   30245 [034] 66723.472664:             syscalls:sys_enter_sigaltstack: uss: 0x7fffffffd8e0, uoss: 0x00000000
	          42ff8b __sigaltstack+0xb (/home/dinko/exec-proj/grep/grep-3.11/src/grep)
	          40d110 c_stack_action+0x81 (/home/dinko/exec-proj/grep/grep-3.11/src/grep)
	          407156 main+0x11c (/home/dinko/exec-proj/grep/grep-3.11/src/grep)
	          424c6a __libc_start_call_main+0x6a (/home/dinko/exec-proj/grep/grep-3.11/src/grep)

grep   30245 [034] 66723.472668:            syscalls:sys_enter_rt_sigaction: sig: 0x0000000b, act: 0x7fffffffd6a0, oact: 0x00000000, sigsetsize: 0x00000008
	          42fe63 __libc_sigaction+0xc3 (/home/dinko/exec-proj/grep/grep-3.11/src/grep)
	          4210fd stackoverflow_install_handler+0xb7 (/home/dinko/exec-proj/grep/grep-3.11/src/grep)
	          40d110 c_stack_action+0x81 (/home/dinko/exec-proj/grep/grep-3.11/src/grep)
	          407156 main+0x11c (/home/dinko/exec-proj/grep/grep-3.11/src/grep)
	          424c6a __libc_start_call_main+0x6a (/home/dinko/exec-proj/grep/grep-3.11/src/grep)

grep   30245 [034] 66723.472671:            syscalls:sys_enter_rt_sigaction: sig: 0x0000000b, act: 0x7fffffffd6d0, oact: 0x00000000, sigsetsize: 0x00000008
	          42fe63 __libc_sigaction+0xc3 (/home/dinko/exec-proj/grep/grep-3.11/src/grep)
	          420fc2 sigsegv_install_handler+0x2c (/home/dinko/exec-proj/grep/grep-3.11/src/grep)
	          40d135 c_stack_action+0xa6 (/home/dinko/exec-proj/grep/grep-3.11/src/grep)
	          407156 main+0x11c (/home/dinko/exec-proj/grep/grep-3.11/src/grep)
	          424c6a __libc_start_call_main+0x6a (/home/dinko/exec-proj/grep/grep-3.11/src/grep)

grep   30245 [034] 66723.472681:              syscalls:sys_enter_newfstatat: dfd: 0x00000001, filename: 0x004f6325, statbuf: 0x7fffffffda80, flag: 0x00001000
	          4922ee __GI___fstatat+0xe (/home/dinko/exec-proj/grep/grep-3.11/src/grep)
	          424c6a __libc_start_call_main+0x6a (/home/dinko/exec-proj/grep/grep-3.11/src/grep)

grep   30245 [034] 66723.472685:              syscalls:sys_enter_newfstatat: dfd: 0xffffff9c, filename: 0x004de64b, statbuf: 0x7fffffffdb10, flag: 0x00000000
	          4922ee __GI___fstatat+0xe (/home/dinko/exec-proj/grep/grep-3.11/src/grep)
	          424c6a __libc_start_call_main+0x6a (/home/dinko/exec-proj/grep/grep-3.11/src/grep)

grep   30245 [034] 66723.472998:                     syscalls:sys_enter_brk: brk: 0x0057d000
	          49342b __brk+0xb (/home/dinko/exec-proj/grep/grep-3.11/src/grep)

grep   30245 [034] 66723.473861:                  syscalls:sys_enter_openat: dfd: 0xffffff9c, filename: 0x7fffffffe171, flags: 0x00000100, mode: 0x00000000
	          4924c6 __libc_openat64+0x46 (/home/dinko/exec-proj/grep/grep-3.11/src/grep)
	          4059f2 grepfile+0x67 (/home/dinko/exec-proj/grep/grep-3.11/src/grep)
	          4061af grep_command_line_arg+0x89 (/home/dinko/exec-proj/grep/grep-3.11/src/grep)
	          408954 main+0x191a (/home/dinko/exec-proj/grep/grep-3.11/src/grep)
	          424c6a __libc_start_call_main+0x6a (/home/dinko/exec-proj/grep/grep-3.11/src/grep)

grep   30245 [034] 66723.473873:              syscalls:sys_enter_newfstatat: dfd: 0x00000003, filename: 0x004f6325, statbuf: 0x7fffffffd800, flag: 0x00001000
	          4922ee __GI___fstatat+0xe (/home/dinko/exec-proj/grep/grep-3.11/src/grep)
	          405a3b grepfile+0xb0 (/home/dinko/exec-proj/grep/grep-3.11/src/grep)
	          4061af grep_command_line_arg+0x89 (/home/dinko/exec-proj/grep/grep-3.11/src/grep)
	          408954 main+0x191a (/home/dinko/exec-proj/grep/grep-3.11/src/grep)
	          424c6a __libc_start_call_main+0x6a (/home/dinko/exec-proj/grep/grep-3.11/src/grep)

grep   30245 [034] 66723.473878:                    syscalls:sys_enter_read: fd: 0x00000003, buf: 0x00544000, count: 0x00018000
	          4925c2 __libc_read+0x12 (/home/dinko/exec-proj/grep/grep-3.11/src/grep)
	          404036 fillbuf+0x2b1 (/home/dinko/exec-proj/grep/grep-3.11/src/grep)
	          405080 grep+0x107 (/home/dinko/exec-proj/grep/grep-3.11/src/grep)
	          405fe0 grepdesc+0x3bb (/home/dinko/exec-proj/grep/grep-3.11/src/grep)
	          405a3b grepfile+0xb0 (/home/dinko/exec-proj/grep/grep-3.11/src/grep)
	          4061af grep_command_line_arg+0x89 (/home/dinko/exec-proj/grep/grep-3.11/src/grep)
	          408954 main+0x191a (/home/dinko/exec-proj/grep/grep-3.11/src/grep)
	          424c6a __libc_start_call_main+0x6a (/home/dinko/exec-proj/grep/grep-3.11/src/grep)

grep   30245 [034] 66723.474227:                     syscalls:sys_enter_brk: brk: 0x0059e000
	          49342b __brk+0xb (/home/dinko/exec-proj/grep/grep-3.11/src/grep)

grep   30245 [034] 66723.475032:              syscalls:sys_enter_newfstatat: dfd: 0x00000001, filename: 0x004f6325, statbuf: 0x7fffffffd420, flag: 0x00001000
	          4922ee __GI___fstatat+0xe (/home/dinko/exec-proj/grep/grep-3.11/src/grep)
	               0 [unknown] ([unknown])

grep   30245 [034] 66723.475039:                   syscalls:sys_enter_write: fd: 0x00000001, buf: 0x00585690, count: 0x00000035
	          492667 __libc_write+0x17 (/home/dinko/exec-proj/grep/grep-3.11/src/grep)
	4f5252455b202d20 [unknown] ([unknown])

grep   30245 [034] 66723.475133:                   syscalls:sys_enter_write: fd: 0x00000001, buf: 0x00585690, count: 0x00000037
	          492667 __libc_write+0x17 (/home/dinko/exec-proj/grep/grep-3.11/src/grep)
	4e495b202d206874 [unknown] ([unknown])

grep   30245 [034] 66723.475203:                   syscalls:sys_enter_write: fd: 0x00000001, buf: 0x00585690, count: 0x0000002e
	          492667 __libc_write+0x17 (/home/dinko/exec-proj/grep/grep-3.11/src/grep)
	32205d4e5241575b [unknown] ([unknown])

grep   30245 [034] 66723.475234:                   syscalls:sys_enter_write: fd: 0x00000001, buf: 0x00585690, count: 0x0000003f
	          492667 __libc_write+0x17 (/home/dinko/exec-proj/grep/grep-3.11/src/grep)
	202d206e776f7242 [unknown] ([unknown])

grep   30245 [034] 66723.475258:                    syscalls:sys_enter_read: fd: 0x00000003, buf: 0x0054412b, count: 0x00018000
	          4925c2 __libc_read+0x12 (/home/dinko/exec-proj/grep/grep-3.11/src/grep)
	          404036 fillbuf+0x2b1 (/home/dinko/exec-proj/grep/grep-3.11/src/grep)
	          40549a grep+0x521 (/home/dinko/exec-proj/grep/grep-3.11/src/grep)
	          405fe0 grepdesc+0x3bb (/home/dinko/exec-proj/grep/grep-3.11/src/grep)
	          405a3b grepfile+0xb0 (/home/dinko/exec-proj/grep/grep-3.11/src/grep)
	          4061af grep_command_line_arg+0x89 (/home/dinko/exec-proj/grep/grep-3.11/src/grep)
	          408954 main+0x191a (/home/dinko/exec-proj/grep/grep-3.11/src/grep)
	          424c6a __libc_start_call_main+0x6a (/home/dinko/exec-proj/grep/grep-3.11/src/grep)

grep   30245 [034] 66723.475263:                   syscalls:sys_enter_close: fd: 0x00000003
	          492837 __libc_close+0x17 (/home/dinko/exec-proj/grep/grep-3.11/src/grep)
	          405a3b grepfile+0xb0 (/home/dinko/exec-proj/grep/grep-3.11/src/grep)
	          4061af grep_command_line_arg+0x89 (/home/dinko/exec-proj/grep/grep-3.11/src/grep)
	          408954 main+0x191a (/home/dinko/exec-proj/grep/grep-3.11/src/grep)
	          424c6a __libc_start_call_main+0x6a (/home/dinko/exec-proj/grep/grep-3.11/src/grep)

grep   30245 [034] 66723.475270:                   syscalls:sys_enter_close: fd: 0x00000001
	          49308b __close_nocancel+0xb (/home/dinko/exec-proj/grep/grep-3.11/src/grep)

grep   30245 [034] 66723.475273:                   syscalls:sys_enter_close: fd: 0x00000002
	          49308b __close_nocancel+0xb (/home/dinko/exec-proj/grep/grep-3.11/src/grep)

grep   30245 [034] 66723.475278:              syscalls:sys_enter_exit_group: error_code: 0x00000000
	          47a161 _exit+0x31 (/home/dinko/exec-proj/grep/grep-3.11/src/grep)

