grep   52814 [010] 79317.544774:               syscalls:sys_enter_getrandom: ubuf: 0x7ffff7e214d8, len: 0x00000008, flags: 0x00000001
	    7ffff7c46c87 __GI___getrandom+0x17 (/usr/lib/x86_64-linux-gnu/libc.so.6)
	    7ffff7c04ad0 [unknown] ([unknown])
	    7ffff7fbb140 [unknown] ([unknown])
	               0 [unknown] ([unknown])

grep   52814 [010] 79317.544787:                     syscalls:sys_enter_brk: brk: 0x00000000
	    7ffff7d1a82b __brk+0xb (/usr/lib/x86_64-linux-gnu/libc.so.6)
	               0 [unknown] ([unknown])

grep   52814 [010] 79317.544790:                     syscalls:sys_enter_brk: brk: 0x5555555b8000
	    7ffff7d1a82b __brk+0xb (/usr/lib/x86_64-linux-gnu/libc.so.6)
	               0 [unknown] ([unknown])

grep   52814 [010] 79317.546756:                  syscalls:sys_enter_openat: dfd: 0xffffff9c, filename: 0x7ffff7de1550, flags: 0x00080000, mode: 0x00000000
	    7ffff7d19a1c __open64_nocancel+0x4c (/usr/lib/x86_64-linux-gnu/libc.so.6)
	    7ffff7c370e0 _nl_find_locale+0x100 (/usr/lib/x86_64-linux-gnu/libc.so.6)
	    7ffff7c36857 setlocale+0x137 (/usr/lib/x86_64-linux-gnu/libc.so.6)
	       100000001 [unknown] ([unknown])

grep   52814 [010] 79317.546780:              syscalls:sys_enter_newfstatat: dfd: 0x00000003, filename: 0x7ffff7dd844f, statbuf: 0x7ffff7e1bb80, flag: 0x00001000
	    7ffff7d13d3e __GI___fstatat64+0xe (/usr/lib/x86_64-linux-gnu/libc.so.6)
	    7ffff7c370e0 _nl_find_locale+0x100 (/usr/lib/x86_64-linux-gnu/libc.so.6)
	    7ffff7c36857 setlocale+0x137 (/usr/lib/x86_64-linux-gnu/libc.so.6)
	       100000001 [unknown] ([unknown])

grep   52814 [010] 79317.546785:                    syscalls:sys_enter_mmap: addr: 0x00000000, len: 0x00572950, prot: 0x00000001, flags: 0x00000002, fd: 0x00000003, off: 0x00000000
	    7ffff7d1ea27 __mmap+0x17 (/usr/lib/x86_64-linux-gnu/libc.so.6)
	    7ffff7c370e0 _nl_find_locale+0x100 (/usr/lib/x86_64-linux-gnu/libc.so.6)
	    7ffff7c36857 setlocale+0x137 (/usr/lib/x86_64-linux-gnu/libc.so.6)
	       100000001 [unknown] ([unknown])

grep   52814 [010] 79317.548321:                   syscalls:sys_enter_close: fd: 0x00000003
	    7ffff7d1986b __close_nocancel+0xb (/usr/lib/x86_64-linux-gnu/libc.so.6)
	    7ffff7c370e0 _nl_find_locale+0x100 (/usr/lib/x86_64-linux-gnu/libc.so.6)
	    7ffff7c36857 setlocale+0x137 (/usr/lib/x86_64-linux-gnu/libc.so.6)
	       100000001 [unknown] ([unknown])

grep   52814 [010] 79317.548407:                  syscalls:sys_enter_openat: dfd: 0xffffff9c, filename: 0x7ffff7ddd010, flags: 0x00000000, mode: 0x00000000
	    7ffff7d19a1c __open64_nocancel+0x4c (/usr/lib/x86_64-linux-gnu/libc.so.6)
	               0 [unknown] ([unknown])

grep   52814 [010] 79317.548418:              syscalls:sys_enter_newfstatat: dfd: 0x00000003, filename: 0x7ffff7dd844f, statbuf: 0x7fffffffd570, flag: 0x00001000
	    7ffff7d13d3e __GI___fstatat64+0xe (/usr/lib/x86_64-linux-gnu/libc.so.6)

grep   52814 [010] 79317.548421:                    syscalls:sys_enter_mmap: addr: 0x00000000, len: 0x0000697a, prot: 0x00000001, flags: 0x00000001, fd: 0x00000003, off: 0x00000000
	    7ffff7d1ea27 __mmap+0x17 (/usr/lib/x86_64-linux-gnu/libc.so.6)

grep   52814 [010] 79317.549082:                   syscalls:sys_enter_close: fd: 0x00000003
	    7ffff7d1986b __close_nocancel+0xb (/usr/lib/x86_64-linux-gnu/libc.so.6)

grep   52814 [010] 79317.549092:                   syscalls:sys_enter_futex: uaddr: 0x7ffff7e1ba6c, op: 0x00000081, val: 0x7fffffff, utime: 0x00000000, uaddr2: 0x00000000, val3: 0x00000000
	    7ffff7c99f10 __pthread_once_slow+0x110 (/usr/lib/x86_64-linux-gnu/libc.so.6)
	    697a00000000 [unknown] ([unknown])

grep   52814 [010] 79317.549144:                  syscalls:sys_enter_openat: dfd: 0xffffff9c, filename: 0x7fffffffd540, flags: 0x00080000, mode: 0x00000000
	    7ffff7d19a1c __open64_nocancel+0x4c (/usr/lib/x86_64-linux-gnu/libc.so.6)

grep   52814 [010] 79317.549159:              syscalls:sys_enter_newfstatat: dfd: 0x00000003, filename: 0x7ffff7dd844f, statbuf: 0x7fffffffd370, flag: 0x00001000
	    7ffff7d13d3e __GI___fstatat64+0xe (/usr/lib/x86_64-linux-gnu/libc.so.6)
	               0 [unknown] ([unknown])

grep   52814 [010] 79317.549166:                    syscalls:sys_enter_read: fd: 0x00000003, buf: 0x555555598870, count: 0x00001000
	    7ffff7d19b28 __read_nocancel+0x8 (/usr/lib/x86_64-linux-gnu/libc.so.6)
	               0 [unknown] ([unknown])

grep   52814 [010] 79317.549186:                    syscalls:sys_enter_read: fd: 0x00000003, buf: 0x555555598870, count: 0x00001000
	    7ffff7d19b28 __read_nocancel+0x8 (/usr/lib/x86_64-linux-gnu/libc.so.6)
	               0 [unknown] ([unknown])

grep   52814 [010] 79317.549189:                   syscalls:sys_enter_close: fd: 0x00000003
	    7ffff7d1986b __close_nocancel+0xb (/usr/lib/x86_64-linux-gnu/libc.so.6)

grep   52814 [010] 79317.549218:                  syscalls:sys_enter_openat: dfd: 0xffffff9c, filename: 0x555555598650, flags: 0x00000000, mode: 0x00000000
	    7ffff7d19a1c __open64_nocancel+0x4c (/usr/lib/x86_64-linux-gnu/libc.so.6)
	    7ffff7fac160 [unknown] ([unknown])
	    7ffff7fac160 [unknown] ([unknown])
	    7ffff7fac160 [unknown] ([unknown])
	    7ffff7fac160 [unknown] ([unknown])
	    7ffff7fac160 [unknown] ([unknown])
	    7ffff7fac160 [unknown] ([unknown])
	    7ffff7fac160 [unknown] ([unknown])
	    7ffff7fac160 [unknown] ([unknown])
	    7ffff7fac160 [unknown] ([unknown])
	    7ffff7fac160 [unknown] ([unknown])
	    7ffff7fac160 [unknown] ([unknown])
	    7ffff7fac160 [unknown] ([unknown])
	    7ffff7fac160 [unknown] ([unknown])
	    7ffff7fac160 [unknown] ([unknown])
	    7ffff7fac160 [unknown] ([unknown])
	    7ffff7fac160 [unknown] ([unknown])
	    7ffff7fac160 [unknown] ([unknown])
	    7ffff7fac160 [unknown] ([unknown])
	    7ffff7fac160 [unknown] ([unknown])
	    7ffff7fac160 [unknown] ([unknown])
	    7ffff7fac160 [unknown] ([unknown])
	    7ffff7fac160 [unknown] ([unknown])
	    7ffff7fac160 [unknown] ([unknown])
	    7ffff7fac160 [unknown] ([unknown])
	    7ffff7fac160 [unknown] ([unknown])
	    7ffff7fac160 [unknown] ([unknown])
	    7ffff7fac160 [unknown] ([unknown])
	    7ffff7fac160 [unknown] ([unknown])
	    7ffff7fac160 [unknown] ([unknown])
	    7ffff7fac160 [unknown] ([unknown])
	    7ffff7fac160 [unknown] ([unknown])
	    7ffff7fac160 [unknown] ([unknown])
	    7ffff7fac160 [unknown] ([unknown])
	    7ffff7fac160 [unknown] ([unknown])
	    7ffff7fac160 [unknown] ([unknown])
	    7ffff7fac160 [unknown] ([unknown])
	    7ffff7fac160 [unknown] ([unknown])
	    7ffff7fac160 [unknown] ([unknown])
	    7ffff7fac160 [unknown] ([unknown])
	    7ffff7fac160 [unknown] ([unknown])
	    7ffff7fac160 [unknown] ([unknown])
	    7ffff7fac160 [unknown] ([unknown])
	    7ffff7fac160 [unknown] ([unknown])
	    7ffff7fac160 [unknown] ([unknown])
	    7ffff7fac160 [unknown] ([unknown])
	    7ffff7fac160 [unknown] ([unknown])
	    7ffff7fac160 [unknown] ([unknown])
	    7ffff7fac160 [unknown] ([unknown])
	    7ffff7fac160 [unknown] ([unknown])
	    7ffff7fac160 [unknown] ([unknown])
	    7ffff7fac160 [unknown] ([unknown])
	    7ffff7fac160 [unknown] ([unknown])
	    7ffff7fac160 [unknown] ([unknown])
	    7ffff7fac160 [unknown] ([unknown])
	    7ffff7fac160 [unknown] ([unknown])
	    7ffff7fac160 [unknown] ([unknown])
	    7ffff7fac160 [unknown] ([unknown])
	    7ffff7fac160 [unknown] ([unknown])
	    7ffff7fac160 [unknown] ([unknown])
	    7ffff7fac160 [unknown] ([unknown])
	    7ffff7fac160 [unknown] ([unknown])
	    7ffff7fac160 [unknown] ([unknown])
	    7ffff7fac160 [unknown] ([unknown])
	    7ffff7fac160 [unknown] ([unknown])
	    7ffff7fac160 [unknown] ([unknown])
	    7ffff7fac160 [unknown] ([unknown])
	    7ffff7fac160 [unknown] ([unknown])
	    7ffff7fac160 [unknown] ([unknown])
	    7ffff7fac160 [unknown] ([unknown])
	    7ffff7fac160 [unknown] ([unknown])
	    7ffff7fac160 [unknown] ([unknown])
	    7ffff7fac160 [unknown] ([unknown])
	    7ffff7fac160 [unknown] ([unknown])
	    7ffff7fac160 [unknown] ([unknown])
	    7ffff7fac160 [unknown] ([unknown])
	    7ffff7fac160 [unknown] ([unknown])
	    7ffff7fac160 [unknown] ([unknown])
	    7ffff7fac160 [unknown] ([unknown])
	    7ffff7fac160 [unknown] ([unknown])
	    7ffff7fac160 [unknown] ([unknown])
	    7ffff7fac160 [unknown] ([unknown])
	    7ffff7fac160 [unknown] ([unknown])
	    7ffff7fac160 [unknown] ([unknown])
	    7ffff7fac160 [unknown] ([unknown])
	    7ffff7fac160 [unknown] ([unknown])
	    7ffff7fac160 [unknown] ([unknown])
	    7ffff7fac160 [unknown] ([unknown])
	    7ffff7fac160 [unknown] ([unknown])
	    7ffff7fac160 [unknown] ([unknown])
	    7ffff7fac160 [unknown] ([unknown])
	    7ffff7fac160 [unknown] ([unknown])
	    7ffff7fac160 [unknown] ([unknown])
	    7ffff7fac160 [unknown] ([unknown])
	    7ffff7fac160 [unknown] ([unknown])
	    7ffff7fac160 [unknown] ([unknown])
	    7ffff7fac160 [unknown] ([unknown])
	    7ffff7fac160 [unknown] ([unknown])
	    7ffff7fac160 [unknown] ([unknown])
	    7ffff7fac160 [unknown] ([unknown])
	    7ffff7fac160 [unknown] ([unknown])
	    7ffff7fac160 [unknown] ([unknown])
	    7ffff7fac160 [unknown] ([unknown])
	    7ffff7fac160 [unknown] ([unknown])
	    7ffff7fac160 [unknown] ([unknown])
	    7ffff7fac160 [unknown] ([unknown])
	    7ffff7fac160 [unknown] ([unknown])
	    7ffff7fac160 [unknown] ([unknown])
	    7ffff7fac160 [unknown] ([unknown])
	    7ffff7fac160 [unknown] ([unknown])
	    7ffff7fac160 [unknown] ([unknown])
	    7ffff7fac160 [unknown] ([unknown])
	    7ffff7fac160 [unknown] ([unknown])
	    7ffff7fac160 [unknown] ([unknown])
	    7ffff7fac160 [unknown] ([unknown])
	    7ffff7fac160 [unknown] ([unknown])
	    7ffff7fac160 [unknown] ([unknown])
	    7ffff7fac160 [unknown] ([unknown])
	    7ffff7fac160 [unknown] ([unknown])
	    7ffff7fac160 [unknown] ([unknown])
	    7ffff7fac160 [unknown] ([unknown])
	    7ffff7fac160 [unknown] ([unknown])
	    7ffff7fac160 [unknown] ([unknown])
	    7ffff7fac160 [unknown] ([unknown])
	    7ffff7fac160 [unknown] ([unknown])
	    7ffff7fac160 [unknown] ([unknown])
	    7ffff7fac160 [unknown] ([unknown])

grep   52814 [010] 79317.549239:                  syscalls:sys_enter_openat: dfd: 0xffffff9c, filename: 0x555555598d40, flags: 0x00000000, mode: 0x00000000
	    7ffff7d19a1c __open64_nocancel+0x4c (/usr/lib/x86_64-linux-gnu/libc.so.6)
	    7ffff7fac160 [unknown] ([unknown])
	    7ffff7fac160 [unknown] ([unknown])
	    7ffff7fac160 [unknown] ([unknown])
	    7ffff7fac160 [unknown] ([unknown])
	    7ffff7fac160 [unknown] ([unknown])
	    7ffff7fac160 [unknown] ([unknown])
	    7ffff7fac160 [unknown] ([unknown])
	    7ffff7fac160 [unknown] ([unknown])
	    7ffff7fac160 [unknown] ([unknown])
	    7ffff7fac160 [unknown] ([unknown])
	    7ffff7fac160 [unknown] ([unknown])
	    7ffff7fac160 [unknown] ([unknown])
	    7ffff7fac160 [unknown] ([unknown])
	    7ffff7fac160 [unknown] ([unknown])
	    7ffff7fac160 [unknown] ([unknown])
	    7ffff7fac160 [unknown] ([unknown])
	    7ffff7fac160 [unknown] ([unknown])
	    7ffff7fac160 [unknown] ([unknown])
	    7ffff7fac160 [unknown] ([unknown])
	    7ffff7fac160 [unknown] ([unknown])
	    7ffff7fac160 [unknown] ([unknown])
	    7ffff7fac160 [unknown] ([unknown])
	    7ffff7fac160 [unknown] ([unknown])
	    7ffff7fac160 [unknown] ([unknown])
	    7ffff7fac160 [unknown] ([unknown])
	    7ffff7fac160 [unknown] ([unknown])
	    7ffff7fac160 [unknown] ([unknown])
	    7ffff7fac160 [unknown] ([unknown])
	    7ffff7fac160 [unknown] ([unknown])
	    7ffff7fac160 [unknown] ([unknown])
	    7ffff7fac160 [unknown] ([unknown])
	    7ffff7fac160 [unknown] ([unknown])
	    7ffff7fac160 [unknown] ([unknown])
	    7ffff7fac160 [unknown] ([unknown])
	    7ffff7fac160 [unknown] ([unknown])
	    7ffff7fac160 [unknown] ([unknown])
	    7ffff7fac160 [unknown] ([unknown])
	    7ffff7fac160 [unknown] ([unknown])
	    7ffff7fac160 [unknown] ([unknown])
	    7ffff7fac160 [unknown] ([unknown])
	    7ffff7fac160 [unknown] ([unknown])
	    7ffff7fac160 [unknown] ([unknown])
	    7ffff7fac160 [unknown] ([unknown])
	    7ffff7fac160 [unknown] ([unknown])
	    7ffff7fac160 [unknown] ([unknown])
	    7ffff7fac160 [unknown] ([unknown])
	    7ffff7fac160 [unknown] ([unknown])
	    7ffff7fac160 [unknown] ([unknown])
	    7ffff7fac160 [unknown] ([unknown])
	    7ffff7fac160 [unknown] ([unknown])
	    7ffff7fac160 [unknown] ([unknown])
	    7ffff7fac160 [unknown] ([unknown])
	    7ffff7fac160 [unknown] ([unknown])
	    7ffff7fac160 [unknown] ([unknown])
	    7ffff7fac160 [unknown] ([unknown])
	    7ffff7fac160 [unknown] ([unknown])
	    7ffff7fac160 [unknown] ([unknown])
	    7ffff7fac160 [unknown] ([unknown])
	    7ffff7fac160 [unknown] ([unknown])
	    7ffff7fac160 [unknown] ([unknown])
	    7ffff7fac160 [unknown] ([unknown])
	    7ffff7fac160 [unknown] ([unknown])
	    7ffff7fac160 [unknown] ([unknown])
	    7ffff7fac160 [unknown] ([unknown])
	    7ffff7fac160 [unknown] ([unknown])
	    7ffff7fac160 [unknown] ([unknown])
	    7ffff7fac160 [unknown] ([unknown])
	    7ffff7fac160 [unknown] ([unknown])
	    7ffff7fac160 [unknown] ([unknown])
	    7ffff7fac160 [unknown] ([unknown])
	    7ffff7fac160 [unknown] ([unknown])
	    7ffff7fac160 [unknown] ([unknown])
	    7ffff7fac160 [unknown] ([unknown])
	    7ffff7fac160 [unknown] ([unknown])
	    7ffff7fac160 [unknown] ([unknown])
	    7ffff7fac160 [unknown] ([unknown])
	    7ffff7fac160 [unknown] ([unknown])
	    7ffff7fac160 [unknown] ([unknown])
	    7ffff7fac160 [unknown] ([unknown])
	    7ffff7fac160 [unknown] ([unknown])
	    7ffff7fac160 [unknown] ([unknown])
	    7ffff7fac160 [unknown] ([unknown])
	    7ffff7fac160 [unknown] ([unknown])
	    7ffff7fac160 [unknown] ([unknown])
	    7ffff7fac160 [unknown] ([unknown])
	    7ffff7fac160 [unknown] ([unknown])
	    7ffff7fac160 [unknown] ([unknown])
	    7ffff7fac160 [unknown] ([unknown])
	    7ffff7fac160 [unknown] ([unknown])
	    7ffff7fac160 [unknown] ([unknown])
	    7ffff7fac160 [unknown] ([unknown])
	    7ffff7fac160 [unknown] ([unknown])
	    7ffff7fac160 [unknown] ([unknown])
	    7ffff7fac160 [unknown] ([unknown])
	    7ffff7fac160 [unknown] ([unknown])
	    7ffff7fac160 [unknown] ([unknown])
	    7ffff7fac160 [unknown] ([unknown])
	    7ffff7fac160 [unknown] ([unknown])
	    7ffff7fac160 [unknown] ([unknown])
	    7ffff7fac160 [unknown] ([unknown])
	    7ffff7fac160 [unknown] ([unknown])
	    7ffff7fac160 [unknown] ([unknown])
	    7ffff7fac160 [unknown] ([unknown])
	    7ffff7fac160 [unknown] ([unknown])
	    7ffff7fac160 [unknown] ([unknown])
	    7ffff7fac160 [unknown] ([unknown])
	    7ffff7fac160 [unknown] ([unknown])
	    7ffff7fac160 [unknown] ([unknown])
	    7ffff7fac160 [unknown] ([unknown])
	    7ffff7fac160 [unknown] ([unknown])
	    7ffff7fac160 [unknown] ([unknown])
	    7ffff7fac160 [unknown] ([unknown])
	    7ffff7fac160 [unknown] ([unknown])
	    7ffff7fac160 [unknown] ([unknown])
	    7ffff7fac160 [unknown] ([unknown])
	    7ffff7fac160 [unknown] ([unknown])
	    7ffff7fac160 [unknown] ([unknown])
	    7ffff7fac160 [unknown] ([unknown])
	    7ffff7fac160 [unknown] ([unknown])
	    7ffff7fac160 [unknown] ([unknown])
	    7ffff7fac160 [unknown] ([unknown])
	    7ffff7fac160 [unknown] ([unknown])
	    7ffff7fac160 [unknown] ([unknown])
	    7ffff7fac160 [unknown] ([unknown])
	    7ffff7fac160 [unknown] ([unknown])
	    7ffff7fac160 [unknown] ([unknown])

grep   52814 [010] 79317.549244:                  syscalls:sys_enter_openat: dfd: 0xffffff9c, filename: 0x555555598a00, flags: 0x00000000, mode: 0x00000000
	    7ffff7d19a1c __open64_nocancel+0x4c (/usr/lib/x86_64-linux-gnu/libc.so.6)
	    7ffff7fac160 [unknown] ([unknown])
	    7ffff7fac160 [unknown] ([unknown])
	    7ffff7fac160 [unknown] ([unknown])
	    7ffff7fac160 [unknown] ([unknown])
	    7ffff7fac160 [unknown] ([unknown])
	    7ffff7fac160 [unknown] ([unknown])
	    7ffff7fac160 [unknown] ([unknown])
	    7ffff7fac160 [unknown] ([unknown])
	    7ffff7fac160 [unknown] ([unknown])
	    7ffff7fac160 [unknown] ([unknown])
	    7ffff7fac160 [unknown] ([unknown])
	    7ffff7fac160 [unknown] ([unknown])
	    7ffff7fac160 [unknown] ([unknown])
	    7ffff7fac160 [unknown] ([unknown])
	    7ffff7fac160 [unknown] ([unknown])
	    7ffff7fac160 [unknown] ([unknown])
	    7ffff7fac160 [unknown] ([unknown])
	    7ffff7fac160 [unknown] ([unknown])
	    7ffff7fac160 [unknown] ([unknown])
	    7ffff7fac160 [unknown] ([unknown])
	    7ffff7fac160 [unknown] ([unknown])
	    7ffff7fac160 [unknown] ([unknown])
	    7ffff7fac160 [unknown] ([unknown])
	    7ffff7fac160 [unknown] ([unknown])
	    7ffff7fac160 [unknown] ([unknown])
	    7ffff7fac160 [unknown] ([unknown])
	    7ffff7fac160 [unknown] ([unknown])
	    7ffff7fac160 [unknown] ([unknown])
	    7ffff7fac160 [unknown] ([unknown])
	    7ffff7fac160 [unknown] ([unknown])
	    7ffff7fac160 [unknown] ([unknown])
	    7ffff7fac160 [unknown] ([unknown])
	    7ffff7fac160 [unknown] ([unknown])
	    7ffff7fac160 [unknown] ([unknown])
	    7ffff7fac160 [unknown] ([unknown])
	    7ffff7fac160 [unknown] ([unknown])
	    7ffff7fac160 [unknown] ([unknown])
	    7ffff7fac160 [unknown] ([unknown])
	    7ffff7fac160 [unknown] ([unknown])
	    7ffff7fac160 [unknown] ([unknown])
	    7ffff7fac160 [unknown] ([unknown])
	    7ffff7fac160 [unknown] ([unknown])
	    7ffff7fac160 [unknown] ([unknown])
	    7ffff7fac160 [unknown] ([unknown])
	    7ffff7fac160 [unknown] ([unknown])
	    7ffff7fac160 [unknown] ([unknown])
	    7ffff7fac160 [unknown] ([unknown])
	    7ffff7fac160 [unknown] ([unknown])
	    7ffff7fac160 [unknown] ([unknown])
	    7ffff7fac160 [unknown] ([unknown])
	    7ffff7fac160 [unknown] ([unknown])
	    7ffff7fac160 [unknown] ([unknown])
	    7ffff7fac160 [unknown] ([unknown])
	    7ffff7fac160 [unknown] ([unknown])
	    7ffff7fac160 [unknown] ([unknown])
	    7ffff7fac160 [unknown] ([unknown])
	    7ffff7fac160 [unknown] ([unknown])
	    7ffff7fac160 [unknown] ([unknown])
	    7ffff7fac160 [unknown] ([unknown])
	    7ffff7fac160 [unknown] ([unknown])
	    7ffff7fac160 [unknown] ([unknown])
	    7ffff7fac160 [unknown] ([unknown])
	    7ffff7fac160 [unknown] ([unknown])
	    7ffff7fac160 [unknown] ([unknown])
	    7ffff7fac160 [unknown] ([unknown])
	    7ffff7fac160 [unknown] ([unknown])
	    7ffff7fac160 [unknown] ([unknown])
	    7ffff7fac160 [unknown] ([unknown])
	    7ffff7fac160 [unknown] ([unknown])
	    7ffff7fac160 [unknown] ([unknown])
	    7ffff7fac160 [unknown] ([unknown])
	    7ffff7fac160 [unknown] ([unknown])
	    7ffff7fac160 [unknown] ([unknown])
	    7ffff7fac160 [unknown] ([unknown])
	    7ffff7fac160 [unknown] ([unknown])
	    7ffff7fac160 [unknown] ([unknown])
	    7ffff7fac160 [unknown] ([unknown])
	    7ffff7fac160 [unknown] ([unknown])
	    7ffff7fac160 [unknown] ([unknown])
	    7ffff7fac160 [unknown] ([unknown])
	    7ffff7fac160 [unknown] ([unknown])
	    7ffff7fac160 [unknown] ([unknown])
	    7ffff7fac160 [unknown] ([unknown])
	    7ffff7fac160 [unknown] ([unknown])
	    7ffff7fac160 [unknown] ([unknown])
	    7ffff7fac160 [unknown] ([unknown])
	    7ffff7fac160 [unknown] ([unknown])
	    7ffff7fac160 [unknown] ([unknown])
	    7ffff7fac160 [unknown] ([unknown])
	    7ffff7fac160 [unknown] ([unknown])
	    7ffff7fac160 [unknown] ([unknown])
	    7ffff7fac160 [unknown] ([unknown])
	    7ffff7fac160 [unknown] ([unknown])
	    7ffff7fac160 [unknown] ([unknown])
	    7ffff7fac160 [unknown] ([unknown])
	    7ffff7fac160 [unknown] ([unknown])
	    7ffff7fac160 [unknown] ([unknown])
	    7ffff7fac160 [unknown] ([unknown])
	    7ffff7fac160 [unknown] ([unknown])
	    7ffff7fac160 [unknown] ([unknown])
	    7ffff7fac160 [unknown] ([unknown])
	    7ffff7fac160 [unknown] ([unknown])
	    7ffff7fac160 [unknown] ([unknown])
	    7ffff7fac160 [unknown] ([unknown])
	    7ffff7fac160 [unknown] ([unknown])
	    7ffff7fac160 [unknown] ([unknown])
	    7ffff7fac160 [unknown] ([unknown])
	    7ffff7fac160 [unknown] ([unknown])
	    7ffff7fac160 [unknown] ([unknown])
	    7ffff7fac160 [unknown] ([unknown])
	    7ffff7fac160 [unknown] ([unknown])
	    7ffff7fac160 [unknown] ([unknown])
	    7ffff7fac160 [unknown] ([unknown])
	    7ffff7fac160 [unknown] ([unknown])
	    7ffff7fac160 [unknown] ([unknown])
	    7ffff7fac160 [unknown] ([unknown])
	    7ffff7fac160 [unknown] ([unknown])
	    7ffff7fac160 [unknown] ([unknown])
	    7ffff7fac160 [unknown] ([unknown])
	    7ffff7fac160 [unknown] ([unknown])
	    7ffff7fac160 [unknown] ([unknown])
	    7ffff7fac160 [unknown] ([unknown])
	    7ffff7fac160 [unknown] ([unknown])
	    7ffff7fac160 [unknown] ([unknown])
	    7ffff7fac160 [unknown] ([unknown])
	    7ffff7fac160 [unknown] ([unknown])

grep   52814 [010] 79317.549250:                  syscalls:sys_enter_openat: dfd: 0xffffff9c, filename: 0x555555598c20, flags: 0x00000000, mode: 0x00000000
	    7ffff7d19a1c __open64_nocancel+0x4c (/usr/lib/x86_64-linux-gnu/libc.so.6)
	    7ffff7fac160 [unknown] ([unknown])
	    7ffff7fac160 [unknown] ([unknown])
	    7ffff7fac160 [unknown] ([unknown])
	    7ffff7fac160 [unknown] ([unknown])
	    7ffff7fac160 [unknown] ([unknown])
	    7ffff7fac160 [unknown] ([unknown])
	    7ffff7fac160 [unknown] ([unknown])
	    7ffff7fac160 [unknown] ([unknown])
	    7ffff7fac160 [unknown] ([unknown])
	    7ffff7fac160 [unknown] ([unknown])
	    7ffff7fac160 [unknown] ([unknown])
	    7ffff7fac160 [unknown] ([unknown])
	    7ffff7fac160 [unknown] ([unknown])
	    7ffff7fac160 [unknown] ([unknown])
	    7ffff7fac160 [unknown] ([unknown])
	    7ffff7fac160 [unknown] ([unknown])
	    7ffff7fac160 [unknown] ([unknown])
	    7ffff7fac160 [unknown] ([unknown])
	    7ffff7fac160 [unknown] ([unknown])
	    7ffff7fac160 [unknown] ([unknown])
	    7ffff7fac160 [unknown] ([unknown])
	    7ffff7fac160 [unknown] ([unknown])
	    7ffff7fac160 [unknown] ([unknown])
	    7ffff7fac160 [unknown] ([unknown])
	    7ffff7fac160 [unknown] ([unknown])
	    7ffff7fac160 [unknown] ([unknown])
	    7ffff7fac160 [unknown] ([unknown])
	    7ffff7fac160 [unknown] ([unknown])
	    7ffff7fac160 [unknown] ([unknown])
	    7ffff7fac160 [unknown] ([unknown])
	    7ffff7fac160 [unknown] ([unknown])
	    7ffff7fac160 [unknown] ([unknown])
	    7ffff7fac160 [unknown] ([unknown])
	    7ffff7fac160 [unknown] ([unknown])
	    7ffff7fac160 [unknown] ([unknown])
	    7ffff7fac160 [unknown] ([unknown])
	    7ffff7fac160 [unknown] ([unknown])
	    7ffff7fac160 [unknown] ([unknown])
	    7ffff7fac160 [unknown] ([unknown])
	    7ffff7fac160 [unknown] ([unknown])
	    7ffff7fac160 [unknown] ([unknown])
	    7ffff7fac160 [unknown] ([unknown])
	    7ffff7fac160 [unknown] ([unknown])
	    7ffff7fac160 [unknown] ([unknown])
	    7ffff7fac160 [unknown] ([unknown])
	    7ffff7fac160 [unknown] ([unknown])
	    7ffff7fac160 [unknown] ([unknown])
	    7ffff7fac160 [unknown] ([unknown])
	    7ffff7fac160 [unknown] ([unknown])
	    7ffff7fac160 [unknown] ([unknown])
	    7ffff7fac160 [unknown] ([unknown])
	    7ffff7fac160 [unknown] ([unknown])
	    7ffff7fac160 [unknown] ([unknown])
	    7ffff7fac160 [unknown] ([unknown])
	    7ffff7fac160 [unknown] ([unknown])
	    7ffff7fac160 [unknown] ([unknown])
	    7ffff7fac160 [unknown] ([unknown])
	    7ffff7fac160 [unknown] ([unknown])
	    7ffff7fac160 [unknown] ([unknown])
	    7ffff7fac160 [unknown] ([unknown])
	    7ffff7fac160 [unknown] ([unknown])
	    7ffff7fac160 [unknown] ([unknown])
	    7ffff7fac160 [unknown] ([unknown])
	    7ffff7fac160 [unknown] ([unknown])
	    7ffff7fac160 [unknown] ([unknown])
	    7ffff7fac160 [unknown] ([unknown])
	    7ffff7fac160 [unknown] ([unknown])
	    7ffff7fac160 [unknown] ([unknown])
	    7ffff7fac160 [unknown] ([unknown])
	    7ffff7fac160 [unknown] ([unknown])
	    7ffff7fac160 [unknown] ([unknown])
	    7ffff7fac160 [unknown] ([unknown])
	    7ffff7fac160 [unknown] ([unknown])
	    7ffff7fac160 [unknown] ([unknown])
	    7ffff7fac160 [unknown] ([unknown])
	    7ffff7fac160 [unknown] ([unknown])
	    7ffff7fac160 [unknown] ([unknown])
	    7ffff7fac160 [unknown] ([unknown])
	    7ffff7fac160 [unknown] ([unknown])
	    7ffff7fac160 [unknown] ([unknown])
	    7ffff7fac160 [unknown] ([unknown])
	    7ffff7fac160 [unknown] ([unknown])
	    7ffff7fac160 [unknown] ([unknown])
	    7ffff7fac160 [unknown] ([unknown])
	    7ffff7fac160 [unknown] ([unknown])
	    7ffff7fac160 [unknown] ([unknown])
	    7ffff7fac160 [unknown] ([unknown])
	    7ffff7fac160 [unknown] ([unknown])
	    7ffff7fac160 [unknown] ([unknown])
	    7ffff7fac160 [unknown] ([unknown])
	    7ffff7fac160 [unknown] ([unknown])
	    7ffff7fac160 [unknown] ([unknown])
	    7ffff7fac160 [unknown] ([unknown])
	    7ffff7fac160 [unknown] ([unknown])
	    7ffff7fac160 [unknown] ([unknown])
	    7ffff7fac160 [unknown] ([unknown])
	    7ffff7fac160 [unknown] ([unknown])
	    7ffff7fac160 [unknown] ([unknown])
	    7ffff7fac160 [unknown] ([unknown])
	    7ffff7fac160 [unknown] ([unknown])
	    7ffff7fac160 [unknown] ([unknown])
	    7ffff7fac160 [unknown] ([unknown])
	    7ffff7fac160 [unknown] ([unknown])
	    7ffff7fac160 [unknown] ([unknown])
	    7ffff7fac160 [unknown] ([unknown])
	    7ffff7fac160 [unknown] ([unknown])
	    7ffff7fac160 [unknown] ([unknown])
	    7ffff7fac160 [unknown] ([unknown])
	    7ffff7fac160 [unknown] ([unknown])
	    7ffff7fac160 [unknown] ([unknown])
	    7ffff7fac160 [unknown] ([unknown])
	    7ffff7fac160 [unknown] ([unknown])
	    7ffff7fac160 [unknown] ([unknown])
	    7ffff7fac160 [unknown] ([unknown])
	    7ffff7fac160 [unknown] ([unknown])
	    7ffff7fac160 [unknown] ([unknown])
	    7ffff7fac160 [unknown] ([unknown])
	    7ffff7fac160 [unknown] ([unknown])
	    7ffff7fac160 [unknown] ([unknown])
	    7ffff7fac160 [unknown] ([unknown])
	    7ffff7fac160 [unknown] ([unknown])
	    7ffff7fac160 [unknown] ([unknown])
	    7ffff7fac160 [unknown] ([unknown])
	    7ffff7fac160 [unknown] ([unknown])
	    7ffff7fac160 [unknown] ([unknown])
	    7ffff7fac160 [unknown] ([unknown])

grep   52814 [010] 79317.549255:                  syscalls:sys_enter_openat: dfd: 0xffffff9c, filename: 0x555555598f00, flags: 0x00000000, mode: 0x00000000
	    7ffff7d19a1c __open64_nocancel+0x4c (/usr/lib/x86_64-linux-gnu/libc.so.6)
	    7ffff7fac160 [unknown] ([unknown])
	    7ffff7fac160 [unknown] ([unknown])
	    7ffff7fac160 [unknown] ([unknown])
	    7ffff7fac160 [unknown] ([unknown])
	    7ffff7fac160 [unknown] ([unknown])
	    7ffff7fac160 [unknown] ([unknown])
	    7ffff7fac160 [unknown] ([unknown])
	    7ffff7fac160 [unknown] ([unknown])
	    7ffff7fac160 [unknown] ([unknown])
	    7ffff7fac160 [unknown] ([unknown])
	    7ffff7fac160 [unknown] ([unknown])
	    7ffff7fac160 [unknown] ([unknown])
	    7ffff7fac160 [unknown] ([unknown])
	    7ffff7fac160 [unknown] ([unknown])
	    7ffff7fac160 [unknown] ([unknown])
	    7ffff7fac160 [unknown] ([unknown])
	    7ffff7fac160 [unknown] ([unknown])
	    7ffff7fac160 [unknown] ([unknown])
	    7ffff7fac160 [unknown] ([unknown])
	    7ffff7fac160 [unknown] ([unknown])
	    7ffff7fac160 [unknown] ([unknown])
	    7ffff7fac160 [unknown] ([unknown])
	    7ffff7fac160 [unknown] ([unknown])
	    7ffff7fac160 [unknown] ([unknown])
	    7ffff7fac160 [unknown] ([unknown])
	    7ffff7fac160 [unknown] ([unknown])
	    7ffff7fac160 [unknown] ([unknown])
	    7ffff7fac160 [unknown] ([unknown])
	    7ffff7fac160 [unknown] ([unknown])
	    7ffff7fac160 [unknown] ([unknown])
	    7ffff7fac160 [unknown] ([unknown])
	    7ffff7fac160 [unknown] ([unknown])
	    7ffff7fac160 [unknown] ([unknown])
	    7ffff7fac160 [unknown] ([unknown])
	    7ffff7fac160 [unknown] ([unknown])
	    7ffff7fac160 [unknown] ([unknown])
	    7ffff7fac160 [unknown] ([unknown])
	    7ffff7fac160 [unknown] ([unknown])
	    7ffff7fac160 [unknown] ([unknown])
	    7ffff7fac160 [unknown] ([unknown])
	    7ffff7fac160 [unknown] ([unknown])
	    7ffff7fac160 [unknown] ([unknown])
	    7ffff7fac160 [unknown] ([unknown])
	    7ffff7fac160 [unknown] ([unknown])
	    7ffff7fac160 [unknown] ([unknown])
	    7ffff7fac160 [unknown] ([unknown])
	    7ffff7fac160 [unknown] ([unknown])
	    7ffff7fac160 [unknown] ([unknown])
	    7ffff7fac160 [unknown] ([unknown])
	    7ffff7fac160 [unknown] ([unknown])
	    7ffff7fac160 [unknown] ([unknown])
	    7ffff7fac160 [unknown] ([unknown])
	    7ffff7fac160 [unknown] ([unknown])
	    7ffff7fac160 [unknown] ([unknown])
	    7ffff7fac160 [unknown] ([unknown])
	    7ffff7fac160 [unknown] ([unknown])
	    7ffff7fac160 [unknown] ([unknown])
	    7ffff7fac160 [unknown] ([unknown])
	    7ffff7fac160 [unknown] ([unknown])
	    7ffff7fac160 [unknown] ([unknown])
	    7ffff7fac160 [unknown] ([unknown])
	    7ffff7fac160 [unknown] ([unknown])
	    7ffff7fac160 [unknown] ([unknown])
	    7ffff7fac160 [unknown] ([unknown])
	    7ffff7fac160 [unknown] ([unknown])
	    7ffff7fac160 [unknown] ([unknown])
	    7ffff7fac160 [unknown] ([unknown])
	    7ffff7fac160 [unknown] ([unknown])
	    7ffff7fac160 [unknown] ([unknown])
	    7ffff7fac160 [unknown] ([unknown])
	    7ffff7fac160 [unknown] ([unknown])
	    7ffff7fac160 [unknown] ([unknown])
	    7ffff7fac160 [unknown] ([unknown])
	    7ffff7fac160 [unknown] ([unknown])
	    7ffff7fac160 [unknown] ([unknown])
	    7ffff7fac160 [unknown] ([unknown])
	    7ffff7fac160 [unknown] ([unknown])
	    7ffff7fac160 [unknown] ([unknown])
	    7ffff7fac160 [unknown] ([unknown])
	    7ffff7fac160 [unknown] ([unknown])
	    7ffff7fac160 [unknown] ([unknown])
	    7ffff7fac160 [unknown] ([unknown])
	    7ffff7fac160 [unknown] ([unknown])
	    7ffff7fac160 [unknown] ([unknown])
	    7ffff7fac160 [unknown] ([unknown])
	    7ffff7fac160 [unknown] ([unknown])
	    7ffff7fac160 [unknown] ([unknown])
	    7ffff7fac160 [unknown] ([unknown])
	    7ffff7fac160 [unknown] ([unknown])
	    7ffff7fac160 [unknown] ([unknown])
	    7ffff7fac160 [unknown] ([unknown])
	    7ffff7fac160 [unknown] ([unknown])
	    7ffff7fac160 [unknown] ([unknown])
	    7ffff7fac160 [unknown] ([unknown])
	    7ffff7fac160 [unknown] ([unknown])
	    7ffff7fac160 [unknown] ([unknown])
	    7ffff7fac160 [unknown] ([unknown])
	    7ffff7fac160 [unknown] ([unknown])
	    7ffff7fac160 [unknown] ([unknown])
	    7ffff7fac160 [unknown] ([unknown])
	    7ffff7fac160 [unknown] ([unknown])
	    7ffff7fac160 [unknown] ([unknown])
	    7ffff7fac160 [unknown] ([unknown])
	    7ffff7fac160 [unknown] ([unknown])
	    7ffff7fac160 [unknown] ([unknown])
	    7ffff7fac160 [unknown] ([unknown])
	    7ffff7fac160 [unknown] ([unknown])
	    7ffff7fac160 [unknown] ([unknown])
	    7ffff7fac160 [unknown] ([unknown])
	    7ffff7fac160 [unknown] ([unknown])
	    7ffff7fac160 [unknown] ([unknown])
	    7ffff7fac160 [unknown] ([unknown])
	    7ffff7fac160 [unknown] ([unknown])
	    7ffff7fac160 [unknown] ([unknown])
	    7ffff7fac160 [unknown] ([unknown])
	    7ffff7fac160 [unknown] ([unknown])
	    7ffff7fac160 [unknown] ([unknown])
	    7ffff7fac160 [unknown] ([unknown])
	    7ffff7fac160 [unknown] ([unknown])
	    7ffff7fac160 [unknown] ([unknown])
	    7ffff7fac160 [unknown] ([unknown])
	    7ffff7fac160 [unknown] ([unknown])
	    7ffff7fac160 [unknown] ([unknown])
	    7ffff7fac160 [unknown] ([unknown])
	    7ffff7fac160 [unknown] ([unknown])
	    7ffff7fac160 [unknown] ([unknown])

grep   52814 [010] 79317.549260:                  syscalls:sys_enter_openat: dfd: 0xffffff9c, filename: 0x555555598a90, flags: 0x00000000, mode: 0x00000000
	    7ffff7d19a1c __open64_nocancel+0x4c (/usr/lib/x86_64-linux-gnu/libc.so.6)
	    7ffff7fac160 [unknown] ([unknown])
	    7ffff7fac160 [unknown] ([unknown])
	    7ffff7fac160 [unknown] ([unknown])
	    7ffff7fac160 [unknown] ([unknown])
	    7ffff7fac160 [unknown] ([unknown])
	    7ffff7fac160 [unknown] ([unknown])
	    7ffff7fac160 [unknown] ([unknown])
	    7ffff7fac160 [unknown] ([unknown])
	    7ffff7fac160 [unknown] ([unknown])
	    7ffff7fac160 [unknown] ([unknown])
	    7ffff7fac160 [unknown] ([unknown])
	    7ffff7fac160 [unknown] ([unknown])
	    7ffff7fac160 [unknown] ([unknown])
	    7ffff7fac160 [unknown] ([unknown])
	    7ffff7fac160 [unknown] ([unknown])
	    7ffff7fac160 [unknown] ([unknown])
	    7ffff7fac160 [unknown] ([unknown])
	    7ffff7fac160 [unknown] ([unknown])
	    7ffff7fac160 [unknown] ([unknown])
	    7ffff7fac160 [unknown] ([unknown])
	    7ffff7fac160 [unknown] ([unknown])
	    7ffff7fac160 [unknown] ([unknown])
	    7ffff7fac160 [unknown] ([unknown])
	    7ffff7fac160 [unknown] ([unknown])
	    7ffff7fac160 [unknown] ([unknown])
	    7ffff7fac160 [unknown] ([unknown])
	    7ffff7fac160 [unknown] ([unknown])
	    7ffff7fac160 [unknown] ([unknown])
	    7ffff7fac160 [unknown] ([unknown])
	    7ffff7fac160 [unknown] ([unknown])
	    7ffff7fac160 [unknown] ([unknown])
	    7ffff7fac160 [unknown] ([unknown])
	    7ffff7fac160 [unknown] ([unknown])
	    7ffff7fac160 [unknown] ([unknown])
	    7ffff7fac160 [unknown] ([unknown])
	    7ffff7fac160 [unknown] ([unknown])
	    7ffff7fac160 [unknown] ([unknown])
	    7ffff7fac160 [unknown] ([unknown])
	    7ffff7fac160 [unknown] ([unknown])
	    7ffff7fac160 [unknown] ([unknown])
	    7ffff7fac160 [unknown] ([unknown])
	    7ffff7fac160 [unknown] ([unknown])
	    7ffff7fac160 [unknown] ([unknown])
	    7ffff7fac160 [unknown] ([unknown])
	    7ffff7fac160 [unknown] ([unknown])
	    7ffff7fac160 [unknown] ([unknown])
	    7ffff7fac160 [unknown] ([unknown])
	    7ffff7fac160 [unknown] ([unknown])
	    7ffff7fac160 [unknown] ([unknown])
	    7ffff7fac160 [unknown] ([unknown])
	    7ffff7fac160 [unknown] ([unknown])
	    7ffff7fac160 [unknown] ([unknown])
	    7ffff7fac160 [unknown] ([unknown])
	    7ffff7fac160 [unknown] ([unknown])
	    7ffff7fac160 [unknown] ([unknown])
	    7ffff7fac160 [unknown] ([unknown])
	    7ffff7fac160 [unknown] ([unknown])
	    7ffff7fac160 [unknown] ([unknown])
	    7ffff7fac160 [unknown] ([unknown])
	    7ffff7fac160 [unknown] ([unknown])
	    7ffff7fac160 [unknown] ([unknown])
	    7ffff7fac160 [unknown] ([unknown])
	    7ffff7fac160 [unknown] ([unknown])
	    7ffff7fac160 [unknown] ([unknown])
	    7ffff7fac160 [unknown] ([unknown])
	    7ffff7fac160 [unknown] ([unknown])
	    7ffff7fac160 [unknown] ([unknown])
	    7ffff7fac160 [unknown] ([unknown])
	    7ffff7fac160 [unknown] ([unknown])
	    7ffff7fac160 [unknown] ([unknown])
	    7ffff7fac160 [unknown] ([unknown])
	    7ffff7fac160 [unknown] ([unknown])
	    7ffff7fac160 [unknown] ([unknown])
	    7ffff7fac160 [unknown] ([unknown])
	    7ffff7fac160 [unknown] ([unknown])
	    7ffff7fac160 [unknown] ([unknown])
	    7ffff7fac160 [unknown] ([unknown])
	    7ffff7fac160 [unknown] ([unknown])
	    7ffff7fac160 [unknown] ([unknown])
	    7ffff7fac160 [unknown] ([unknown])
	    7ffff7fac160 [unknown] ([unknown])
	    7ffff7fac160 [unknown] ([unknown])
	    7ffff7fac160 [unknown] ([unknown])
	    7ffff7fac160 [unknown] ([unknown])
	    7ffff7fac160 [unknown] ([unknown])
	    7ffff7fac160 [unknown] ([unknown])
	    7ffff7fac160 [unknown] ([unknown])
	    7ffff7fac160 [unknown] ([unknown])
	    7ffff7fac160 [unknown] ([unknown])
	    7ffff7fac160 [unknown] ([unknown])
	    7ffff7fac160 [unknown] ([unknown])
	    7ffff7fac160 [unknown] ([unknown])
	    7ffff7fac160 [unknown] ([unknown])
	    7ffff7fac160 [unknown] ([unknown])
	    7ffff7fac160 [unknown] ([unknown])
	    7ffff7fac160 [unknown] ([unknown])
	    7ffff7fac160 [unknown] ([unknown])
	    7ffff7fac160 [unknown] ([unknown])
	    7ffff7fac160 [unknown] ([unknown])
	    7ffff7fac160 [unknown] ([unknown])
	    7ffff7fac160 [unknown] ([unknown])
	    7ffff7fac160 [unknown] ([unknown])
	    7ffff7fac160 [unknown] ([unknown])
	    7ffff7fac160 [unknown] ([unknown])
	    7ffff7fac160 [unknown] ([unknown])
	    7ffff7fac160 [unknown] ([unknown])
	    7ffff7fac160 [unknown] ([unknown])
	    7ffff7fac160 [unknown] ([unknown])
	    7ffff7fac160 [unknown] ([unknown])
	    7ffff7fac160 [unknown] ([unknown])
	    7ffff7fac160 [unknown] ([unknown])
	    7ffff7fac160 [unknown] ([unknown])
	    7ffff7fac160 [unknown] ([unknown])
	    7ffff7fac160 [unknown] ([unknown])
	    7ffff7fac160 [unknown] ([unknown])
	    7ffff7fac160 [unknown] ([unknown])
	    7ffff7fac160 [unknown] ([unknown])
	    7ffff7fac160 [unknown] ([unknown])
	    7ffff7fac160 [unknown] ([unknown])
	    7ffff7fac160 [unknown] ([unknown])
	    7ffff7fac160 [unknown] ([unknown])
	    7ffff7fac160 [unknown] ([unknown])
	    7ffff7fac160 [unknown] ([unknown])
	    7ffff7fac160 [unknown] ([unknown])
	    7ffff7fac160 [unknown] ([unknown])
	    7ffff7fac160 [unknown] ([unknown])

grep   52814 [010] 79317.549265:                  syscalls:sys_enter_openat: dfd: 0xffffff9c, filename: 0x555555598d80, flags: 0x00000000, mode: 0x00000000
	    7ffff7d19a1c __open64_nocancel+0x4c (/usr/lib/x86_64-linux-gnu/libc.so.6)
	    7ffff7fac160 [unknown] ([unknown])
	    7ffff7fac160 [unknown] ([unknown])
	    7ffff7fac160 [unknown] ([unknown])
	    7ffff7fac160 [unknown] ([unknown])
	    7ffff7fac160 [unknown] ([unknown])
	    7ffff7fac160 [unknown] ([unknown])
	    7ffff7fac160 [unknown] ([unknown])
	    7ffff7fac160 [unknown] ([unknown])
	    7ffff7fac160 [unknown] ([unknown])
	    7ffff7fac160 [unknown] ([unknown])
	    7ffff7fac160 [unknown] ([unknown])
	    7ffff7fac160 [unknown] ([unknown])
	    7ffff7fac160 [unknown] ([unknown])
	    7ffff7fac160 [unknown] ([unknown])
	    7ffff7fac160 [unknown] ([unknown])
	    7ffff7fac160 [unknown] ([unknown])
	    7ffff7fac160 [unknown] ([unknown])
	    7ffff7fac160 [unknown] ([unknown])
	    7ffff7fac160 [unknown] ([unknown])
	    7ffff7fac160 [unknown] ([unknown])
	    7ffff7fac160 [unknown] ([unknown])
	    7ffff7fac160 [unknown] ([unknown])
	    7ffff7fac160 [unknown] ([unknown])
	    7ffff7fac160 [unknown] ([unknown])
	    7ffff7fac160 [unknown] ([unknown])
	    7ffff7fac160 [unknown] ([unknown])
	    7ffff7fac160 [unknown] ([unknown])
	    7ffff7fac160 [unknown] ([unknown])
	    7ffff7fac160 [unknown] ([unknown])
	    7ffff7fac160 [unknown] ([unknown])
	    7ffff7fac160 [unknown] ([unknown])
	    7ffff7fac160 [unknown] ([unknown])
	    7ffff7fac160 [unknown] ([unknown])
	    7ffff7fac160 [unknown] ([unknown])
	    7ffff7fac160 [unknown] ([unknown])
	    7ffff7fac160 [unknown] ([unknown])
	    7ffff7fac160 [unknown] ([unknown])
	    7ffff7fac160 [unknown] ([unknown])
	    7ffff7fac160 [unknown] ([unknown])
	    7ffff7fac160 [unknown] ([unknown])
	    7ffff7fac160 [unknown] ([unknown])
	    7ffff7fac160 [unknown] ([unknown])
	    7ffff7fac160 [unknown] ([unknown])
	    7ffff7fac160 [unknown] ([unknown])
	    7ffff7fac160 [unknown] ([unknown])
	    7ffff7fac160 [unknown] ([unknown])
	    7ffff7fac160 [unknown] ([unknown])
	    7ffff7fac160 [unknown] ([unknown])
	    7ffff7fac160 [unknown] ([unknown])
	    7ffff7fac160 [unknown] ([unknown])
	    7ffff7fac160 [unknown] ([unknown])
	    7ffff7fac160 [unknown] ([unknown])
	    7ffff7fac160 [unknown] ([unknown])
	    7ffff7fac160 [unknown] ([unknown])
	    7ffff7fac160 [unknown] ([unknown])
	    7ffff7fac160 [unknown] ([unknown])
	    7ffff7fac160 [unknown] ([unknown])
	    7ffff7fac160 [unknown] ([unknown])
	    7ffff7fac160 [unknown] ([unknown])
	    7ffff7fac160 [unknown] ([unknown])
	    7ffff7fac160 [unknown] ([unknown])
	    7ffff7fac160 [unknown] ([unknown])
	    7ffff7fac160 [unknown] ([unknown])
	    7ffff7fac160 [unknown] ([unknown])
	    7ffff7fac160 [unknown] ([unknown])
	    7ffff7fac160 [unknown] ([unknown])
	    7ffff7fac160 [unknown] ([unknown])
	    7ffff7fac160 [unknown] ([unknown])
	    7ffff7fac160 [unknown] ([unknown])
	    7ffff7fac160 [unknown] ([unknown])
	    7ffff7fac160 [unknown] ([unknown])
	    7ffff7fac160 [unknown] ([unknown])
	    7ffff7fac160 [unknown] ([unknown])
	    7ffff7fac160 [unknown] ([unknown])
	    7ffff7fac160 [unknown] ([unknown])
	    7ffff7fac160 [unknown] ([unknown])
	    7ffff7fac160 [unknown] ([unknown])
	    7ffff7fac160 [unknown] ([unknown])
	    7ffff7fac160 [unknown] ([unknown])
	    7ffff7fac160 [unknown] ([unknown])
	    7ffff7fac160 [unknown] ([unknown])
	    7ffff7fac160 [unknown] ([unknown])
	    7ffff7fac160 [unknown] ([unknown])
	    7ffff7fac160 [unknown] ([unknown])
	    7ffff7fac160 [unknown] ([unknown])
	    7ffff7fac160 [unknown] ([unknown])
	    7ffff7fac160 [unknown] ([unknown])
	    7ffff7fac160 [unknown] ([unknown])
	    7ffff7fac160 [unknown] ([unknown])
	    7ffff7fac160 [unknown] ([unknown])
	    7ffff7fac160 [unknown] ([unknown])
	    7ffff7fac160 [unknown] ([unknown])
	    7ffff7fac160 [unknown] ([unknown])
	    7ffff7fac160 [unknown] ([unknown])
	    7ffff7fac160 [unknown] ([unknown])
	    7ffff7fac160 [unknown] ([unknown])
	    7ffff7fac160 [unknown] ([unknown])
	    7ffff7fac160 [unknown] ([unknown])
	    7ffff7fac160 [unknown] ([unknown])
	    7ffff7fac160 [unknown] ([unknown])
	    7ffff7fac160 [unknown] ([unknown])
	    7ffff7fac160 [unknown] ([unknown])
	    7ffff7fac160 [unknown] ([unknown])
	    7ffff7fac160 [unknown] ([unknown])
	    7ffff7fac160 [unknown] ([unknown])
	    7ffff7fac160 [unknown] ([unknown])
	    7ffff7fac160 [unknown] ([unknown])
	    7ffff7fac160 [unknown] ([unknown])
	    7ffff7fac160 [unknown] ([unknown])
	    7ffff7fac160 [unknown] ([unknown])
	    7ffff7fac160 [unknown] ([unknown])
	    7ffff7fac160 [unknown] ([unknown])
	    7ffff7fac160 [unknown] ([unknown])
	    7ffff7fac160 [unknown] ([unknown])
	    7ffff7fac160 [unknown] ([unknown])
	    7ffff7fac160 [unknown] ([unknown])
	    7ffff7fac160 [unknown] ([unknown])
	    7ffff7fac160 [unknown] ([unknown])
	    7ffff7fac160 [unknown] ([unknown])
	    7ffff7fac160 [unknown] ([unknown])
	    7ffff7fac160 [unknown] ([unknown])
	    7ffff7fac160 [unknown] ([unknown])
	    7ffff7fac160 [unknown] ([unknown])
	    7ffff7fac160 [unknown] ([unknown])
	    7ffff7fac160 [unknown] ([unknown])
	    7ffff7fac160 [unknown] ([unknown])

grep   52814 [010] 79317.549271:                  syscalls:sys_enter_openat: dfd: 0xffffff9c, filename: 0x555555599010, flags: 0x00000000, mode: 0x00000000
	    7ffff7d19a1c __open64_nocancel+0x4c (/usr/lib/x86_64-linux-gnu/libc.so.6)
	    7ffff7fac160 [unknown] ([unknown])
	    7ffff7fac160 [unknown] ([unknown])
	    7ffff7fac160 [unknown] ([unknown])
	    7ffff7fac160 [unknown] ([unknown])
	    7ffff7fac160 [unknown] ([unknown])
	    7ffff7fac160 [unknown] ([unknown])
	    7ffff7fac160 [unknown] ([unknown])
	    7ffff7fac160 [unknown] ([unknown])
	    7ffff7fac160 [unknown] ([unknown])
	    7ffff7fac160 [unknown] ([unknown])
	    7ffff7fac160 [unknown] ([unknown])
	    7ffff7fac160 [unknown] ([unknown])
	    7ffff7fac160 [unknown] ([unknown])
	    7ffff7fac160 [unknown] ([unknown])
	    7ffff7fac160 [unknown] ([unknown])
	    7ffff7fac160 [unknown] ([unknown])
	    7ffff7fac160 [unknown] ([unknown])
	    7ffff7fac160 [unknown] ([unknown])
	    7ffff7fac160 [unknown] ([unknown])
	    7ffff7fac160 [unknown] ([unknown])
	    7ffff7fac160 [unknown] ([unknown])
	    7ffff7fac160 [unknown] ([unknown])
	    7ffff7fac160 [unknown] ([unknown])
	    7ffff7fac160 [unknown] ([unknown])
	    7ffff7fac160 [unknown] ([unknown])
	    7ffff7fac160 [unknown] ([unknown])
	    7ffff7fac160 [unknown] ([unknown])
	    7ffff7fac160 [unknown] ([unknown])
	    7ffff7fac160 [unknown] ([unknown])
	    7ffff7fac160 [unknown] ([unknown])
	    7ffff7fac160 [unknown] ([unknown])
	    7ffff7fac160 [unknown] ([unknown])
	    7ffff7fac160 [unknown] ([unknown])
	    7ffff7fac160 [unknown] ([unknown])
	    7ffff7fac160 [unknown] ([unknown])
	    7ffff7fac160 [unknown] ([unknown])
	    7ffff7fac160 [unknown] ([unknown])
	    7ffff7fac160 [unknown] ([unknown])
	    7ffff7fac160 [unknown] ([unknown])
	    7ffff7fac160 [unknown] ([unknown])
	    7ffff7fac160 [unknown] ([unknown])
	    7ffff7fac160 [unknown] ([unknown])
	    7ffff7fac160 [unknown] ([unknown])
	    7ffff7fac160 [unknown] ([unknown])
	    7ffff7fac160 [unknown] ([unknown])
	    7ffff7fac160 [unknown] ([unknown])
	    7ffff7fac160 [unknown] ([unknown])
	    7ffff7fac160 [unknown] ([unknown])
	    7ffff7fac160 [unknown] ([unknown])
	    7ffff7fac160 [unknown] ([unknown])
	    7ffff7fac160 [unknown] ([unknown])
	    7ffff7fac160 [unknown] ([unknown])
	    7ffff7fac160 [unknown] ([unknown])
	    7ffff7fac160 [unknown] ([unknown])
	    7ffff7fac160 [unknown] ([unknown])
	    7ffff7fac160 [unknown] ([unknown])
	    7ffff7fac160 [unknown] ([unknown])
	    7ffff7fac160 [unknown] ([unknown])
	    7ffff7fac160 [unknown] ([unknown])
	    7ffff7fac160 [unknown] ([unknown])
	    7ffff7fac160 [unknown] ([unknown])
	    7ffff7fac160 [unknown] ([unknown])
	    7ffff7fac160 [unknown] ([unknown])
	    7ffff7fac160 [unknown] ([unknown])
	    7ffff7fac160 [unknown] ([unknown])
	    7ffff7fac160 [unknown] ([unknown])
	    7ffff7fac160 [unknown] ([unknown])
	    7ffff7fac160 [unknown] ([unknown])
	    7ffff7fac160 [unknown] ([unknown])
	    7ffff7fac160 [unknown] ([unknown])
	    7ffff7fac160 [unknown] ([unknown])
	    7ffff7fac160 [unknown] ([unknown])
	    7ffff7fac160 [unknown] ([unknown])
	    7ffff7fac160 [unknown] ([unknown])
	    7ffff7fac160 [unknown] ([unknown])
	    7ffff7fac160 [unknown] ([unknown])
	    7ffff7fac160 [unknown] ([unknown])
	    7ffff7fac160 [unknown] ([unknown])
	    7ffff7fac160 [unknown] ([unknown])
	    7ffff7fac160 [unknown] ([unknown])
	    7ffff7fac160 [unknown] ([unknown])
	    7ffff7fac160 [unknown] ([unknown])
	    7ffff7fac160 [unknown] ([unknown])
	    7ffff7fac160 [unknown] ([unknown])
	    7ffff7fac160 [unknown] ([unknown])
	    7ffff7fac160 [unknown] ([unknown])
	    7ffff7fac160 [unknown] ([unknown])
	    7ffff7fac160 [unknown] ([unknown])
	    7ffff7fac160 [unknown] ([unknown])
	    7ffff7fac160 [unknown] ([unknown])
	    7ffff7fac160 [unknown] ([unknown])
	    7ffff7fac160 [unknown] ([unknown])
	    7ffff7fac160 [unknown] ([unknown])
	    7ffff7fac160 [unknown] ([unknown])
	    7ffff7fac160 [unknown] ([unknown])
	    7ffff7fac160 [unknown] ([unknown])
	    7ffff7fac160 [unknown] ([unknown])
	    7ffff7fac160 [unknown] ([unknown])
	    7ffff7fac160 [unknown] ([unknown])
	    7ffff7fac160 [unknown] ([unknown])
	    7ffff7fac160 [unknown] ([unknown])
	    7ffff7fac160 [unknown] ([unknown])
	    7ffff7fac160 [unknown] ([unknown])
	    7ffff7fac160 [unknown] ([unknown])
	    7ffff7fac160 [unknown] ([unknown])
	    7ffff7fac160 [unknown] ([unknown])
	    7ffff7fac160 [unknown] ([unknown])
	    7ffff7fac160 [unknown] ([unknown])
	    7ffff7fac160 [unknown] ([unknown])
	    7ffff7fac160 [unknown] ([unknown])
	    7ffff7fac160 [unknown] ([unknown])
	    7ffff7fac160 [unknown] ([unknown])
	    7ffff7fac160 [unknown] ([unknown])
	    7ffff7fac160 [unknown] ([unknown])
	    7ffff7fac160 [unknown] ([unknown])
	    7ffff7fac160 [unknown] ([unknown])
	    7ffff7fac160 [unknown] ([unknown])
	    7ffff7fac160 [unknown] ([unknown])
	    7ffff7fac160 [unknown] ([unknown])
	    7ffff7fac160 [unknown] ([unknown])
	    7ffff7fac160 [unknown] ([unknown])
	    7ffff7fac160 [unknown] ([unknown])
	    7ffff7fac160 [unknown] ([unknown])
	    7ffff7fac160 [unknown] ([unknown])
	    7ffff7fac160 [unknown] ([unknown])
	    7ffff7fac160 [unknown] ([unknown])

grep   52814 [010] 79317.549276:                  syscalls:sys_enter_openat: dfd: 0xffffff9c, filename: 0x555555598b90, flags: 0x00000000, mode: 0x00000000
	    7ffff7d19a1c __open64_nocancel+0x4c (/usr/lib/x86_64-linux-gnu/libc.so.6)
	    7ffff7fac160 [unknown] ([unknown])
	    7ffff7fac160 [unknown] ([unknown])
	    7ffff7fac160 [unknown] ([unknown])
	    7ffff7fac160 [unknown] ([unknown])
	    7ffff7fac160 [unknown] ([unknown])
	    7ffff7fac160 [unknown] ([unknown])
	    7ffff7fac160 [unknown] ([unknown])
	    7ffff7fac160 [unknown] ([unknown])
	    7ffff7fac160 [unknown] ([unknown])
	    7ffff7fac160 [unknown] ([unknown])
	    7ffff7fac160 [unknown] ([unknown])
	    7ffff7fac160 [unknown] ([unknown])
	    7ffff7fac160 [unknown] ([unknown])
	    7ffff7fac160 [unknown] ([unknown])
	    7ffff7fac160 [unknown] ([unknown])
	    7ffff7fac160 [unknown] ([unknown])
	    7ffff7fac160 [unknown] ([unknown])
	    7ffff7fac160 [unknown] ([unknown])
	    7ffff7fac160 [unknown] ([unknown])
	    7ffff7fac160 [unknown] ([unknown])
	    7ffff7fac160 [unknown] ([unknown])
	    7ffff7fac160 [unknown] ([unknown])
	    7ffff7fac160 [unknown] ([unknown])
	    7ffff7fac160 [unknown] ([unknown])
	    7ffff7fac160 [unknown] ([unknown])
	    7ffff7fac160 [unknown] ([unknown])
	    7ffff7fac160 [unknown] ([unknown])
	    7ffff7fac160 [unknown] ([unknown])
	    7ffff7fac160 [unknown] ([unknown])
	    7ffff7fac160 [unknown] ([unknown])
	    7ffff7fac160 [unknown] ([unknown])
	    7ffff7fac160 [unknown] ([unknown])
	    7ffff7fac160 [unknown] ([unknown])
	    7ffff7fac160 [unknown] ([unknown])
	    7ffff7fac160 [unknown] ([unknown])
	    7ffff7fac160 [unknown] ([unknown])
	    7ffff7fac160 [unknown] ([unknown])
	    7ffff7fac160 [unknown] ([unknown])
	    7ffff7fac160 [unknown] ([unknown])
	    7ffff7fac160 [unknown] ([unknown])
	    7ffff7fac160 [unknown] ([unknown])
	    7ffff7fac160 [unknown] ([unknown])
	    7ffff7fac160 [unknown] ([unknown])
	    7ffff7fac160 [unknown] ([unknown])
	    7ffff7fac160 [unknown] ([unknown])
	    7ffff7fac160 [unknown] ([unknown])
	    7ffff7fac160 [unknown] ([unknown])
	    7ffff7fac160 [unknown] ([unknown])
	    7ffff7fac160 [unknown] ([unknown])
	    7ffff7fac160 [unknown] ([unknown])
	    7ffff7fac160 [unknown] ([unknown])
	    7ffff7fac160 [unknown] ([unknown])
	    7ffff7fac160 [unknown] ([unknown])
	    7ffff7fac160 [unknown] ([unknown])
	    7ffff7fac160 [unknown] ([unknown])
	    7ffff7fac160 [unknown] ([unknown])
	    7ffff7fac160 [unknown] ([unknown])
	    7ffff7fac160 [unknown] ([unknown])
	    7ffff7fac160 [unknown] ([unknown])
	    7ffff7fac160 [unknown] ([unknown])
	    7ffff7fac160 [unknown] ([unknown])
	    7ffff7fac160 [unknown] ([unknown])
	    7ffff7fac160 [unknown] ([unknown])
	    7ffff7fac160 [unknown] ([unknown])
	    7ffff7fac160 [unknown] ([unknown])
	    7ffff7fac160 [unknown] ([unknown])
	    7ffff7fac160 [unknown] ([unknown])
	    7ffff7fac160 [unknown] ([unknown])
	    7ffff7fac160 [unknown] ([unknown])
	    7ffff7fac160 [unknown] ([unknown])
	    7ffff7fac160 [unknown] ([unknown])
	    7ffff7fac160 [unknown] ([unknown])
	    7ffff7fac160 [unknown] ([unknown])
	    7ffff7fac160 [unknown] ([unknown])
	    7ffff7fac160 [unknown] ([unknown])
	    7ffff7fac160 [unknown] ([unknown])
	    7ffff7fac160 [unknown] ([unknown])
	    7ffff7fac160 [unknown] ([unknown])
	    7ffff7fac160 [unknown] ([unknown])
	    7ffff7fac160 [unknown] ([unknown])
	    7ffff7fac160 [unknown] ([unknown])
	    7ffff7fac160 [unknown] ([unknown])
	    7ffff7fac160 [unknown] ([unknown])
	    7ffff7fac160 [unknown] ([unknown])
	    7ffff7fac160 [unknown] ([unknown])
	    7ffff7fac160 [unknown] ([unknown])
	    7ffff7fac160 [unknown] ([unknown])
	    7ffff7fac160 [unknown] ([unknown])
	    7ffff7fac160 [unknown] ([unknown])
	    7ffff7fac160 [unknown] ([unknown])
	    7ffff7fac160 [unknown] ([unknown])
	    7ffff7fac160 [unknown] ([unknown])
	    7ffff7fac160 [unknown] ([unknown])
	    7ffff7fac160 [unknown] ([unknown])
	    7ffff7fac160 [unknown] ([unknown])
	    7ffff7fac160 [unknown] ([unknown])
	    7ffff7fac160 [unknown] ([unknown])
	    7ffff7fac160 [unknown] ([unknown])
	    7ffff7fac160 [unknown] ([unknown])
	    7ffff7fac160 [unknown] ([unknown])
	    7ffff7fac160 [unknown] ([unknown])
	    7ffff7fac160 [unknown] ([unknown])
	    7ffff7fac160 [unknown] ([unknown])
	    7ffff7fac160 [unknown] ([unknown])
	    7ffff7fac160 [unknown] ([unknown])
	    7ffff7fac160 [unknown] ([unknown])
	    7ffff7fac160 [unknown] ([unknown])
	    7ffff7fac160 [unknown] ([unknown])
	    7ffff7fac160 [unknown] ([unknown])
	    7ffff7fac160 [unknown] ([unknown])
	    7ffff7fac160 [unknown] ([unknown])
	    7ffff7fac160 [unknown] ([unknown])
	    7ffff7fac160 [unknown] ([unknown])
	    7ffff7fac160 [unknown] ([unknown])
	    7ffff7fac160 [unknown] ([unknown])
	    7ffff7fac160 [unknown] ([unknown])
	    7ffff7fac160 [unknown] ([unknown])
	    7ffff7fac160 [unknown] ([unknown])
	    7ffff7fac160 [unknown] ([unknown])
	    7ffff7fac160 [unknown] ([unknown])
	    7ffff7fac160 [unknown] ([unknown])
	    7ffff7fac160 [unknown] ([unknown])
	    7ffff7fac160 [unknown] ([unknown])
	    7ffff7fac160 [unknown] ([unknown])
	    7ffff7fac160 [unknown] ([unknown])
	    7ffff7fac160 [unknown] ([unknown])

grep   52814 [010] 79317.549282:                  syscalls:sys_enter_openat: dfd: 0xffffff9c, filename: 0x555555598cb0, flags: 0x00000000, mode: 0x00000000
	    7ffff7d19a1c __open64_nocancel+0x4c (/usr/lib/x86_64-linux-gnu/libc.so.6)
	    7ffff7fac160 [unknown] ([unknown])
	    7ffff7fac160 [unknown] ([unknown])
	    7ffff7fac160 [unknown] ([unknown])
	    7ffff7fac160 [unknown] ([unknown])
	    7ffff7fac160 [unknown] ([unknown])
	    7ffff7fac160 [unknown] ([unknown])
	    7ffff7fac160 [unknown] ([unknown])
	    7ffff7fac160 [unknown] ([unknown])
	    7ffff7fac160 [unknown] ([unknown])
	    7ffff7fac160 [unknown] ([unknown])
	    7ffff7fac160 [unknown] ([unknown])
	    7ffff7fac160 [unknown] ([unknown])
	    7ffff7fac160 [unknown] ([unknown])
	    7ffff7fac160 [unknown] ([unknown])
	    7ffff7fac160 [unknown] ([unknown])
	    7ffff7fac160 [unknown] ([unknown])
	    7ffff7fac160 [unknown] ([unknown])
	    7ffff7fac160 [unknown] ([unknown])
	    7ffff7fac160 [unknown] ([unknown])
	    7ffff7fac160 [unknown] ([unknown])
	    7ffff7fac160 [unknown] ([unknown])
	    7ffff7fac160 [unknown] ([unknown])
	    7ffff7fac160 [unknown] ([unknown])
	    7ffff7fac160 [unknown] ([unknown])
	    7ffff7fac160 [unknown] ([unknown])
	    7ffff7fac160 [unknown] ([unknown])
	    7ffff7fac160 [unknown] ([unknown])
	    7ffff7fac160 [unknown] ([unknown])
	    7ffff7fac160 [unknown] ([unknown])
	    7ffff7fac160 [unknown] ([unknown])
	    7ffff7fac160 [unknown] ([unknown])
	    7ffff7fac160 [unknown] ([unknown])
	    7ffff7fac160 [unknown] ([unknown])
	    7ffff7fac160 [unknown] ([unknown])
	    7ffff7fac160 [unknown] ([unknown])
	    7ffff7fac160 [unknown] ([unknown])
	    7ffff7fac160 [unknown] ([unknown])
	    7ffff7fac160 [unknown] ([unknown])
	    7ffff7fac160 [unknown] ([unknown])
	    7ffff7fac160 [unknown] ([unknown])
	    7ffff7fac160 [unknown] ([unknown])
	    7ffff7fac160 [unknown] ([unknown])
	    7ffff7fac160 [unknown] ([unknown])
	    7ffff7fac160 [unknown] ([unknown])
	    7ffff7fac160 [unknown] ([unknown])
	    7ffff7fac160 [unknown] ([unknown])
	    7ffff7fac160 [unknown] ([unknown])
	    7ffff7fac160 [unknown] ([unknown])
	    7ffff7fac160 [unknown] ([unknown])
	    7ffff7fac160 [unknown] ([unknown])
	    7ffff7fac160 [unknown] ([unknown])
	    7ffff7fac160 [unknown] ([unknown])
	    7ffff7fac160 [unknown] ([unknown])
	    7ffff7fac160 [unknown] ([unknown])
	    7ffff7fac160 [unknown] ([unknown])
	    7ffff7fac160 [unknown] ([unknown])
	    7ffff7fac160 [unknown] ([unknown])
	    7ffff7fac160 [unknown] ([unknown])
	    7ffff7fac160 [unknown] ([unknown])
	    7ffff7fac160 [unknown] ([unknown])
	    7ffff7fac160 [unknown] ([unknown])
	    7ffff7fac160 [unknown] ([unknown])
	    7ffff7fac160 [unknown] ([unknown])
	    7ffff7fac160 [unknown] ([unknown])
	    7ffff7fac160 [unknown] ([unknown])
	    7ffff7fac160 [unknown] ([unknown])
	    7ffff7fac160 [unknown] ([unknown])
	    7ffff7fac160 [unknown] ([unknown])
	    7ffff7fac160 [unknown] ([unknown])
	    7ffff7fac160 [unknown] ([unknown])
	    7ffff7fac160 [unknown] ([unknown])
	    7ffff7fac160 [unknown] ([unknown])
	    7ffff7fac160 [unknown] ([unknown])
	    7ffff7fac160 [unknown] ([unknown])
	    7ffff7fac160 [unknown] ([unknown])
	    7ffff7fac160 [unknown] ([unknown])
	    7ffff7fac160 [unknown] ([unknown])
	    7ffff7fac160 [unknown] ([unknown])
	    7ffff7fac160 [unknown] ([unknown])
	    7ffff7fac160 [unknown] ([unknown])
	    7ffff7fac160 [unknown] ([unknown])
	    7ffff7fac160 [unknown] ([unknown])
	    7ffff7fac160 [unknown] ([unknown])
	    7ffff7fac160 [unknown] ([unknown])
	    7ffff7fac160 [unknown] ([unknown])
	    7ffff7fac160 [unknown] ([unknown])
	    7ffff7fac160 [unknown] ([unknown])
	    7ffff7fac160 [unknown] ([unknown])
	    7ffff7fac160 [unknown] ([unknown])
	    7ffff7fac160 [unknown] ([unknown])
	    7ffff7fac160 [unknown] ([unknown])
	    7ffff7fac160 [unknown] ([unknown])
	    7ffff7fac160 [unknown] ([unknown])
	    7ffff7fac160 [unknown] ([unknown])
	    7ffff7fac160 [unknown] ([unknown])
	    7ffff7fac160 [unknown] ([unknown])
	    7ffff7fac160 [unknown] ([unknown])
	    7ffff7fac160 [unknown] ([unknown])
	    7ffff7fac160 [unknown] ([unknown])
	    7ffff7fac160 [unknown] ([unknown])
	    7ffff7fac160 [unknown] ([unknown])
	    7ffff7fac160 [unknown] ([unknown])
	    7ffff7fac160 [unknown] ([unknown])
	    7ffff7fac160 [unknown] ([unknown])
	    7ffff7fac160 [unknown] ([unknown])
	    7ffff7fac160 [unknown] ([unknown])
	    7ffff7fac160 [unknown] ([unknown])
	    7ffff7fac160 [unknown] ([unknown])
	    7ffff7fac160 [unknown] ([unknown])
	    7ffff7fac160 [unknown] ([unknown])
	    7ffff7fac160 [unknown] ([unknown])
	    7ffff7fac160 [unknown] ([unknown])
	    7ffff7fac160 [unknown] ([unknown])
	    7ffff7fac160 [unknown] ([unknown])
	    7ffff7fac160 [unknown] ([unknown])
	    7ffff7fac160 [unknown] ([unknown])
	    7ffff7fac160 [unknown] ([unknown])
	    7ffff7fac160 [unknown] ([unknown])
	    7ffff7fac160 [unknown] ([unknown])
	    7ffff7fac160 [unknown] ([unknown])
	    7ffff7fac160 [unknown] ([unknown])
	    7ffff7fac160 [unknown] ([unknown])
	    7ffff7fac160 [unknown] ([unknown])
	    7ffff7fac160 [unknown] ([unknown])
	    7ffff7fac160 [unknown] ([unknown])
	    7ffff7fac160 [unknown] ([unknown])

grep   52814 [010] 79317.549288:                  syscalls:sys_enter_openat: dfd: 0xffffff9c, filename: 0x555555598f40, flags: 0x00000000, mode: 0x00000000
	    7ffff7d19a1c __open64_nocancel+0x4c (/usr/lib/x86_64-linux-gnu/libc.so.6)
	    7ffff7fac160 [unknown] ([unknown])
	    7ffff7fac160 [unknown] ([unknown])
	    7ffff7fac160 [unknown] ([unknown])
	    7ffff7fac160 [unknown] ([unknown])
	    7ffff7fac160 [unknown] ([unknown])
	    7ffff7fac160 [unknown] ([unknown])
	    7ffff7fac160 [unknown] ([unknown])
	    7ffff7fac160 [unknown] ([unknown])
	    7ffff7fac160 [unknown] ([unknown])
	    7ffff7fac160 [unknown] ([unknown])
	    7ffff7fac160 [unknown] ([unknown])
	    7ffff7fac160 [unknown] ([unknown])
	    7ffff7fac160 [unknown] ([unknown])
	    7ffff7fac160 [unknown] ([unknown])
	    7ffff7fac160 [unknown] ([unknown])
	    7ffff7fac160 [unknown] ([unknown])
	    7ffff7fac160 [unknown] ([unknown])
	    7ffff7fac160 [unknown] ([unknown])
	    7ffff7fac160 [unknown] ([unknown])
	    7ffff7fac160 [unknown] ([unknown])
	    7ffff7fac160 [unknown] ([unknown])
	    7ffff7fac160 [unknown] ([unknown])
	    7ffff7fac160 [unknown] ([unknown])
	    7ffff7fac160 [unknown] ([unknown])
	    7ffff7fac160 [unknown] ([unknown])
	    7ffff7fac160 [unknown] ([unknown])
	    7ffff7fac160 [unknown] ([unknown])
	    7ffff7fac160 [unknown] ([unknown])
	    7ffff7fac160 [unknown] ([unknown])
	    7ffff7fac160 [unknown] ([unknown])
	    7ffff7fac160 [unknown] ([unknown])
	    7ffff7fac160 [unknown] ([unknown])
	    7ffff7fac160 [unknown] ([unknown])
	    7ffff7fac160 [unknown] ([unknown])
	    7ffff7fac160 [unknown] ([unknown])
	    7ffff7fac160 [unknown] ([unknown])
	    7ffff7fac160 [unknown] ([unknown])
	    7ffff7fac160 [unknown] ([unknown])
	    7ffff7fac160 [unknown] ([unknown])
	    7ffff7fac160 [unknown] ([unknown])
	    7ffff7fac160 [unknown] ([unknown])
	    7ffff7fac160 [unknown] ([unknown])
	    7ffff7fac160 [unknown] ([unknown])
	    7ffff7fac160 [unknown] ([unknown])
	    7ffff7fac160 [unknown] ([unknown])
	    7ffff7fac160 [unknown] ([unknown])
	    7ffff7fac160 [unknown] ([unknown])
	    7ffff7fac160 [unknown] ([unknown])
	    7ffff7fac160 [unknown] ([unknown])
	    7ffff7fac160 [unknown] ([unknown])
	    7ffff7fac160 [unknown] ([unknown])
	    7ffff7fac160 [unknown] ([unknown])
	    7ffff7fac160 [unknown] ([unknown])
	    7ffff7fac160 [unknown] ([unknown])
	    7ffff7fac160 [unknown] ([unknown])
	    7ffff7fac160 [unknown] ([unknown])
	    7ffff7fac160 [unknown] ([unknown])
	    7ffff7fac160 [unknown] ([unknown])
	    7ffff7fac160 [unknown] ([unknown])
	    7ffff7fac160 [unknown] ([unknown])
	    7ffff7fac160 [unknown] ([unknown])
	    7ffff7fac160 [unknown] ([unknown])
	    7ffff7fac160 [unknown] ([unknown])
	    7ffff7fac160 [unknown] ([unknown])
	    7ffff7fac160 [unknown] ([unknown])
	    7ffff7fac160 [unknown] ([unknown])
	    7ffff7fac160 [unknown] ([unknown])
	    7ffff7fac160 [unknown] ([unknown])
	    7ffff7fac160 [unknown] ([unknown])
	    7ffff7fac160 [unknown] ([unknown])
	    7ffff7fac160 [unknown] ([unknown])
	    7ffff7fac160 [unknown] ([unknown])
	    7ffff7fac160 [unknown] ([unknown])
	    7ffff7fac160 [unknown] ([unknown])
	    7ffff7fac160 [unknown] ([unknown])
	    7ffff7fac160 [unknown] ([unknown])
	    7ffff7fac160 [unknown] ([unknown])
	    7ffff7fac160 [unknown] ([unknown])
	    7ffff7fac160 [unknown] ([unknown])
	    7ffff7fac160 [unknown] ([unknown])
	    7ffff7fac160 [unknown] ([unknown])
	    7ffff7fac160 [unknown] ([unknown])
	    7ffff7fac160 [unknown] ([unknown])
	    7ffff7fac160 [unknown] ([unknown])
	    7ffff7fac160 [unknown] ([unknown])
	    7ffff7fac160 [unknown] ([unknown])
	    7ffff7fac160 [unknown] ([unknown])
	    7ffff7fac160 [unknown] ([unknown])
	    7ffff7fac160 [unknown] ([unknown])
	    7ffff7fac160 [unknown] ([unknown])
	    7ffff7fac160 [unknown] ([unknown])
	    7ffff7fac160 [unknown] ([unknown])
	    7ffff7fac160 [unknown] ([unknown])
	    7ffff7fac160 [unknown] ([unknown])
	    7ffff7fac160 [unknown] ([unknown])
	    7ffff7fac160 [unknown] ([unknown])
	    7ffff7fac160 [unknown] ([unknown])
	    7ffff7fac160 [unknown] ([unknown])
	    7ffff7fac160 [unknown] ([unknown])
	    7ffff7fac160 [unknown] ([unknown])
	    7ffff7fac160 [unknown] ([unknown])
	    7ffff7fac160 [unknown] ([unknown])
	    7ffff7fac160 [unknown] ([unknown])
	    7ffff7fac160 [unknown] ([unknown])
	    7ffff7fac160 [unknown] ([unknown])
	    7ffff7fac160 [unknown] ([unknown])
	    7ffff7fac160 [unknown] ([unknown])
	    7ffff7fac160 [unknown] ([unknown])
	    7ffff7fac160 [unknown] ([unknown])
	    7ffff7fac160 [unknown] ([unknown])
	    7ffff7fac160 [unknown] ([unknown])
	    7ffff7fac160 [unknown] ([unknown])
	    7ffff7fac160 [unknown] ([unknown])
	    7ffff7fac160 [unknown] ([unknown])
	    7ffff7fac160 [unknown] ([unknown])
	    7ffff7fac160 [unknown] ([unknown])
	    7ffff7fac160 [unknown] ([unknown])
	    7ffff7fac160 [unknown] ([unknown])
	    7ffff7fac160 [unknown] ([unknown])
	    7ffff7fac160 [unknown] ([unknown])
	    7ffff7fac160 [unknown] ([unknown])
	    7ffff7fac160 [unknown] ([unknown])
	    7ffff7fac160 [unknown] ([unknown])
	    7ffff7fac160 [unknown] ([unknown])
	    7ffff7fac160 [unknown] ([unknown])
	    7ffff7fac160 [unknown] ([unknown])

grep   52814 [010] 79317.549293:                  syscalls:sys_enter_openat: dfd: 0xffffff9c, filename: 0x555555598b10, flags: 0x00000000, mode: 0x00000000
	    7ffff7d19a1c __open64_nocancel+0x4c (/usr/lib/x86_64-linux-gnu/libc.so.6)
	    7ffff7fac160 [unknown] ([unknown])
	    7ffff7fac160 [unknown] ([unknown])
	    7ffff7fac160 [unknown] ([unknown])
	    7ffff7fac160 [unknown] ([unknown])
	    7ffff7fac160 [unknown] ([unknown])
	    7ffff7fac160 [unknown] ([unknown])
	    7ffff7fac160 [unknown] ([unknown])
	    7ffff7fac160 [unknown] ([unknown])
	    7ffff7fac160 [unknown] ([unknown])
	    7ffff7fac160 [unknown] ([unknown])
	    7ffff7fac160 [unknown] ([unknown])
	    7ffff7fac160 [unknown] ([unknown])
	    7ffff7fac160 [unknown] ([unknown])
	    7ffff7fac160 [unknown] ([unknown])
	    7ffff7fac160 [unknown] ([unknown])
	    7ffff7fac160 [unknown] ([unknown])
	    7ffff7fac160 [unknown] ([unknown])
	    7ffff7fac160 [unknown] ([unknown])
	    7ffff7fac160 [unknown] ([unknown])
	    7ffff7fac160 [unknown] ([unknown])
	    7ffff7fac160 [unknown] ([unknown])
	    7ffff7fac160 [unknown] ([unknown])
	    7ffff7fac160 [unknown] ([unknown])
	    7ffff7fac160 [unknown] ([unknown])
	    7ffff7fac160 [unknown] ([unknown])
	    7ffff7fac160 [unknown] ([unknown])
	    7ffff7fac160 [unknown] ([unknown])
	    7ffff7fac160 [unknown] ([unknown])
	    7ffff7fac160 [unknown] ([unknown])
	    7ffff7fac160 [unknown] ([unknown])
	    7ffff7fac160 [unknown] ([unknown])
	    7ffff7fac160 [unknown] ([unknown])
	    7ffff7fac160 [unknown] ([unknown])
	    7ffff7fac160 [unknown] ([unknown])
	    7ffff7fac160 [unknown] ([unknown])
	    7ffff7fac160 [unknown] ([unknown])
	    7ffff7fac160 [unknown] ([unknown])
	    7ffff7fac160 [unknown] ([unknown])
	    7ffff7fac160 [unknown] ([unknown])
	    7ffff7fac160 [unknown] ([unknown])
	    7ffff7fac160 [unknown] ([unknown])
	    7ffff7fac160 [unknown] ([unknown])
	    7ffff7fac160 [unknown] ([unknown])
	    7ffff7fac160 [unknown] ([unknown])
	    7ffff7fac160 [unknown] ([unknown])
	    7ffff7fac160 [unknown] ([unknown])
	    7ffff7fac160 [unknown] ([unknown])
	    7ffff7fac160 [unknown] ([unknown])
	    7ffff7fac160 [unknown] ([unknown])
	    7ffff7fac160 [unknown] ([unknown])
	    7ffff7fac160 [unknown] ([unknown])
	    7ffff7fac160 [unknown] ([unknown])
	    7ffff7fac160 [unknown] ([unknown])
	    7ffff7fac160 [unknown] ([unknown])
	    7ffff7fac160 [unknown] ([unknown])
	    7ffff7fac160 [unknown] ([unknown])
	    7ffff7fac160 [unknown] ([unknown])
	    7ffff7fac160 [unknown] ([unknown])
	    7ffff7fac160 [unknown] ([unknown])
	    7ffff7fac160 [unknown] ([unknown])
	    7ffff7fac160 [unknown] ([unknown])
	    7ffff7fac160 [unknown] ([unknown])
	    7ffff7fac160 [unknown] ([unknown])
	    7ffff7fac160 [unknown] ([unknown])
	    7ffff7fac160 [unknown] ([unknown])
	    7ffff7fac160 [unknown] ([unknown])
	    7ffff7fac160 [unknown] ([unknown])
	    7ffff7fac160 [unknown] ([unknown])
	    7ffff7fac160 [unknown] ([unknown])
	    7ffff7fac160 [unknown] ([unknown])
	    7ffff7fac160 [unknown] ([unknown])
	    7ffff7fac160 [unknown] ([unknown])
	    7ffff7fac160 [unknown] ([unknown])
	    7ffff7fac160 [unknown] ([unknown])
	    7ffff7fac160 [unknown] ([unknown])
	    7ffff7fac160 [unknown] ([unknown])
	    7ffff7fac160 [unknown] ([unknown])
	    7ffff7fac160 [unknown] ([unknown])
	    7ffff7fac160 [unknown] ([unknown])
	    7ffff7fac160 [unknown] ([unknown])
	    7ffff7fac160 [unknown] ([unknown])
	    7ffff7fac160 [unknown] ([unknown])
	    7ffff7fac160 [unknown] ([unknown])
	    7ffff7fac160 [unknown] ([unknown])
	    7ffff7fac160 [unknown] ([unknown])
	    7ffff7fac160 [unknown] ([unknown])
	    7ffff7fac160 [unknown] ([unknown])
	    7ffff7fac160 [unknown] ([unknown])
	    7ffff7fac160 [unknown] ([unknown])
	    7ffff7fac160 [unknown] ([unknown])
	    7ffff7fac160 [unknown] ([unknown])
	    7ffff7fac160 [unknown] ([unknown])
	    7ffff7fac160 [unknown] ([unknown])
	    7ffff7fac160 [unknown] ([unknown])
	    7ffff7fac160 [unknown] ([unknown])
	    7ffff7fac160 [unknown] ([unknown])
	    7ffff7fac160 [unknown] ([unknown])
	    7ffff7fac160 [unknown] ([unknown])
	    7ffff7fac160 [unknown] ([unknown])
	    7ffff7fac160 [unknown] ([unknown])
	    7ffff7fac160 [unknown] ([unknown])
	    7ffff7fac160 [unknown] ([unknown])
	    7ffff7fac160 [unknown] ([unknown])
	    7ffff7fac160 [unknown] ([unknown])
	    7ffff7fac160 [unknown] ([unknown])
	    7ffff7fac160 [unknown] ([unknown])
	    7ffff7fac160 [unknown] ([unknown])
	    7ffff7fac160 [unknown] ([unknown])
	    7ffff7fac160 [unknown] ([unknown])
	    7ffff7fac160 [unknown] ([unknown])
	    7ffff7fac160 [unknown] ([unknown])
	    7ffff7fac160 [unknown] ([unknown])
	    7ffff7fac160 [unknown] ([unknown])
	    7ffff7fac160 [unknown] ([unknown])
	    7ffff7fac160 [unknown] ([unknown])
	    7ffff7fac160 [unknown] ([unknown])
	    7ffff7fac160 [unknown] ([unknown])
	    7ffff7fac160 [unknown] ([unknown])
	    7ffff7fac160 [unknown] ([unknown])
	    7ffff7fac160 [unknown] ([unknown])
	    7ffff7fac160 [unknown] ([unknown])
	    7ffff7fac160 [unknown] ([unknown])
	    7ffff7fac160 [unknown] ([unknown])
	    7ffff7fac160 [unknown] ([unknown])
	    7ffff7fac160 [unknown] ([unknown])
	    7ffff7fac160 [unknown] ([unknown])

grep   52814 [010] 79317.549302:                  syscalls:sys_enter_openat: dfd: 0xffffff9c, filename: 0x55555557e3c9, flags: 0x00000000, mode: 0x00000000
	    7ffff7d1453b __GI___libc_open+0x5b (/usr/lib/x86_64-linux-gnu/libc.so.6)
	  7370616d2f666c [unknown] ([unknown])

grep   52814 [010] 79317.549323:                    syscalls:sys_enter_mmap: addr: 0x00000000, len: 0x00002000, prot: 0x00000003, flags: 0x00000022, fd: 0xffffffff, off: 0x00000000
	    7ffff7d1ea27 __mmap+0x17 (/usr/lib/x86_64-linux-gnu/libc.so.6)
	    555555578de1 vma_iterate_proc+0x3b (/home/dinko/exec-proj/grep/grep-3.11/src/grep)
	    555555578f63 vma_iterate+0x1c (/home/dinko/exec-proj/grep/grep-3.11/src/grep)
	    555555579606 sigsegv_get_vma+0x4e (/home/dinko/exec-proj/grep/grep-3.11/src/grep)
	    55555557823f remember_stack_top+0x32 (/home/dinko/exec-proj/grep/grep-3.11/src/grep)
	    555555578759 stackoverflow_install_handler+0x3f (/home/dinko/exec-proj/grep/grep-3.11/src/grep)
	    5555555647e4 c_stack_action+0x81 (/home/dinko/exec-proj/grep/grep-3.11/src/grep)
	    55555555e82a main+0x11c (/home/dinko/exec-proj/grep/grep-3.11/src/grep)
	    7ffff7c29d90 __libc_start_call_main+0x80 (/usr/lib/x86_64-linux-gnu/libc.so.6)

grep   52814 [010] 79317.549845:                   syscalls:sys_enter_lseek: fd: 0x00000003, offset: 0x00000000, whence: 0x00000000
	    7ffff7d1491b llseek@GLIBC_2.2.5+0xb (/usr/lib/x86_64-linux-gnu/libc.so.6)
	    555555578de1 vma_iterate_proc+0x3b (/home/dinko/exec-proj/grep/grep-3.11/src/grep)
	    555555578f63 vma_iterate+0x1c (/home/dinko/exec-proj/grep/grep-3.11/src/grep)
	    555555579606 sigsegv_get_vma+0x4e (/home/dinko/exec-proj/grep/grep-3.11/src/grep)
	    55555557823f remember_stack_top+0x32 (/home/dinko/exec-proj/grep/grep-3.11/src/grep)
	    555555578759 stackoverflow_install_handler+0x3f (/home/dinko/exec-proj/grep/grep-3.11/src/grep)
	    5555555647e4 c_stack_action+0x81 (/home/dinko/exec-proj/grep/grep-3.11/src/grep)
	    55555555e82a main+0x11c (/home/dinko/exec-proj/grep/grep-3.11/src/grep)
	    7ffff7c29d90 __libc_start_call_main+0x80 (/usr/lib/x86_64-linux-gnu/libc.so.6)

grep   52814 [010] 79317.549849:                    syscalls:sys_enter_read: fd: 0x00000003, buf: 0x7ffff7fb2000, count: 0x00002000
	    7ffff7d147e2 read+0x12 (/usr/lib/x86_64-linux-gnu/libc.so.6)
	    555555578de1 vma_iterate_proc+0x3b (/home/dinko/exec-proj/grep/grep-3.11/src/grep)
	    555555578f63 vma_iterate+0x1c (/home/dinko/exec-proj/grep/grep-3.11/src/grep)
	    555555579606 sigsegv_get_vma+0x4e (/home/dinko/exec-proj/grep/grep-3.11/src/grep)
	    55555557823f remember_stack_top+0x32 (/home/dinko/exec-proj/grep/grep-3.11/src/grep)
	    555555578759 stackoverflow_install_handler+0x3f (/home/dinko/exec-proj/grep/grep-3.11/src/grep)
	    5555555647e4 c_stack_action+0x81 (/home/dinko/exec-proj/grep/grep-3.11/src/grep)
	    55555555e82a main+0x11c (/home/dinko/exec-proj/grep/grep-3.11/src/grep)
	    7ffff7c29d90 __libc_start_call_main+0x80 (/usr/lib/x86_64-linux-gnu/libc.so.6)

grep   52814 [010] 79317.549885:                    syscalls:sys_enter_read: fd: 0x00000003, buf: 0x7ffff7fb2aa8, count: 0x00001558
	    7ffff7d147e2 read+0x12 (/usr/lib/x86_64-linux-gnu/libc.so.6)
	    555555578de1 vma_iterate_proc+0x3b (/home/dinko/exec-proj/grep/grep-3.11/src/grep)
	    555555578f63 vma_iterate+0x1c (/home/dinko/exec-proj/grep/grep-3.11/src/grep)
	    555555579606 sigsegv_get_vma+0x4e (/home/dinko/exec-proj/grep/grep-3.11/src/grep)
	    55555557823f remember_stack_top+0x32 (/home/dinko/exec-proj/grep/grep-3.11/src/grep)
	    555555578759 stackoverflow_install_handler+0x3f (/home/dinko/exec-proj/grep/grep-3.11/src/grep)
	    5555555647e4 c_stack_action+0x81 (/home/dinko/exec-proj/grep/grep-3.11/src/grep)
	    55555555e82a main+0x11c (/home/dinko/exec-proj/grep/grep-3.11/src/grep)
	    7ffff7c29d90 __libc_start_call_main+0x80 (/usr/lib/x86_64-linux-gnu/libc.so.6)

grep   52814 [010] 79317.549888:                   syscalls:sys_enter_close: fd: 0x00000003
	    7ffff7d14f67 __close+0x17 (/usr/lib/x86_64-linux-gnu/libc.so.6)
	    555555578de1 vma_iterate_proc+0x3b (/home/dinko/exec-proj/grep/grep-3.11/src/grep)
	    555555578f63 vma_iterate+0x1c (/home/dinko/exec-proj/grep/grep-3.11/src/grep)
	    555555579606 sigsegv_get_vma+0x4e (/home/dinko/exec-proj/grep/grep-3.11/src/grep)
	    55555557823f remember_stack_top+0x32 (/home/dinko/exec-proj/grep/grep-3.11/src/grep)
	    555555578759 stackoverflow_install_handler+0x3f (/home/dinko/exec-proj/grep/grep-3.11/src/grep)
	    5555555647e4 c_stack_action+0x81 (/home/dinko/exec-proj/grep/grep-3.11/src/grep)
	    55555555e82a main+0x11c (/home/dinko/exec-proj/grep/grep-3.11/src/grep)
	    7ffff7c29d90 __libc_start_call_main+0x80 (/usr/lib/x86_64-linux-gnu/libc.so.6)

grep   52814 [010] 79317.549919:                  syscalls:sys_enter_munmap: addr: 0x7ffff7fb2000, len: 0x00002000
	    7ffff7d1ea7b __munmap+0xb (/usr/lib/x86_64-linux-gnu/libc.so.6)
	    555555578f25 vma_iterate_proc+0x17f (/home/dinko/exec-proj/grep/grep-3.11/src/grep)
	    555555578f63 vma_iterate+0x1c (/home/dinko/exec-proj/grep/grep-3.11/src/grep)
	    555555579606 sigsegv_get_vma+0x4e (/home/dinko/exec-proj/grep/grep-3.11/src/grep)
	    55555557823f remember_stack_top+0x32 (/home/dinko/exec-proj/grep/grep-3.11/src/grep)
	    555555578759 stackoverflow_install_handler+0x3f (/home/dinko/exec-proj/grep/grep-3.11/src/grep)
	    5555555647e4 c_stack_action+0x81 (/home/dinko/exec-proj/grep/grep-3.11/src/grep)
	    55555555e82a main+0x11c (/home/dinko/exec-proj/grep/grep-3.11/src/grep)
	    7ffff7c29d90 __libc_start_call_main+0x80 (/usr/lib/x86_64-linux-gnu/libc.so.6)

grep   52814 [010] 79317.549936:             syscalls:sys_enter_sigaltstack: uss: 0x7fffffffd9a0, uoss: 0x00000000
	    7ffff7c42d4b __GI___sigaltstack+0xb (/usr/lib/x86_64-linux-gnu/libc.so.6)
	    5555555647e4 c_stack_action+0x81 (/home/dinko/exec-proj/grep/grep-3.11/src/grep)
	    55555555e82a main+0x11c (/home/dinko/exec-proj/grep/grep-3.11/src/grep)
	    7ffff7c29d90 __libc_start_call_main+0x80 (/usr/lib/x86_64-linux-gnu/libc.so.6)

grep   52814 [010] 79317.549940:            syscalls:sys_enter_rt_sigaction: sig: 0x0000000b, act: 0x7fffffffd760, oact: 0x00000000, sigsetsize: 0x00000008
	    7ffff7c425f3 __libc_sigaction+0xc3 (/usr/lib/x86_64-linux-gnu/libc.so.6)
	    5555555787d1 stackoverflow_install_handler+0xb7 (/home/dinko/exec-proj/grep/grep-3.11/src/grep)
	    5555555647e4 c_stack_action+0x81 (/home/dinko/exec-proj/grep/grep-3.11/src/grep)
	    55555555e82a main+0x11c (/home/dinko/exec-proj/grep/grep-3.11/src/grep)
	    7ffff7c29d90 __libc_start_call_main+0x80 (/usr/lib/x86_64-linux-gnu/libc.so.6)

grep   52814 [010] 79317.549944:            syscalls:sys_enter_rt_sigaction: sig: 0x0000000b, act: 0x7fffffffd790, oact: 0x00000000, sigsetsize: 0x00000008
	    7ffff7c425f3 __libc_sigaction+0xc3 (/usr/lib/x86_64-linux-gnu/libc.so.6)
	    555555578696 sigsegv_install_handler+0x2c (/home/dinko/exec-proj/grep/grep-3.11/src/grep)
	    555555564809 c_stack_action+0xa6 (/home/dinko/exec-proj/grep/grep-3.11/src/grep)
	    55555555e82a main+0x11c (/home/dinko/exec-proj/grep/grep-3.11/src/grep)
	    7ffff7c29d90 __libc_start_call_main+0x80 (/usr/lib/x86_64-linux-gnu/libc.so.6)

grep   52814 [010] 79317.549959:              syscalls:sys_enter_newfstatat: dfd: 0x00000001, filename: 0x7ffff7dd844f, statbuf: 0x7fffffffdb40, flag: 0x00001000
	    7ffff7d13d3e __GI___fstatat64+0xe (/usr/lib/x86_64-linux-gnu/libc.so.6)
	    7ffff7c29d90 __libc_start_call_main+0x80 (/usr/lib/x86_64-linux-gnu/libc.so.6)

grep   52814 [010] 79317.549963:              syscalls:sys_enter_newfstatat: dfd: 0xffffff9c, filename: 0x55555557d64b, statbuf: 0x7fffffffdbd0, flag: 0x00000000
	    7ffff7d13d3e __GI___fstatat64+0xe (/usr/lib/x86_64-linux-gnu/libc.so.6)
	    7ffff7c29d90 __libc_start_call_main+0x80 (/usr/lib/x86_64-linux-gnu/libc.so.6)

grep   52814 [010] 79317.550255:                     syscalls:sys_enter_brk: brk: 0x5555555e5000
	    7ffff7d1a82b __brk+0xb (/usr/lib/x86_64-linux-gnu/libc.so.6)
	               0 [unknown] ([unknown])

grep   52814 [010] 79317.550756:                  syscalls:sys_enter_openat: dfd: 0xffffff9c, filename: 0x7fffffffe162, flags: 0x00000100, mode: 0x00000000
	    7ffff7d146b6 __libc_openat64+0x46 (/usr/lib/x86_64-linux-gnu/libc.so.6)
	    55555555d0c6 grepfile+0x67 (/home/dinko/exec-proj/grep/grep-3.11/src/grep)
	    55555555d883 grep_command_line_arg+0x89 (/home/dinko/exec-proj/grep/grep-3.11/src/grep)
	    555555560028 main+0x191a (/home/dinko/exec-proj/grep/grep-3.11/src/grep)
	    7ffff7c29d90 __libc_start_call_main+0x80 (/usr/lib/x86_64-linux-gnu/libc.so.6)

grep   52814 [010] 79317.550767:              syscalls:sys_enter_newfstatat: dfd: 0x00000003, filename: 0x7ffff7dd844f, statbuf: 0x7fffffffd8c0, flag: 0x00001000
	    7ffff7d13d3e __GI___fstatat64+0xe (/usr/lib/x86_64-linux-gnu/libc.so.6)
	    55555555d10f grepfile+0xb0 (/home/dinko/exec-proj/grep/grep-3.11/src/grep)
	    55555555d883 grep_command_line_arg+0x89 (/home/dinko/exec-proj/grep/grep-3.11/src/grep)
	    555555560028 main+0x191a (/home/dinko/exec-proj/grep/grep-3.11/src/grep)
	    7ffff7c29d90 __libc_start_call_main+0x80 (/usr/lib/x86_64-linux-gnu/libc.so.6)

grep   52814 [010] 79317.550771:                    syscalls:sys_enter_read: fd: 0x00000003, buf: 0x5555555ac000, count: 0x00018000
	    7ffff7d147e2 read+0x12 (/usr/lib/x86_64-linux-gnu/libc.so.6)
	    55555555b70a fillbuf+0x2b1 (/home/dinko/exec-proj/grep/grep-3.11/src/grep)
	    55555555c754 grep+0x107 (/home/dinko/exec-proj/grep/grep-3.11/src/grep)
	    55555555d6b4 grepdesc+0x3bb (/home/dinko/exec-proj/grep/grep-3.11/src/grep)
	    55555555d10f grepfile+0xb0 (/home/dinko/exec-proj/grep/grep-3.11/src/grep)
	    55555555d883 grep_command_line_arg+0x89 (/home/dinko/exec-proj/grep/grep-3.11/src/grep)
	    555555560028 main+0x191a (/home/dinko/exec-proj/grep/grep-3.11/src/grep)
	    7ffff7c29d90 __libc_start_call_main+0x80 (/usr/lib/x86_64-linux-gnu/libc.so.6)

grep   52814 [010] 79317.552189:                     syscalls:sys_enter_brk: brk: 0x555555606000
	    7ffff7d1a82b __brk+0xb (/usr/lib/x86_64-linux-gnu/libc.so.6)
	               0 [unknown] ([unknown])

grep   52814 [010] 79317.552761:              syscalls:sys_enter_newfstatat: dfd: 0x00000001, filename: 0x7ffff7dd844f, statbuf: 0x7fffffffd4e0, flag: 0x00001000
	    7ffff7d13d3e __GI___fstatat64+0xe (/usr/lib/x86_64-linux-gnu/libc.so.6)
	               0 [unknown] ([unknown])

grep   52814 [010] 79317.552766:                   syscalls:sys_enter_write: fd: 0x00000001, buf: 0x5555555ed160, count: 0x00000035
	    7ffff7d14887 __GI___libc_write+0x17 (/usr/lib/x86_64-linux-gnu/libc.so.6)
	4f5252455b202d20 [unknown] ([unknown])

grep   52814 [010] 79317.552867:                   syscalls:sys_enter_write: fd: 0x00000001, buf: 0x5555555ed160, count: 0x00000037
	    7ffff7d14887 __GI___libc_write+0x17 (/usr/lib/x86_64-linux-gnu/libc.so.6)
	4e495b202d206874 [unknown] ([unknown])

grep   52814 [010] 79317.552918:                   syscalls:sys_enter_write: fd: 0x00000001, buf: 0x5555555ed160, count: 0x0000002e
	    7ffff7d14887 __GI___libc_write+0x17 (/usr/lib/x86_64-linux-gnu/libc.so.6)
	32205d4e5241575b [unknown] ([unknown])

grep   52814 [010] 79317.552953:                   syscalls:sys_enter_write: fd: 0x00000001, buf: 0x5555555ed160, count: 0x0000003f
	    7ffff7d14887 __GI___libc_write+0x17 (/usr/lib/x86_64-linux-gnu/libc.so.6)
	202d206e776f7242 [unknown] ([unknown])

grep   52814 [010] 79317.552964:                    syscalls:sys_enter_read: fd: 0x00000003, buf: 0x5555555ac12b, count: 0x00018000
	    7ffff7d147e2 read+0x12 (/usr/lib/x86_64-linux-gnu/libc.so.6)
	    55555555b70a fillbuf+0x2b1 (/home/dinko/exec-proj/grep/grep-3.11/src/grep)
	    55555555cb6e grep+0x521 (/home/dinko/exec-proj/grep/grep-3.11/src/grep)
	    55555555d6b4 grepdesc+0x3bb (/home/dinko/exec-proj/grep/grep-3.11/src/grep)
	    55555555d10f grepfile+0xb0 (/home/dinko/exec-proj/grep/grep-3.11/src/grep)
	    55555555d883 grep_command_line_arg+0x89 (/home/dinko/exec-proj/grep/grep-3.11/src/grep)
	    555555560028 main+0x191a (/home/dinko/exec-proj/grep/grep-3.11/src/grep)
	    7ffff7c29d90 __libc_start_call_main+0x80 (/usr/lib/x86_64-linux-gnu/libc.so.6)

grep   52814 [010] 79317.552968:                   syscalls:sys_enter_close: fd: 0x00000003
	    7ffff7d14f67 __close+0x17 (/usr/lib/x86_64-linux-gnu/libc.so.6)
	    55555555d10f grepfile+0xb0 (/home/dinko/exec-proj/grep/grep-3.11/src/grep)
	    55555555d883 grep_command_line_arg+0x89 (/home/dinko/exec-proj/grep/grep-3.11/src/grep)
	    555555560028 main+0x191a (/home/dinko/exec-proj/grep/grep-3.11/src/grep)
	    7ffff7c29d90 __libc_start_call_main+0x80 (/usr/lib/x86_64-linux-gnu/libc.so.6)

grep   52814 [010] 79317.552976:                   syscalls:sys_enter_close: fd: 0x00000001
	    7ffff7d1986b __close_nocancel+0xb (/usr/lib/x86_64-linux-gnu/libc.so.6)

grep   52814 [010] 79317.552979:                   syscalls:sys_enter_close: fd: 0x00000002
	    7ffff7d1986b __close_nocancel+0xb (/usr/lib/x86_64-linux-gnu/libc.so.6)

grep   52814 [010] 79317.552987:              syscalls:sys_enter_exit_group: error_code: 0x00000000
	    7ffff7ceac31 _exit+0x31 (/usr/lib/x86_64-linux-gnu/libc.so.6)

