0x40b5eb, get_nondigit_option
0x40a9c0, setmatcher
0x40b5eb, get_nondigit_option
0x40b7dd, update_patterns
0x41f757, hash_pattern
0x40bc20, initialize_unibyte_mask
0x40bdea, GEAcompile
0x405646, possible_backrefs_in_pattern
0x40579a, regex_compile
0x405a47, kwsmusts
0x404fc6, kwsinit
0x40f8ab, kwsalloc
0x40510d, kwsincr
0x40511c, kwsprep
0x40dadb, enqueue
0x40d6dd, enqueue
0x40d6f4, enqueue
0x40dadb, enqueue
0x40d6dd, enqueue
0x40d6f4, enqueue
0x40dadb, enqueue
0x40d6dd, enqueue
0x40d6f4, enqueue
0x40dadb, enqueue
0x40d6dd, enqueue
0x40d6f4, enqueue
0x40dadb, enqueue
0x40dd1e, kwsalloc
0x40dd65, kwsincr
0x40de88, enqueue
0x40d6dd, enqueue
0x40d6f4, enqueue
0x40deb0, treedelta
0x40d890, treedelta
0x40d8ab, treedelta
0x40dee0, treefails
0x40d75a, treefails
0x40d776, treefails
0x40de88, enqueue
0x40d6dd, enqueue
0x40d6f4, enqueue
0x40deb0, treedelta
0x40d890, treedelta
0x40d8ab, treedelta
0x40dee0, treefails
0x40d75a, treefails
0x40d776, treefails
0x40df51, hasevery
0x40d921, hasevery
0x40d946, hasevery
0x40de88, enqueue
0x40d6dd, enqueue
0x40d6f4, enqueue
0x40deb0, treedelta
0x40d890, treedelta
0x40d8ab, treedelta
0x40dee0, treefails
0x40d75a, treefails
0x40d776, treefails
0x40df51, hasevery
0x40d921, hasevery
0x40d946, hasevery
0x40de88, enqueue
0x40d6dd, enqueue
0x40d6f4, enqueue
0x40deb0, treedelta
0x40d890, treedelta
0x40d8ab, treedelta
0x40dee0, treefails
0x40d75a, treefails
0x40d776, treefails
0x40df51, hasevery
0x40d921, hasevery
0x40d946, hasevery
0x40de88, enqueue
0x40deb0, treedelta
0x40dee0, treefails
0x40df51, hasevery
0x40e154, treenext
0x40d9d7, treenext
0x40d9ee, treenext
0x40e75e, tr
0x405ae9, regex_compile
0x40be34, EGexecute
0x405ca7, kwsexec
0x40f632, bmexec
0x40f126, bmexec_trans
0x40c023, grep_command_line_arg
0x40987e, grepfile
0x409093, skip_devices
0x4090f3, suppressible_error
0x406d19, input_filename
0x2aaaa2af1490, clean_up_stdout
â•”â•â•â•â•â•â•â•â•â•â•â•â•â•â•â•â•â•â•â•â•â•â•â•â•â•â•â•—
â•‘ ===== 94 callsites ===== â•‘
â•šâ•â•â•â•â•â•â•â•â•â•â•â•â•â•â•â•â•â•â•â•â•â•â•â•â•â•â•
CFGFast: DiGraph with 8064 nodes and 14529 edges, 9.01s
â•”â•â•â•â•â•â•â•â•â•â•â•â•â•â•â•â•â•â•â•â•â•â•â•â•â•—
â•‘ MAIN address: 0x40a70e â•‘
â•šâ•â•â•â•â•â•â•â•â•â•â•â•â•â•â•â•â•â•â•â•â•â•â•â•â•
Callsite 0x40b5eb exists in CFG.
Callsite 0x40a9c0 exists in CFG.
Callsite 0x40b5eb exists in CFG.
Callsite 0x40b7dd exists in CFG.
Callsite 0x41f757 exists in CFG.
Callsite 0x40bc20 exists in CFG.
Callsite 0x40bdea exists in CFG.
Callsite 0x405646 exists in CFG.
Callsite 0x40579a exists in CFG.
Callsite 0x405a47 exists in CFG.
Callsite 0x404fc6 exists in CFG.
Callsite 0x40f8ab exists in CFG.
Callsite 0x40510d exists in CFG.
Callsite 0x40511c exists in CFG.
Callsite 0x40dadb exists in CFG.
Callsite 0x40d6dd exists in CFG.
Callsite 0x40d6f4 exists in CFG.
Callsite 0x40dadb exists in CFG.
Callsite 0x40d6dd exists in CFG.
Callsite 0x40d6f4 exists in CFG.
Callsite 0x40dadb exists in CFG.
Callsite 0x40d6dd exists in CFG.
Callsite 0x40d6f4 exists in CFG.
Callsite 0x40dadb exists in CFG.
Callsite 0x40d6dd exists in CFG.
Callsite 0x40d6f4 exists in CFG.
Callsite 0x40dadb exists in CFG.
Callsite 0x40dd1e exists in CFG.
Callsite 0x40dd65 exists in CFG.
Callsite 0x40de88 exists in CFG.
Callsite 0x40d6dd exists in CFG.
Callsite 0x40d6f4 exists in CFG.
Callsite 0x40deb0 exists in CFG.
Callsite 0x40d890 exists in CFG.
Callsite 0x40d8ab exists in CFG.
Callsite 0x40dee0 exists in CFG.
Callsite 0x40d75a exists in CFG.
Callsite 0x40d776 exists in CFG.
Callsite 0x40de88 exists in CFG.
Callsite 0x40d6dd exists in CFG.
Callsite 0x40d6f4 exists in CFG.
Callsite 0x40deb0 exists in CFG.
Callsite 0x40d890 exists in CFG.
Callsite 0x40d8ab exists in CFG.
Callsite 0x40dee0 exists in CFG.
Callsite 0x40d75a exists in CFG.
Callsite 0x40d776 exists in CFG.
Callsite 0x40df51 exists in CFG.
Callsite 0x40d921 exists in CFG.
Callsite 0x40d946 exists in CFG.
Callsite 0x40de88 exists in CFG.
Callsite 0x40d6dd exists in CFG.
Callsite 0x40d6f4 exists in CFG.
Callsite 0x40deb0 exists in CFG.
Callsite 0x40d890 exists in CFG.
Callsite 0x40d8ab exists in CFG.
Callsite 0x40dee0 exists in CFG.
Callsite 0x40d75a exists in CFG.
Callsite 0x40d776 exists in CFG.
Callsite 0x40df51 exists in CFG.
Callsite 0x40d921 exists in CFG.
Callsite 0x40d946 exists in CFG.
Callsite 0x40de88 exists in CFG.
Callsite 0x40d6dd exists in CFG.
Callsite 0x40d6f4 exists in CFG.
Callsite 0x40deb0 exists in CFG.
Callsite 0x40d890 exists in CFG.
Callsite 0x40d8ab exists in CFG.
Callsite 0x40dee0 exists in CFG.
Callsite 0x40d75a exists in CFG.
Callsite 0x40d776 exists in CFG.
Callsite 0x40df51 exists in CFG.
Callsite 0x40d921 exists in CFG.
Callsite 0x40d946 exists in CFG.
Callsite 0x40de88 exists in CFG.
Callsite 0x40deb0 exists in CFG.
Callsite 0x40dee0 exists in CFG.
Callsite 0x40df51 exists in CFG.
Callsite 0x40e154 exists in CFG.
Callsite 0x40d9d7 exists in CFG.
Callsite 0x40d9ee exists in CFG.
Callsite 0x40e75e exists in CFG.
Callsite 0x405ae9 exists in CFG.
Callsite 0x40be34 exists in CFG.
Callsite 0x405ca7 exists in CFG.
Callsite 0x40f632 exists in CFG.
Callsite 0x40f126 exists in CFG.
Callsite 0x40c023 exists in CFG.
Callsite 0x40987e exists in CFG.
Callsite 0x409093 exists in CFG.
Callsite 0x4090f3 exists in CFG.
Callsite 0x406d19 exists in CFG.
Callsite 0x2aaaa2af1490 not found in CFG.
Finding path from 0x40a70e (main)  to 0x40b5eb (get_nondigit_option)
Process is still alive after timeout. Terminating now.
	--> Error finding path to 0x40b5eb: 'NoneType' object has no attribute 'found'
---------------------------------------------------------------

Finding path from 0x40b5eb (get_nondigit_option)  to 0x40a9c0 (setmatcher)
SIMGR: <SimulationManager with 52 active, 1 found>
found: [<SimState @ 0x40a9c0>]
queue size: 1
Finished angr_explore(), exiting...
Result found in queue, terminating angr_explore process.
	--> 1 paths found
	--> Trace 0 ['0x40b5eb', '0x409bec', '0x404920', '0x5001a8', '0x409c4c', '0x410333', '0x410350', '0x409c59', '0x409cde', '0x409d03', '0x409d1a', '0x40b5f0', '0x40a879', '0x40a889', '0x40a9ae']
---------------------------------------------------------------

Finding path from 0x40a9c0 (setmatcher)  to 0x40b5eb (get_nondigit_option)
SIMGR: <SimulationManager with 5 active, 1 found>
found: [<SimState @ 0x40b5eb>]
queue size: 1
Finished angr_explore(), exiting...
Result found in queue, terminating angr_explore process.
	--> 1 paths found
	--> Trace 0 ['0x40a9c0', '0x409ab5', '0x409b4e', '0x409ad1', '0x404a70', '0x500250', '0x409af6', '0x409afa', '0x409b42', '0x409bea', '0x40a9c5', '0x40b5c6']
---------------------------------------------------------------

Finding path from 0x40b5eb (get_nondigit_option)  to 0x40b7dd (update_patterns)
Process is still alive after timeout. Terminating now.
	--> Error finding path to 0x40b7dd: 'NoneType' object has no attribute 'found'
---------------------------------------------------------------

Finding path from 0x40b7dd (update_patterns)  to 0x41f757 (hash_pattern)
SIMGR: <SimulationManager with 24 active, 1 deadended, 1 unconstrained, 1 found>
found: [<SimState @ 0x41f757>]
queue size: 1
Finished angr_explore(), exiting...
Result found in queue, terminating angr_explore process.
	--> 1 paths found
	--> Trace 0 ['0x40b7dd', '0x406698', '0x406833', '0x4066f5', '0x404a40', '0x500238', '0x406706', '0x404c40', '0x500338', '0x406731', '0x42080c', '0x42083f', '0x420274', '0x41f72c']
---------------------------------------------------------------

Finding path from 0x41f757 (hash_pattern)  to 0x40bc20 (initialize_unibyte_mask)
SIMGR: <SimulationManager with 1 unconstrained>
found: []
queue size: 1
Finished angr_explore(), exiting...
Result found in queue, terminating angr_explore process.
	--> No path found from 0x41f757 to 0x40bc20
---------------------------------------------------------------

Finding path from 0x40bc20 (initialize_unibyte_mask)  to 0x40bdea (GEAcompile)
Process is still alive after timeout. Terminating now.
	--> Error finding path to 0x40bdea: 'NoneType' object has no attribute 'found'
---------------------------------------------------------------

Finding path from 0x40bdea (GEAcompile)  to 0x405646 (possible_backrefs_in_pattern)
SIMGR: <SimulationManager with 1 unconstrained>
found: []
queue size: 1
Finished angr_explore(), exiting...
Result found in queue, terminating angr_explore process.
	--> No path found from 0x40bdea to 0x405646
---------------------------------------------------------------

Finding path from 0x405646 (possible_backrefs_in_pattern)  to 0x40579a (regex_compile)
SIMGR: <SimulationManager with 7 active, 1 found>
found: [<SimState @ 0x40579a>]
queue size: 1
Finished angr_explore(), exiting...
Result found in queue, terminating angr_explore process.
	--> 1 paths found
	--> Trace 0 ['0x405646', '0x405132', '0x405158', '0x4051ff', '0x40564b', '0x4056ef', '0x405758']
---------------------------------------------------------------

Finding path from 0x40579a (regex_compile)  to 0x405a47 (kwsmusts)
[fprintf] custom symbolic procedure
True
file_ptr_addr: 0
SIMGR: <SimulationManager with 4 active>
found: []
queue size: 1
Result found in queue, terminating angr_explore process.
	--> No path found from 0x40579a to 0x405a47
---------------------------------------------------------------

Finding path from 0x405a47 (kwsmusts)  to 0x404fc6 (kwsinit)
Process is still alive after timeout. Terminating now.
	--> Error finding path to 0x404fc6: 'NoneType' object has no attribute 'found'
---------------------------------------------------------------

Finding path from 0x404fc6 (kwsinit)  to 0x40f8ab (kwsalloc)
SIMGR: <SimulationManager with 1 found>
found: [<SimState @ 0x40f8ab>]
queue size: 1
Finished angr_explore(), exiting...
Result found in queue, terminating angr_explore process.
	--> 1 paths found
	--> Trace 0 ['0x404fc6', '0x40f830', '0x40f8a4']
---------------------------------------------------------------

Finding path from 0x40f8ab (kwsalloc)  to 0x40510d (kwsincr)
SIMGR: <SimulationManager with 1 unconstrained>
found: []
queue size: 1
Finished angr_explore(), exiting...
Result found in queue, terminating angr_explore process.
	--> No path found from 0x40f8ab to 0x40510d
---------------------------------------------------------------

Finding path from 0x40510d (kwsincr)  to 0x40511c (kwsprep)
SIMGR: <SimulationManager with 15 active, 4 found>
found: [<SimState @ 0x40511c>, <SimState @ 0x40511c>, <SimState @ 0x40511c>, <SimState @ 0x40511c>]
queue size: 1
Finished angr_explore(), exiting...
Result found in queue, terminating angr_explore process.
	--> 4 paths found
	--> Trace 0 ['0x40510d', '0x40cb33', '0x40d5f3', '0x40d60e', '0x40d61d', '0x40d66e', '0x40d699', '0x405112']
	--> Trace 1 ['0x40510d', '0x40cb33', '0x40d5f3', '0x40d60e', '0x40d61d', '0x40d66e', '0x40d699', '0x405112']
	--> Trace 2 ['0x40510d', '0x40cb33', '0x40d5f3', '0x40d60e', '0x40d61d', '0x40d66e', '0x40d699', '0x405112']
	--> Trace 3 ['0x40510d', '0x40cb33', '0x40d5f3', '0x40d60e', '0x40d61d', '0x40d66e', '0x40d699', '0x405112']
---------------------------------------------------------------

Finding path from 0x40511c (kwsprep)  to 0x40dadb (enqueue)
SIMGR: <SimulationManager with 8 active, 1 found>
found: [<SimState @ 0x40dadb>]
queue size: 1
Finished angr_explore(), exiting...
Result found in queue, terminating angr_explore process.
	--> 1 paths found
	--> Trace 0 ['0x40511c', '0x40da1d', '0x40da6a', '0x40daa1', '0x40daf2', '0x40dac3']
---------------------------------------------------------------

Finding path from 0x40dadb (enqueue)  to 0x40d6dd (enqueue)
SIMGR: <SimulationManager with 2 active, 1 found>
found: [<SimState @ 0x40d6dd>]
queue size: 1
Finished angr_explore(), exiting...
Result found in queue, terminating angr_explore process.
	--> 1 paths found
	--> Trace 0 ['0x40dadb', '0x40d6b1', '0x40d6cc']
---------------------------------------------------------------

Finding path from 0x40d6dd (enqueue)  to 0x40d6f4 (enqueue)
SIMGR: <SimulationManager with 2 active, 1 found>
found: [<SimState @ 0x40d6f4>]
queue size: 1
Finished angr_explore(), exiting...
Result found in queue, terminating angr_explore process.
	--> 1 paths found
	--> Trace 0 ['0x40d6dd', '0x40d6b1', '0x40d719', '0x40d6e2']
---------------------------------------------------------------

Finding path from 0x40d6f4 (enqueue)  to 0x40dadb (enqueue)
Process is still alive after timeout. Terminating now.
	--> Error finding path to 0x40dadb: 'NoneType' object has no attribute 'found'
---------------------------------------------------------------

Finding path from 0x40dadb (enqueue)  to 0x40d6dd (enqueue)
SIMGR: <SimulationManager with 2 active, 1 found>
found: [<SimState @ 0x40d6dd>]
queue size: 1
Finished angr_explore(), exiting...
Result found in queue, terminating angr_explore process.
	--> 1 paths found
	--> Trace 0 ['0x40dadb', '0x40d6b1', '0x40d6cc']
---------------------------------------------------------------

Finding path from 0x40d6dd (enqueue)  to 0x40d6f4 (enqueue)
SIMGR: <SimulationManager with 2 active, 1 found>
found: [<SimState @ 0x40d6f4>]
queue size: 1
Finished angr_explore(), exiting...
Result found in queue, terminating angr_explore process.
	--> 1 paths found
	--> Trace 0 ['0x40d6dd', '0x40d6b1', '0x40d719', '0x40d6e2']
---------------------------------------------------------------

Finding path from 0x40d6f4 (enqueue)  to 0x40dadb (enqueue)
Process is still alive after timeout. Terminating now.
	--> Error finding path to 0x40dadb: 'NoneType' object has no attribute 'found'
---------------------------------------------------------------

Finding path from 0x40dadb (enqueue)  to 0x40d6dd (enqueue)
SIMGR: <SimulationManager with 2 active, 1 found>
found: [<SimState @ 0x40d6dd>]
queue size: 1
Finished angr_explore(), exiting...
Result found in queue, terminating angr_explore process.
	--> 1 paths found
	--> Trace 0 ['0x40dadb', '0x40d6b1', '0x40d6cc']
---------------------------------------------------------------

Finding path from 0x40d6dd (enqueue)  to 0x40d6f4 (enqueue)
SIMGR: <SimulationManager with 2 active, 1 found>
found: [<SimState @ 0x40d6f4>]
queue size: 1
Finished angr_explore(), exiting...
Result found in queue, terminating angr_explore process.
	--> 1 paths found
	--> Trace 0 ['0x40d6dd', '0x40d6b1', '0x40d719', '0x40d6e2']
---------------------------------------------------------------

Finding path from 0x40d6f4 (enqueue)  to 0x40dadb (enqueue)
Process is still alive after timeout. Terminating now.
	--> Error finding path to 0x40dadb: 'NoneType' object has no attribute 'found'
---------------------------------------------------------------

Finding path from 0x40dadb (enqueue)  to 0x40d6dd (enqueue)
SIMGR: <SimulationManager with 2 active, 1 found>
found: [<SimState @ 0x40d6dd>]
queue size: 1
Finished angr_explore(), exiting...
Result found in queue, terminating angr_explore process.
	--> 1 paths found
	--> Trace 0 ['0x40dadb', '0x40d6b1', '0x40d6cc']
---------------------------------------------------------------

Finding path from 0x40d6dd (enqueue)  to 0x40d6f4 (enqueue)
SIMGR: <SimulationManager with 2 active, 1 found>
found: [<SimState @ 0x40d6f4>]
queue size: 1
Finished angr_explore(), exiting...
Result found in queue, terminating angr_explore process.
	--> 1 paths found
	--> Trace 0 ['0x40d6dd', '0x40d6b1', '0x40d719', '0x40d6e2']
---------------------------------------------------------------

Finding path from 0x40d6f4 (enqueue)  to 0x40dadb (enqueue)
Process is still alive after timeout. Terminating now.
	--> Error finding path to 0x40dadb: 'NoneType' object has no attribute 'found'
---------------------------------------------------------------

Finding path from 0x40dadb (enqueue)  to 0x40dd1e (kwsalloc)
SIMGR: <SimulationManager with 44 active, 4 found>
found: [<SimState @ 0x40dd1e>, <SimState @ 0x40dd1e>, <SimState @ 0x40dd1e>, <SimState @ 0x40dd1e>]
queue size: 1
Finished angr_explore(), exiting...
Result found in queue, terminating angr_explore process.
	--> 4 paths found
	--> Trace 0 ['0x40dadb', '0x40d6b1', '0x40d719', '0x40dae0', '0x40dafc', '0x40db76', '0x40dbca', '0x40dc6c', '0x40dcf9', '0x40dd0d']
	--> Trace 1 ['0x40dadb', '0x40d6b1', '0x40d719', '0x40dae0', '0x40dafc', '0x40db76', '0x40dbca', '0x40dc6c', '0x40dcf9', '0x40dd0d']
	--> Trace 2 ['0x40dadb', '0x40d6b1', '0x40d719', '0x40dae0', '0x40dafc', '0x40db76', '0x40dbca', '0x40dc6c', '0x40dcf9', '0x40dd0d']
	--> Trace 3 ['0x40dadb', '0x40d6b1', '0x40d719', '0x40dae0', '0x40dafc', '0x40db76', '0x40dbca', '0x40dc6c', '0x40dcf9', '0x40dd0d']
---------------------------------------------------------------

Finding path from 0x40dd1e (kwsalloc)  to 0x40dd65 (kwsincr)
SIMGR: <SimulationManager with 1 found>
found: [<SimState @ 0x40dd65>]
queue size: 1
Finished angr_explore(), exiting...
Result found in queue, terminating angr_explore process.
	--> 1 paths found
	--> Trace 0 ['0x40dd1e', '0x40c903', '0x42602b', '0x404b60', '0x5002c8', '0x426047', '0x426009', '0x426025', '0x42604f', '0x40c91d', '0x421bdc', '0x421ab6', '0x421ad5', '0x421ae4', '0x421a0d', '0x421a4e', '0x42602b', '0x404b60', '0x5002c8', '0x426047', '0x426009', '0x426025', '0x42604f', '0x421a5f', '0x421b2a', '0x421b4e', '0x421c39', '0x40c94b', '0x40c9a6', '0x40c9ed', '0x40ca60', '0x40dd23']
---------------------------------------------------------------

Finding path from 0x40dd65 (kwsincr)  to 0x40de88 (enqueue)
Process is still alive after timeout. Terminating now.
	--> Error finding path to 0x40de88: 'NoneType' object has no attribute 'found'
---------------------------------------------------------------

Finding path from 0x40de88 (enqueue)  to 0x40d6dd (enqueue)
SIMGR: <SimulationManager with 1 active, 1 found>
found: [<SimState @ 0x40d6dd>]
queue size: 1
Finished angr_explore(), exiting...
Result found in queue, terminating angr_explore process.
	--> 1 paths found
	--> Trace 0 ['0x40de88', '0x40d6b1', '0x40d6cc']
---------------------------------------------------------------

Finding path from 0x40d6dd (enqueue)  to 0x40d6f4 (enqueue)
SIMGR: <SimulationManager with 2 active, 1 found>
found: [<SimState @ 0x40d6f4>]
queue size: 1
Finished angr_explore(), exiting...
Result found in queue, terminating angr_explore process.
	--> 1 paths found
	--> Trace 0 ['0x40d6dd', '0x40d6b1', '0x40d719', '0x40d6e2']
---------------------------------------------------------------

Finding path from 0x40d6f4 (enqueue)  to 0x40deb0 (treedelta)
Process is still alive after timeout. Terminating now.
	--> Error finding path to 0x40deb0: 'NoneType' object has no attribute 'found'
---------------------------------------------------------------

Finding path from 0x40deb0 (treedelta)  to 0x40d890 (treedelta)
SIMGR: <SimulationManager with 1 active, 1 found>
found: [<SimState @ 0x40d890>]
queue size: 1
Finished angr_explore(), exiting...
Result found in queue, terminating angr_explore process.
	--> 1 paths found
	--> Trace 0 ['0x40deb0', '0x40d85c', '0x40d87b']
---------------------------------------------------------------

Finding path from 0x40d890 (treedelta)  to 0x40d8ab (treedelta)
SIMGR: <SimulationManager with 2 active, 1 found>
found: [<SimState @ 0x40d8ab>]
queue size: 1
Finished angr_explore(), exiting...
Result found in queue, terminating angr_explore process.
	--> 1 paths found
	--> Trace 0 ['0x40d890', '0x40d85c', '0x40d8e8', '0x40d895']
---------------------------------------------------------------

Finding path from 0x40d8ab (treedelta)  to 0x40dee0 (treefails)
Process is still alive after timeout. Terminating now.
	--> Error finding path to 0x40dee0: 'NoneType' object has no attribute 'found'
---------------------------------------------------------------

Finding path from 0x40dee0 (treefails)  to 0x40d75a (treefails)
SIMGR: <SimulationManager with 1 active, 1 found>
found: [<SimState @ 0x40d75a>]
queue size: 1
Finished angr_explore(), exiting...
Result found in queue, terminating angr_explore process.
	--> 1 paths found
	--> Trace 0 ['0x40dee0', '0x40d71c', '0x40d744']
---------------------------------------------------------------

Finding path from 0x40d75a (treefails)  to 0x40d776 (treefails)
SIMGR: <SimulationManager with 3 active, 1 found>
found: [<SimState @ 0x40d776>]
queue size: 1
Finished angr_explore(), exiting...
Result found in queue, terminating angr_explore process.
	--> 1 paths found
	--> Trace 0 ['0x40d75a', '0x40d71c', '0x40d856', '0x40d85a', '0x40d75f']
---------------------------------------------------------------

Finding path from 0x40d776 (treefails)  to 0x40de88 (enqueue)
Process is still alive after timeout. Terminating now.
	--> Error finding path to 0x40de88: 'NoneType' object has no attribute 'found'
---------------------------------------------------------------

Finding path from 0x40de88 (enqueue)  to 0x40d6dd (enqueue)
SIMGR: <SimulationManager with 1 active, 1 found>
found: [<SimState @ 0x40d6dd>]
queue size: 1
Finished angr_explore(), exiting...
Result found in queue, terminating angr_explore process.
	--> 1 paths found
	--> Trace 0 ['0x40de88', '0x40d6b1', '0x40d6cc']
---------------------------------------------------------------

Finding path from 0x40d6dd (enqueue)  to 0x40d6f4 (enqueue)
SIMGR: <SimulationManager with 2 active, 1 found>
found: [<SimState @ 0x40d6f4>]
queue size: 1
Finished angr_explore(), exiting...
Result found in queue, terminating angr_explore process.
	--> 1 paths found
	--> Trace 0 ['0x40d6dd', '0x40d6b1', '0x40d719', '0x40d6e2']
---------------------------------------------------------------

Finding path from 0x40d6f4 (enqueue)  to 0x40deb0 (treedelta)
Process is still alive after timeout. Terminating now.
	--> Error finding path to 0x40deb0: 'NoneType' object has no attribute 'found'
---------------------------------------------------------------

Finding path from 0x40deb0 (treedelta)  to 0x40d890 (treedelta)
SIMGR: <SimulationManager with 1 active, 1 found>
found: [<SimState @ 0x40d890>]
queue size: 1
Finished angr_explore(), exiting...
Result found in queue, terminating angr_explore process.
	--> 1 paths found
	--> Trace 0 ['0x40deb0', '0x40d85c', '0x40d87b']
---------------------------------------------------------------

Finding path from 0x40d890 (treedelta)  to 0x40d8ab (treedelta)
SIMGR: <SimulationManager with 2 active, 1 found>
found: [<SimState @ 0x40d8ab>]
queue size: 1
Finished angr_explore(), exiting...
Result found in queue, terminating angr_explore process.
	--> 1 paths found
	--> Trace 0 ['0x40d890', '0x40d85c', '0x40d8e8', '0x40d895']
---------------------------------------------------------------

Finding path from 0x40d8ab (treedelta)  to 0x40dee0 (treefails)
Process is still alive after timeout. Terminating now.
	--> Error finding path to 0x40dee0: 'NoneType' object has no attribute 'found'
---------------------------------------------------------------

Finding path from 0x40dee0 (treefails)  to 0x40d75a (treefails)
SIMGR: <SimulationManager with 1 active, 1 found>
found: [<SimState @ 0x40d75a>]
queue size: 1
Finished angr_explore(), exiting...
Result found in queue, terminating angr_explore process.
	--> 1 paths found
	--> Trace 0 ['0x40dee0', '0x40d71c', '0x40d744']
---------------------------------------------------------------

Finding path from 0x40d75a (treefails)  to 0x40d776 (treefails)
SIMGR: <SimulationManager with 3 active, 1 found>
found: [<SimState @ 0x40d776>]
queue size: 1
Finished angr_explore(), exiting...
Result found in queue, terminating angr_explore process.
	--> 1 paths found
	--> Trace 0 ['0x40d75a', '0x40d71c', '0x40d856', '0x40d85a', '0x40d75f']
---------------------------------------------------------------

Finding path from 0x40d776 (treefails)  to 0x40df51 (hasevery)
Process is still alive after timeout. Terminating now.
	--> Error finding path to 0x40df51: 'NoneType' object has no attribute 'found'
---------------------------------------------------------------

Finding path from 0x40df51 (hasevery)  to 0x40d921 (hasevery)
SIMGR: <SimulationManager with 1 active, 1 found>
found: [<SimState @ 0x40d921>]
queue size: 1
Finished angr_explore(), exiting...
Result found in queue, terminating angr_explore process.
	--> 1 paths found
	--> Trace 0 ['0x40df51', '0x40d8eb', '0x40d910']
---------------------------------------------------------------

Finding path from 0x40d921 (hasevery)  to 0x40d946 (hasevery)
SIMGR: <SimulationManager with 3 active, 1 found>
found: [<SimState @ 0x40d946>]
queue size: 1
Finished angr_explore(), exiting...
Result found in queue, terminating angr_explore process.
	--> 1 paths found
	--> Trace 0 ['0x40d921', '0x40d8eb', '0x40d906', '0x40d9a9', '0x40d926', '0x40d934']
---------------------------------------------------------------

Finding path from 0x40d946 (hasevery)  to 0x40de88 (enqueue)
Process is still alive after timeout. Terminating now.
	--> Error finding path to 0x40de88: 'NoneType' object has no attribute 'found'
---------------------------------------------------------------

Finding path from 0x40de88 (enqueue)  to 0x40d6dd (enqueue)
SIMGR: <SimulationManager with 1 active, 1 found>
found: [<SimState @ 0x40d6dd>]
queue size: 1
Finished angr_explore(), exiting...
Result found in queue, terminating angr_explore process.
	--> 1 paths found
	--> Trace 0 ['0x40de88', '0x40d6b1', '0x40d6cc']
---------------------------------------------------------------

Finding path from 0x40d6dd (enqueue)  to 0x40d6f4 (enqueue)
SIMGR: <SimulationManager with 2 active, 1 found>
found: [<SimState @ 0x40d6f4>]
queue size: 1
Finished angr_explore(), exiting...
Result found in queue, terminating angr_explore process.
	--> 1 paths found
	--> Trace 0 ['0x40d6dd', '0x40d6b1', '0x40d719', '0x40d6e2']
---------------------------------------------------------------

Finding path from 0x40d6f4 (enqueue)  to 0x40deb0 (treedelta)
Process is still alive after timeout. Terminating now.
	--> Error finding path to 0x40deb0: 'NoneType' object has no attribute 'found'
---------------------------------------------------------------

Finding path from 0x40deb0 (treedelta)  to 0x40d890 (treedelta)
SIMGR: <SimulationManager with 1 active, 1 found>
found: [<SimState @ 0x40d890>]
queue size: 1
Finished angr_explore(), exiting...
Result found in queue, terminating angr_explore process.
	--> 1 paths found
	--> Trace 0 ['0x40deb0', '0x40d85c', '0x40d87b']
---------------------------------------------------------------

Finding path from 0x40d890 (treedelta)  to 0x40d8ab (treedelta)
SIMGR: <SimulationManager with 2 active, 1 found>
found: [<SimState @ 0x40d8ab>]
queue size: 1
Finished angr_explore(), exiting...
Result found in queue, terminating angr_explore process.
	--> 1 paths found
	--> Trace 0 ['0x40d890', '0x40d85c', '0x40d8e8', '0x40d895']
---------------------------------------------------------------

Finding path from 0x40d8ab (treedelta)  to 0x40dee0 (treefails)
Process is still alive after timeout. Terminating now.
	--> Error finding path to 0x40dee0: 'NoneType' object has no attribute 'found'
---------------------------------------------------------------

Finding path from 0x40dee0 (treefails)  to 0x40d75a (treefails)
SIMGR: <SimulationManager with 1 active, 1 found>
found: [<SimState @ 0x40d75a>]
queue size: 1
Finished angr_explore(), exiting...
Result found in queue, terminating angr_explore process.
	--> 1 paths found
	--> Trace 0 ['0x40dee0', '0x40d71c', '0x40d744']
---------------------------------------------------------------

Finding path from 0x40d75a (treefails)  to 0x40d776 (treefails)
SIMGR: <SimulationManager with 3 active, 1 found>
found: [<SimState @ 0x40d776>]
queue size: 1
Finished angr_explore(), exiting...
Result found in queue, terminating angr_explore process.
	--> 1 paths found
	--> Trace 0 ['0x40d75a', '0x40d71c', '0x40d856', '0x40d85a', '0x40d75f']
---------------------------------------------------------------

Finding path from 0x40d776 (treefails)  to 0x40df51 (hasevery)
Process is still alive after timeout. Terminating now.
	--> Error finding path to 0x40df51: 'NoneType' object has no attribute 'found'
---------------------------------------------------------------

Finding path from 0x40df51 (hasevery)  to 0x40d921 (hasevery)
SIMGR: <SimulationManager with 1 active, 1 found>
found: [<SimState @ 0x40d921>]
queue size: 1
Finished angr_explore(), exiting...
Result found in queue, terminating angr_explore process.
	--> 1 paths found
	--> Trace 0 ['0x40df51', '0x40d8eb', '0x40d910']
---------------------------------------------------------------

Finding path from 0x40d921 (hasevery)  to 0x40d946 (hasevery)
SIMGR: <SimulationManager with 3 active, 1 found>
found: [<SimState @ 0x40d946>]
queue size: 1
Finished angr_explore(), exiting...
Result found in queue, terminating angr_explore process.
	--> 1 paths found
	--> Trace 0 ['0x40d921', '0x40d8eb', '0x40d906', '0x40d9a9', '0x40d926', '0x40d934']
---------------------------------------------------------------

Finding path from 0x40d946 (hasevery)  to 0x40de88 (enqueue)
Process is still alive after timeout. Terminating now.
	--> Error finding path to 0x40de88: 'NoneType' object has no attribute 'found'
---------------------------------------------------------------

Finding path from 0x40de88 (enqueue)  to 0x40d6dd (enqueue)
SIMGR: <SimulationManager with 1 active, 1 found>
found: [<SimState @ 0x40d6dd>]
queue size: 1
Finished angr_explore(), exiting...
Result found in queue, terminating angr_explore process.
	--> 1 paths found
	--> Trace 0 ['0x40de88', '0x40d6b1', '0x40d6cc']
---------------------------------------------------------------

Finding path from 0x40d6dd (enqueue)  to 0x40d6f4 (enqueue)
SIMGR: <SimulationManager with 2 active, 1 found>
found: [<SimState @ 0x40d6f4>]
queue size: 1
Finished angr_explore(), exiting...
Result found in queue, terminating angr_explore process.
	--> 1 paths found
	--> Trace 0 ['0x40d6dd', '0x40d6b1', '0x40d719', '0x40d6e2']
---------------------------------------------------------------

Finding path from 0x40d6f4 (enqueue)  to 0x40deb0 (treedelta)
Process is still alive after timeout. Terminating now.
	--> Error finding path to 0x40deb0: 'NoneType' object has no attribute 'found'
---------------------------------------------------------------

Finding path from 0x40deb0 (treedelta)  to 0x40d890 (treedelta)
SIMGR: <SimulationManager with 1 active, 1 found>
found: [<SimState @ 0x40d890>]
queue size: 1
Finished angr_explore(), exiting...
Result found in queue, terminating angr_explore process.
	--> 1 paths found
	--> Trace 0 ['0x40deb0', '0x40d85c', '0x40d87b']
---------------------------------------------------------------

Finding path from 0x40d890 (treedelta)  to 0x40d8ab (treedelta)
SIMGR: <SimulationManager with 2 active, 1 found>
found: [<SimState @ 0x40d8ab>]
queue size: 1
Finished angr_explore(), exiting...
Result found in queue, terminating angr_explore process.
	--> 1 paths found
	--> Trace 0 ['0x40d890', '0x40d85c', '0x40d8e8', '0x40d895']
---------------------------------------------------------------

Finding path from 0x40d8ab (treedelta)  to 0x40dee0 (treefails)
Process is still alive after timeout. Terminating now.
	--> Error finding path to 0x40dee0: 'NoneType' object has no attribute 'found'
---------------------------------------------------------------

Finding path from 0x40dee0 (treefails)  to 0x40d75a (treefails)
SIMGR: <SimulationManager with 1 active, 1 found>
found: [<SimState @ 0x40d75a>]
queue size: 1
Finished angr_explore(), exiting...
Result found in queue, terminating angr_explore process.
	--> 1 paths found
	--> Trace 0 ['0x40dee0', '0x40d71c', '0x40d744']
---------------------------------------------------------------

Finding path from 0x40d75a (treefails)  to 0x40d776 (treefails)
SIMGR: <SimulationManager with 3 active, 1 found>
found: [<SimState @ 0x40d776>]
queue size: 1
Finished angr_explore(), exiting...
Result found in queue, terminating angr_explore process.
	--> 1 paths found
	--> Trace 0 ['0x40d75a', '0x40d71c', '0x40d856', '0x40d85a', '0x40d75f']
---------------------------------------------------------------

Finding path from 0x40d776 (treefails)  to 0x40df51 (hasevery)
Process is still alive after timeout. Terminating now.
	--> Error finding path to 0x40df51: 'NoneType' object has no attribute 'found'
---------------------------------------------------------------

Finding path from 0x40df51 (hasevery)  to 0x40d921 (hasevery)
SIMGR: <SimulationManager with 1 active, 1 found>
found: [<SimState @ 0x40d921>]
queue size: 1
Finished angr_explore(), exiting...
Result found in queue, terminating angr_explore process.
	--> 1 paths found
	--> Trace 0 ['0x40df51', '0x40d8eb', '0x40d910']
---------------------------------------------------------------

Finding path from 0x40d921 (hasevery)  to 0x40d946 (hasevery)
SIMGR: <SimulationManager with 3 active, 1 found>
found: [<SimState @ 0x40d946>]
queue size: 1
Finished angr_explore(), exiting...
Result found in queue, terminating angr_explore process.
	--> 1 paths found
	--> Trace 0 ['0x40d921', '0x40d8eb', '0x40d906', '0x40d9a9', '0x40d926', '0x40d934']
---------------------------------------------------------------

Finding path from 0x40d946 (hasevery)  to 0x40de88 (enqueue)
Process is still alive after timeout. Terminating now.
	--> Error finding path to 0x40de88: 'NoneType' object has no attribute 'found'
---------------------------------------------------------------

Finding path from 0x40de88 (enqueue)  to 0x40deb0 (treedelta)
SIMGR: <SimulationManager with 2 active, 1 found>
found: [<SimState @ 0x40deb0>]
queue size: 1
Finished angr_explore(), exiting...
Result found in queue, terminating angr_explore process.
	--> 1 paths found
	--> Trace 0 ['0x40de88', '0x40d6b1', '0x40d719', '0x40de8d']
---------------------------------------------------------------

Finding path from 0x40deb0 (treedelta)  to 0x40dee0 (treefails)
SIMGR: <SimulationManager with 2 active, 1 found>
found: [<SimState @ 0x40dee0>]
queue size: 1
Finished angr_explore(), exiting...
Result found in queue, terminating angr_explore process.
	--> 1 paths found
	--> Trace 0 ['0x40deb0', '0x40d85c', '0x40d8e8', '0x40deb5']
---------------------------------------------------------------

Finding path from 0x40dee0 (treefails)  to 0x40df51 (hasevery)
SIMGR: <SimulationManager with 8 active, 1 found>
found: [<SimState @ 0x40df51>]
queue size: 1
Finished angr_explore(), exiting...
Result found in queue, terminating angr_explore process.
	--> 1 paths found
	--> Trace 0 ['0x40dee0', '0x40d71c', '0x40d856', '0x40d85a', '0x40dee5', '0x40def2', '0x40e01b', '0x40df35']
---------------------------------------------------------------

Finding path from 0x40df51 (hasevery)  to 0x40e154 (treenext)
SIMGR: <SimulationManager with 70 active, 1 found (3 errored)>
found: [<SimState @ 0x40e154>]
queue size: 1
Finished angr_explore(), exiting...
	--> Error finding path to 0x40e154: 'NoneType' object has no attribute 'found'
---------------------------------------------------------------

Finding path from 0x40e154 (treenext)  to 0x40d9d7 (treenext)
SIMGR: <SimulationManager with 1 active, 1 found>
found: [<SimState @ 0x40d9d7>]
queue size: 1
Finished angr_explore(), exiting...
Result found in queue, terminating angr_explore process.
	--> 1 paths found
	--> Trace 0 ['0x40e154', '0x40d9ab', '0x40d9c6']
---------------------------------------------------------------

Finding path from 0x40d9d7 (treenext)  to 0x40d9ee (treenext)
SIMGR: <SimulationManager with 2 active, 1 found>
found: [<SimState @ 0x40d9ee>]
queue size: 1
Finished angr_explore(), exiting...
Result found in queue, terminating angr_explore process.
	--> 1 paths found
	--> Trace 0 ['0x40d9d7', '0x40d9ab', '0x40da1a', '0x40d9dc']
---------------------------------------------------------------

Finding path from 0x40d9ee (treenext)  to 0x40e75e (tr)
Process is still alive after timeout. Terminating now.
	--> Error finding path to 0x40e75e: 'NoneType' object has no attribute 'found'
---------------------------------------------------------------

Finding path from 0x40e75e (tr)  to 0x405ae9 (regex_compile)
Process is still alive after timeout. Terminating now.
	--> Error finding path to 0x405ae9: 'NoneType' object has no attribute 'found'
---------------------------------------------------------------

Finding path from 0x405ae9 (regex_compile)  to 0x40be34 (EGexecute)
[fprintf] custom symbolic procedure
True
file_ptr_addr: 0
SIMGR: <SimulationManager with 4 active>
found: []
queue size: 1
Result found in queue, terminating angr_explore process.
	--> No path found from 0x405ae9 to 0x40be34
---------------------------------------------------------------

Finding path from 0x40be34 (EGexecute)  to 0x405ca7 (kwsexec)
SIMGR: <SimulationManager with 1 unconstrained>
found: []
queue size: 1
Finished angr_explore(), exiting...
Result found in queue, terminating angr_explore process.
	--> No path found from 0x40be34 to 0x405ca7
---------------------------------------------------------------

Finding path from 0x405ca7 (kwsexec)  to 0x40f632 (bmexec)
SIMGR: <SimulationManager with 1 unconstrained>
found: []
queue size: 1
Finished angr_explore(), exiting...
Result found in queue, terminating angr_explore process.
	--> No path found from 0x405ca7 to 0x40f632
---------------------------------------------------------------

Finding path from 0x40f632 (bmexec)  to 0x40f126 (bmexec_trans)
SIMGR: <SimulationManager with 1 unconstrained>
found: []
queue size: 1
Finished angr_explore(), exiting...
Result found in queue, terminating angr_explore process.
	--> No path found from 0x40f632 to 0x40f126
---------------------------------------------------------------

Finding path from 0x40f126 (bmexec_trans)  to 0x40c023 (grep_command_line_arg)
Process is still alive after timeout. Terminating now.
	--> Error finding path to 0x40c023: 'NoneType' object has no attribute 'found'
---------------------------------------------------------------

Finding path from 0x40c023 (grep_command_line_arg)  to 0x40987e (grepfile)
SIMGR: <SimulationManager with 1 active, 1 found>
found: [<SimState @ 0x40987e>]
queue size: 1
Finished angr_explore(), exiting...
Result found in queue, terminating angr_explore process.
	--> 1 paths found
	--> Trace 0 ['0x40c023', '0x4097fa', '0x404a70', '0x500250', '0x409820', '0x40985d']
---------------------------------------------------------------

Finding path from 0x40987e (grepfile)  to 0x409093 (skip_devices)
SIMGR: <SimulationManager with 1 active, 1 found>
found: [<SimState @ 0x409093>]
queue size: 1
Finished angr_explore(), exiting...
Result found in queue, terminating angr_explore process.
	--> 1 paths found
	--> Trace 0 ['0x40987e', '0x40905f', '0x409088']
---------------------------------------------------------------

Finding path from 0x409093 (skip_devices)  to 0x4090f3 (suppressible_error)
SIMGR: <SimulationManager with 17 active, 1 found>
found: [<SimState @ 0x4090f3>]
queue size: 1
Finished angr_explore(), exiting...
Result found in queue, terminating angr_explore process.
	--> 1 paths found
	--> Trace 0 ['0x409093', '0x406c60', '0x406c78', '0x406c9d', '0x409098', '0x4090a3', '0x422051', '0x4220ac', '0x42214a', '0x4048f0', '0x500190', '0x42216f', '0x425694', '0x4256e0', '0x422176', '0x42218d', '0x4090c6', '0x4090cf', '0x4090ea', '0x404770', '0x5000d0', '0x4090ef']
---------------------------------------------------------------

Finding path from 0x4090f3 (suppressible_error)  to 0x406d19 (input_filename)
SIMGR: <SimulationManager with 1 found>
found: [<SimState @ 0x406d19>]
queue size: 1
Finished angr_explore(), exiting...
Result found in queue, terminating angr_explore process.
	--> 1 paths found
	--> Trace 0 ['0x4090f3', '0x406cfc']
---------------------------------------------------------------

Finding path from 0x406d19 (input_filename)  to 0x2aaaa2af1490 (clean_up_stdout)
[fprintf] custom symbolic procedure
True
file_ptr_addr: 0
SIMGR: <SimulationManager with 1 active>
found: []
queue size: 1
Result found in queue, terminating angr_explore process.
	--> No path found from 0x406d19 to 0x2aaaa2af1490
---------------------------------------------------------------

> [0;32m/home/dinko/exec-proj/src/angr_script.py[0m(184)[0;36m<module>[0;34m()[0m
[0;32m    183 [0;31m        [0msimgr[0m [0;34m=[0m [0mangr_explore[0m[0;34m([0m[0mprev_addr[0m[0;34m,[0m [0mtarget_addr[0m[0;34m,[0m [0mavoid[0m[0;34m,[0m [0mqueue[0m[0;34m=[0m[0mqueue[0m[0;34m)[0m[0;34m[0m[0;34m[0m[0m
[0m[0;32m--> 184 [0;31m        [0;31m# ipdb.set_trace()[0m[0;34m[0m[0;34m[0m[0m
[0m[0;32m    185 [0;31m[0;34m[0m[0m
[0m
ipdb> --KeyboardInterrupt--
ipdb> --KeyboardInterrupt--
ipdb> --KeyboardInterrupt--
ipdb> --KeyboardInterrupt--
ipdb> --KeyboardInterrupt--
ipdb> --KeyboardInterrupt--
ipdb> --KeyboardInterrupt--
ipdb> --KeyboardInterrupt--
ipdb> 