0x40b5eb, get_nondigit_option
0x40a9c0, setmatcher
0x40b5eb, get_nondigit_option
0x40b7dd, update_patterns
0x41f757, hash_pattern
0x40bc20, initialize_unibyte_mask
0x40bdea, GEAcompile
0x405646, possible_backrefs_in_pattern
0x40579a, regex_compile
0x405a47, kwsmusts
0x404fc6, kwsinit
0x40f8ab, kwsalloc
0x40510d, kwsincr
0x40511c, kwsprep
0x40dadb, enqueue
0x40d6dd, enqueue
0x40d6f4, enqueue
0x40dadb, enqueue
0x40d6dd, enqueue
0x40d6f4, enqueue
0x40dadb, enqueue
0x40d6dd, enqueue
0x40d6f4, enqueue
0x40dadb, enqueue
0x40d6dd, enqueue
0x40d6f4, enqueue
0x40dadb, enqueue
0x40dd1e, kwsalloc
0x40dd65, kwsincr
0x40de88, enqueue
0x40d6dd, enqueue
0x40d6f4, enqueue
0x40deb0, treedelta
0x40d890, treedelta
0x40d8ab, treedelta
0x40dee0, treefails
0x40d75a, treefails
0x40d776, treefails
0x40de88, enqueue
0x40d6dd, enqueue
0x40d6f4, enqueue
0x40deb0, treedelta
0x40d890, treedelta
0x40d8ab, treedelta
0x40dee0, treefails
0x40d75a, treefails
0x40d776, treefails
0x40df51, hasevery
0x40d921, hasevery
0x40d946, hasevery
0x40de88, enqueue
0x40d6dd, enqueue
0x40d6f4, enqueue
0x40deb0, treedelta
0x40d890, treedelta
0x40d8ab, treedelta
0x40dee0, treefails
0x40d75a, treefails
0x40d776, treefails
0x40df51, hasevery
0x40d921, hasevery
0x40d946, hasevery
0x40de88, enqueue
0x40d6dd, enqueue
0x40d6f4, enqueue
0x40deb0, treedelta
0x40d890, treedelta
0x40d8ab, treedelta
0x40dee0, treefails
0x40d75a, treefails
0x40d776, treefails
0x40df51, hasevery
0x40d921, hasevery
0x40d946, hasevery
0x40de88, enqueue
0x40deb0, treedelta
0x40dee0, treefails
0x40df51, hasevery
0x40e154, treenext
0x40d9d7, treenext
0x40d9ee, treenext
0x40e75e, tr
0x405ae9, regex_compile
0x40be34, EGexecute
0x405ca7, kwsexec
0x40f632, bmexec
0x40f126, bmexec_trans
0x40c023, grep_command_line_arg
0x40987e, grepfile
0x409093, skip_devices
0x4090f3, suppressible_error
0x406d19, input_filename
0x2aaaa2af1490, clean_up_stdout
╔══════════════════════════╗
║ ===== 94 callsites ===== ║
╚══════════════════════════╝
100% ━━━━━━━━━━━━━━━━━━━━━━━━━━━━━━━━━━━━━━━━ Elapsed Time: 0:00:09 Time: 0:00:00  
CFGFast: DiGraph with 8064 nodes and 14529 edges, 9.46s
╔════════════════════════╗
║ MAIN address: 0x40a70e ║
╚════════════════════════╝
Callsite 0x40b5eb exists in CFG.
Callsite 0x40a9c0 exists in CFG.
Callsite 0x40b5eb exists in CFG.
Callsite 0x40b7dd exists in CFG.
Callsite 0x41f757 exists in CFG.
Callsite 0x40bc20 exists in CFG.
Callsite 0x40bdea exists in CFG.
Callsite 0x405646 exists in CFG.
Callsite 0x40579a exists in CFG.
Callsite 0x405a47 exists in CFG.
Callsite 0x404fc6 exists in CFG.
Callsite 0x40f8ab exists in CFG.
Callsite 0x40510d exists in CFG.
Callsite 0x40511c exists in CFG.
Callsite 0x40dadb exists in CFG.
Callsite 0x40d6dd exists in CFG.
Callsite 0x40d6f4 exists in CFG.
Callsite 0x40dadb exists in CFG.
Callsite 0x40d6dd exists in CFG.
Callsite 0x40d6f4 exists in CFG.
Callsite 0x40dadb exists in CFG.
Callsite 0x40d6dd exists in CFG.
Callsite 0x40d6f4 exists in CFG.
Callsite 0x40dadb exists in CFG.
Callsite 0x40d6dd exists in CFG.
Callsite 0x40d6f4 exists in CFG.
Callsite 0x40dadb exists in CFG.
Callsite 0x40dd1e exists in CFG.
Callsite 0x40dd65 exists in CFG.
Callsite 0x40de88 exists in CFG.
Callsite 0x40d6dd exists in CFG.
Callsite 0x40d6f4 exists in CFG.
Callsite 0x40deb0 exists in CFG.
Callsite 0x40d890 exists in CFG.
Callsite 0x40d8ab exists in CFG.
Callsite 0x40dee0 exists in CFG.
Callsite 0x40d75a exists in CFG.
Callsite 0x40d776 exists in CFG.
Callsite 0x40de88 exists in CFG.
Callsite 0x40d6dd exists in CFG.
Callsite 0x40d6f4 exists in CFG.
Callsite 0x40deb0 exists in CFG.
Callsite 0x40d890 exists in CFG.
Callsite 0x40d8ab exists in CFG.
Callsite 0x40dee0 exists in CFG.
Callsite 0x40d75a exists in CFG.
Callsite 0x40d776 exists in CFG.
Callsite 0x40df51 exists in CFG.
Callsite 0x40d921 exists in CFG.
Callsite 0x40d946 exists in CFG.
Callsite 0x40de88 exists in CFG.
Callsite 0x40d6dd exists in CFG.
Callsite 0x40d6f4 exists in CFG.
Callsite 0x40deb0 exists in CFG.
Callsite 0x40d890 exists in CFG.
Callsite 0x40d8ab exists in CFG.
Callsite 0x40dee0 exists in CFG.
Callsite 0x40d75a exists in CFG.
Callsite 0x40d776 exists in CFG.
Callsite 0x40df51 exists in CFG.
Callsite 0x40d921 exists in CFG.
Callsite 0x40d946 exists in CFG.
Callsite 0x40de88 exists in CFG.
Callsite 0x40d6dd exists in CFG.
Callsite 0x40d6f4 exists in CFG.
Callsite 0x40deb0 exists in CFG.
Callsite 0x40d890 exists in CFG.
Callsite 0x40d8ab exists in CFG.
Callsite 0x40dee0 exists in CFG.
Callsite 0x40d75a exists in CFG.
Callsite 0x40d776 exists in CFG.
Callsite 0x40df51 exists in CFG.
Callsite 0x40d921 exists in CFG.
Callsite 0x40d946 exists in CFG.
Callsite 0x40de88 exists in CFG.
Callsite 0x40deb0 exists in CFG.
Callsite 0x40dee0 exists in CFG.
Callsite 0x40df51 exists in CFG.
Callsite 0x40e154 exists in CFG.
Callsite 0x40d9d7 exists in CFG.
Callsite 0x40d9ee exists in CFG.
Callsite 0x40e75e exists in CFG.
Callsite 0x405ae9 exists in CFG.
Callsite 0x40be34 exists in CFG.
Callsite 0x405ca7 exists in CFG.
Callsite 0x40f632 exists in CFG.
Callsite 0x40f126 exists in CFG.
Callsite 0x40c023 exists in CFG.
Callsite 0x40987e exists in CFG.
Callsite 0x409093 exists in CFG.
Callsite 0x4090f3 exists in CFG.
Callsite 0x406d19 exists in CFG.
Callsite 0x2aaaa2af1490 not found in CFG.
╔═══════════╗
║ Explore 0 ║
╚═══════════╝
Finding path from 0x40a70e (main)  to 0x40b5eb (get_nondigit_option)
[angr_explore] simstates arg: []
Process is still alive after timeout. Terminating now.
--> Final Result: None
	[NO simgr]
	--> <--- No path found from 0x40a70e to 0x40b5eb --->
[...recording SIMGR found path, and starting anew]
[SIMGR has no attribute <found>]
['0x40a70e', '<--- No path found from 0x40a70e to 0x40b5eb --->']
---------------------------------------------------------------

╔═══════════╗
║ Explore 1 ║
╚═══════════╝
Finding path from 0x40b5eb (get_nondigit_option)  to 0x40a9c0 (setmatcher)
[angr_explore] simstates arg: []
SIMGR: <SimulationManager with 52 active, 1 found>
found: [<SimState @ 0x40a9c0>]
queue size: 1
Finished angr_explore(), exiting...
Result found in queue: <SimulationManager with 52 active, 1 found>
--> Final Result: <SimulationManager with 52 active, 1 found>
	[simgr.found = TRUE]
	--> 1 paths found
	--> Trace 0 ['0x40b5eb', '0x409bec', '0x404920', '0x5001a8', '0x409c4c', '0x410333', '0x410350', '0x409c59', '0x409cde', '0x409d03', '0x409d1a', '0x40b5f0', '0x40a879', '0x40a889', '0x40a9ae']
---------------------------------------------------------------

╔═══════════╗
║ Explore 2 ║
╚═══════════╝
Finding path from 0x40a9c0 (setmatcher)  to 0x40b5eb (get_nondigit_option)
[angr_explore] simstates arg: [<SimState @ 0x40a9c0>]
SIMGR: <SimulationManager with 2 active, 1 found>
found: [<SimState @ 0x40b5eb>]
queue size: 1
Finished angr_explore(), exiting...
Result found in queue: <SimulationManager with 2 active, 1 found>
--> Final Result: <SimulationManager with 2 active, 1 found>
	[simgr.found = TRUE]
	--> 1 paths found
	--> Trace 0 ['0x40b5eb', '0x409bec', '0x404920', '0x5001a8', '0x409c4c', '0x410333', '0x410350', '0x409c59', '0x409cde', '0x409d03', '0x409d1a', '0x40b5f0', '0x40a879', '0x40a889', '0x40a9ae', '0x40a9c0', '0x409ab5', '0x409b4e', '0x409ad1', '0x404a70', '0x500250', '0x409af6', '0x409b4a', '0x409ad1', '0x404a70', '0x500250', '0x409af6', '0x409afa', '0x409b42', '0x409bea', '0x40a9c5', '0x40b5c6']
---------------------------------------------------------------

╔═══════════╗
║ Explore 3 ║
╚═══════════╝
Finding path from 0x40b5eb (get_nondigit_option)  to 0x40b7dd (update_patterns)
[angr_explore] simstates arg: [<SimState @ 0x40b5eb>]
