CFGFast: DiGraph with 8064 nodes and 14529 edges, 9.25s
Callsite at n/a not found in CFG.
Callsite at 4240875 exists in CFG.
Callsite at 4237760 exists in CFG.
Callsite at 4240875 exists in CFG.
Callsite at 4241373 exists in CFG.
Callsite at 4323159 exists in CFG.
Callsite at 4242464 exists in CFG.
Callsite at 4242922 exists in CFG.
Callsite at 4216390 exists in CFG.
Callsite at 4216730 exists in CFG.
Callsite at 4217415 exists in CFG.
Callsite at 4214726 exists in CFG.
Callsite at 4257963 exists in CFG.
Callsite at 4215053 exists in CFG.
Callsite at 4215068 exists in CFG.
Callsite at 4250331 exists in CFG.
Callsite at 4249309 exists in CFG.
Callsite at 4249332 exists in CFG.
Callsite at 4250331 exists in CFG.
Callsite at 4249309 exists in CFG.
Callsite at 4249332 exists in CFG.
Callsite at 4250331 exists in CFG.
Callsite at 4249309 exists in CFG.
Callsite at 4249332 exists in CFG.
Callsite at 4250331 exists in CFG.
Callsite at 4249309 exists in CFG.
Callsite at 4249332 exists in CFG.
Callsite at 4250331 exists in CFG.
Callsite at 4250910 exists in CFG.
Callsite at 4250981 exists in CFG.
Callsite at 4251272 exists in CFG.
Callsite at 4249309 exists in CFG.
Callsite at 4249332 exists in CFG.
Callsite at 4251312 exists in CFG.
Callsite at 4249744 exists in CFG.
Callsite at 4249771 exists in CFG.
Callsite at 4251360 exists in CFG.
Callsite at 4249434 exists in CFG.
Callsite at 4249462 exists in CFG.
Callsite at 4251272 exists in CFG.
Callsite at 4249309 exists in CFG.
Callsite at 4249332 exists in CFG.
Callsite at 4251312 exists in CFG.
Callsite at 4249744 exists in CFG.
Callsite at 4249771 exists in CFG.
Callsite at 4251360 exists in CFG.
Callsite at 4249434 exists in CFG.
Callsite at 4249462 exists in CFG.
Callsite at 4251473 exists in CFG.
Callsite at 4249889 exists in CFG.
Callsite at 4249926 exists in CFG.
Callsite at 4251272 exists in CFG.
Callsite at 4249309 exists in CFG.
Callsite at 4249332 exists in CFG.
Callsite at 4251312 exists in CFG.
Callsite at 4249744 exists in CFG.
Callsite at 4249771 exists in CFG.
Callsite at 4251360 exists in CFG.
Callsite at 4249434 exists in CFG.
Callsite at 4249462 exists in CFG.
Callsite at 4251473 exists in CFG.
Callsite at 4249889 exists in CFG.
Callsite at 4249926 exists in CFG.
Callsite at 4251272 exists in CFG.
Callsite at 4249309 exists in CFG.
Callsite at 4249332 exists in CFG.
Callsite at 4251312 exists in CFG.
Callsite at 4249744 exists in CFG.
Callsite at 4249771 exists in CFG.
Callsite at 4251360 exists in CFG.
Callsite at 4249434 exists in CFG.
Callsite at 4249462 exists in CFG.
Callsite at 4251473 exists in CFG.
Callsite at 4249889 exists in CFG.
Callsite at 4249926 exists in CFG.
Callsite at 4251272 exists in CFG.
Callsite at 4251312 exists in CFG.
Callsite at 4251360 exists in CFG.
Callsite at 4251473 exists in CFG.
Callsite at 4251988 exists in CFG.
Callsite at 4250071 exists in CFG.
Callsite at 4250094 exists in CFG.
Callsite at 4253534 exists in CFG.
Callsite at 4217577 exists in CFG.
Callsite at 4242996 exists in CFG.
Callsite at 4218023 exists in CFG.
Callsite at 4257330 exists in CFG.
Callsite at 4256038 exists in CFG.
Callsite at 4243491 exists in CFG.
Callsite at 4233342 exists in CFG.
Callsite at 4231315 exists in CFG.
Callsite at 4231411 exists in CFG.
Callsite at 4222233 exists in CFG.
Callsite at 46912362189968 not found in CFG.
╔════════════════════════╗
║ MAIN address: 0x40a70e ║
╚════════════════════════╝
Exploring from 0x40b5eb (get_nondigit_option)  to 0x40a9c0 (setmatcher)
	--> 1 paths found
	--> Trace ['0x40b5eb', '0x409bec', '0x404920', '0x5001a8', '0x409c4c', '0x410333', '0x410350', '0x409c59', '0x409cde', '0x409d03', '0x409d1a', '0x40b5f0', '0x40a879', '0x40a889', '0x40a9ae']
Exploring from 0x40a9c0 (setmatcher)  to 0x40b5eb (get_nondigit_option)
	--> 1 paths found
	--> Trace ['0x40a9c0', '0x409ab5', '0x409b4e', '0x409ad1', '0x404a70', '0x500250', '0x409af6', '0x409afa', '0x409b42', '0x409bea', '0x40a9c5', '0x40b5c6']
Exploring from 0x40b5eb (get_nondigit_option)  to 0x40b7dd (update_patterns)
Error finding path to 0x40b7dd: unsupported operand type(s) for +: 'SimFileDescriptorDuplex' and 'int'
Exploring from 0x40b7dd (update_patterns)  to 0x41f757 (hash_pattern)
	--> 1 paths found
	--> Trace ['0x40b7dd', '0x406698', '0x406833', '0x4066f5', '0x404a40', '0x500238', '0x406706', '0x404c40', '0x500338', '0x406731', '0x42080c', '0x42083f', '0x420274', '0x41f72c']
Exploring from 0x41f757 (hash_pattern)  to 0x40bc20 (initialize_unibyte_mask)
	--> No path found from 0x41f757 to 0x40bc20
Exploring from 0x40bc20 (initialize_unibyte_mask)  to 0x40bdea (GEAcompile)
