Traceback (most recent call last):
  File "/home/dinko/exec-proj/src/angr_script.py", line 1, in <module>
    import angr
  File "/home/dinko/exec-proj/venv-execproj/lib/python3.10/site-packages/angr/__init__.py", line 25, in <module>
    from .utils.formatting import setup_terminal
  File "/home/dinko/exec-proj/venv-execproj/lib/python3.10/site-packages/angr/utils/__init__.py", line 6, in <module>
    from . import enums_conv
  File "/home/dinko/exec-proj/venv-execproj/lib/python3.10/site-packages/angr/utils/enums_conv.py", line 7, in <module>
    from angr.protos.primitives_pb2 import Edge
  File "/home/dinko/exec-proj/venv-execproj/lib/python3.10/site-packages/angr/protos/__init__.py", line 12, in <module>
    from . import cfg_pb2
  File "<frozen importlib._bootstrap>", line 1027, in _find_and_load
  File "<frozen importlib._bootstrap>", line 1002, in _find_and_load_unlocked
  File "<frozen importlib._bootstrap>", line 945, in _find_spec
  File "<frozen importlib._bootstrap_external>", line 1439, in find_spec
  File "<frozen importlib._bootstrap_external>", line 1411, in _get_spec
  File "<frozen importlib._bootstrap_external>", line 1577, in find_spec
  File "<frozen importlib._bootstrap_external>", line 161, in _path_isfile
  File "<frozen importlib._bootstrap_external>", line 153, in _path_is_mode_type
  File "<frozen importlib._bootstrap_external>", line 147, in _path_stat
KeyboardInterrupt
