=============== Explore 0 ===============
--> explore count [0]
	--> simgr trace 0: ['0x4472ae', '0x4472d3', '0x417e80', '0x500308', '0x4472ed', '0x4472fa', '0x447300', '0x44730e', '0x4473ab', '0x4473af', '0x447435', '0x447464', '0x447559']


--> explore count [1]
	--> simgr trace 0: ['0x4472ae', '0x4472d3', '0x417e80', '0x500308', '0x4472ed', '0x4472fa', '0x447300', '0x44730e', '0x4473ab', '0x4473af', '0x447435', '0x447464', '0x447559']
	--> simgr trace 1: ['0x4472ae', '0x4472d3', '0x417e80', '0x500308', '0x4472ed', '0x4472fa', '0x447309', '0x4285e7', '0x44730e', '0x4473ab', '0x4473af', '0x447435', '0x447464', '0x447559']
WARNING: simgr multiple found


=============== Explore 1 ===============
--> explore count [0]
	--> simgr trace 0: ['0x4472ae', '0x4472d3', '0x417e80', '0x500308', '0x4472ed', '0x4472fa', '0x447300', '0x44730e', '0x4473ab', '0x4473af', '0x447435', '0x447464', '0x447559', '0x447561', '0x41a4e5', '0x44757c', '0x44748f', '0x447499', '0x4474a4', '0x4474b2', '0x4475e8', '0x4475eb', '0x43c52a', '0x43c557', '0x43c588', '0x43c5cd']
	--> simgr trace 1: ['0x4472ae', '0x4472d3', '0x417e80', '0x500308', '0x4472ed', '0x4472fa', '0x447309', '0x4285e7', '0x44730e', '0x4473ab', '0x4473af', '0x447435', '0x447464', '0x447559', '0x447561', '0x41a4e5', '0x44757c', '0x44748f', '0x447499', '0x4474a4', '0x4474b2', '0x4475e8', '0x4475eb', '0x43c52a', '0x43c557', '0x43c588', '0x43c5cd']
	--> simgr trace 2: ['0x4472ae', '0x4472d3', '0x417e80', '0x500308', '0x4472ed', '0x4472fa', '0x447309', '0x4285e7', '0x44730e', '0x4473ab', '0x4473af', '0x447435', '0x447464', '0x447559', '0x447561', '0x41a4e5', '0x44757c', '0x44748f', '0x447499', '0x4474a4', '0x4474ad', '0x4475e8', '0x4475eb', '0x43c52a', '0x43c557', '0x43c588', '0x43c5cd']
WARNING: simgr multiple found


=============== Explore 2 ===============
--> explore count [0]
	--> simgr trace 0: ['0x4472ae', '0x4472d3', '0x417e80', '0x500308', '0x4472ed', '0x4472fa', '0x447300', '0x44730e', '0x4473ab', '0x4473af', '0x447435', '0x447464', '0x447559', '0x447561', '0x41a4e5', '0x44757c', '0x44748f', '0x447499', '0x4474a4', '0x4474b2', '0x4475e8', '0x4475eb', '0x43c52a', '0x43c557', '0x43c588', '0x43c5cd', '0x43c5d5', '0x41a4e5', '0x43c5f0', '0x43c5a4', '0x43ca48', '0x43ca5e', '0x417a80', '0x500108', '0x43ca75', '0x43c7c1', '0x42a8a1', '0x42a8cb', '0x42a965', '0x42a974', '0x41a4e5', '0x42a999', '0x42ab7c', '0x43c7fc', '0x41b410', '0x440242', '0x418020', '0x5003d8', '0x440277', '0x4402d0', '0x4402d5']
	--> simgr trace 1: ['0x4472ae', '0x4472d3', '0x417e80', '0x500308', '0x4472ed', '0x4472fa', '0x447309', '0x4285e7', '0x44730e', '0x4473ab', '0x4473af', '0x447435', '0x447464', '0x447559', '0x447561', '0x41a4e5', '0x44757c', '0x44748f', '0x447499', '0x4474a4', '0x4474b2', '0x4475e8', '0x4475eb', '0x43c52a', '0x43c557', '0x43c588', '0x43c5cd', '0x43c5d5', '0x41a4e5', '0x43c5f0', '0x43c5a4', '0x43ca48', '0x43ca5e', '0x417a80', '0x500108', '0x43ca75', '0x43c7c1', '0x42a8a1', '0x42a8cb', '0x42a965', '0x42a974', '0x41a4e5', '0x42a999', '0x42ab7c', '0x43c7fc', '0x41b410', '0x440242', '0x418020', '0x5003d8', '0x440277', '0x4402d0', '0x4402d5']
	--> simgr trace 2: ['0x4472ae', '0x4472d3', '0x417e80', '0x500308', '0x4472ed', '0x4472fa', '0x447309', '0x4285e7', '0x44730e', '0x4473ab', '0x4473af', '0x447435', '0x447464', '0x447559', '0x447561', '0x41a4e5', '0x44757c', '0x44748f', '0x447499', '0x4474a4', '0x4474ad', '0x4475e8', '0x4475eb', '0x43c52a', '0x43c557', '0x43c588', '0x43c5cd', '0x43c5d5', '0x41a4e5', '0x43c5f0', '0x43c5a4', '0x43ca48', '0x43ca5e', '0x417a80', '0x500108', '0x43ca75', '0x43c7c1', '0x42a8a1', '0x42a8cb', '0x42a965', '0x42a974', '0x41a4e5', '0x42a999', '0x42ab7c', '0x43c7fc', '0x41b410', '0x440242', '0x418020', '0x5003d8', '0x440277', '0x4402d0', '0x4402d5']
WARNING: simgr multiple found


=============== Explore 3 ===============
--> explore count [0]


=============== Explore 4 ===============
--> explore count [0]


